<!DOCTYPE HTML PUBLIC "-//W3C//DTD HTML 4.01 Transitional//EN" "http://www.w3.org/TR/html4/loose.dtd">
<html>
<head>
<meta charset="UTF-8"/>
<title>Automation Execution Logs</title>
<style type="text/css">
<!--
body, table {font-family:arial,sans-serif; font-size: medium
;}th {background: #336699; color: #FFFFFF; text-align: left;}
-->
</style>
</head>
<body bgcolor="#FFFFFF" topmargin="6" leftmargin="6">
<hr size="1" noshade="noshade">
Log session start time Tue Feb 01 23:50:41 IST 2022<br>
<br>
<table cellspacing="0" cellpadding="4" border="1" bordercolor="#224466" width="100%">
<tr>
<th>Time</th>
<th>Thread</th>
<th>Level</th>
<th>Logger</th>
<th>File:Line</th>
<th>Message</th>
</tr>

<tr>
<td>01-02-2022 23:50:41,0857</td>
<td title="main thread">main</td>
<td title="Level"><font color="#339933">DEBUG</font></td>
<td title="io.netty.util.internal.logging.InternalLoggerFactory logger">io.netty.util.internal.logging.InternalLoggerFactory</td>
<td>InternalLoggerFactory.java:76</td>
<td title="Message">Using Log4J2 as the default logging framework</td>
</tr>

<tr>
<td>01-02-2022 23:50:41,0863</td>
<td title="main thread">main</td>
<td title="Level"><font color="#339933">DEBUG</font></td>
<td title="io.netty.util.ResourceLeakDetector logger">io.netty.util.ResourceLeakDetector</td>
<td>ResourceLeakDetector.java:129</td>
<td title="Message">-Dio.netty.leakDetection.level: simple</td>
</tr>

<tr>
<td>01-02-2022 23:50:41,0864</td>
<td title="main thread">main</td>
<td title="Level"><font color="#339933">DEBUG</font></td>
<td title="io.netty.util.ResourceLeakDetector logger">io.netty.util.ResourceLeakDetector</td>
<td>ResourceLeakDetector.java:130</td>
<td title="Message">-Dio.netty.leakDetection.targetRecords: 4</td>
</tr>

<tr>
<td>01-02-2022 23:50:41,0868</td>
<td title="main thread">main</td>
<td title="Level"><font color="#339933">DEBUG</font></td>
<td title="io.netty.util.ResourceLeakDetectorFactory logger">io.netty.util.ResourceLeakDetectorFactory</td>
<td>ResourceLeakDetectorFactory.java:196</td>
<td title="Message">Loaded default ResourceLeakDetector: io.netty.util.ResourceLeakDetector@4b45dcb8</td>
</tr>

<tr>
<td>01-02-2022 23:50:41,0884</td>
<td title="main thread">main</td>
<td title="Level"><font color="#339933">DEBUG</font></td>
<td title="io.netty.util.internal.PlatformDependent0 logger">io.netty.util.internal.PlatformDependent0</td>
<td>PlatformDependent0.java:460</td>
<td title="Message">-Dio.netty.noUnsafe: false</td>
</tr>

<tr>
<td>01-02-2022 23:50:41,0884</td>
<td title="main thread">main</td>
<td title="Level"><font color="#339933">DEBUG</font></td>
<td title="io.netty.util.internal.PlatformDependent0 logger">io.netty.util.internal.PlatformDependent0</td>
<td>PlatformDependent0.java:954</td>
<td title="Message">Java version: 8</td>
</tr>

<tr>
<td>01-02-2022 23:50:41,0885</td>
<td title="main thread">main</td>
<td title="Level"><font color="#339933">DEBUG</font></td>
<td title="io.netty.util.internal.PlatformDependent0 logger">io.netty.util.internal.PlatformDependent0</td>
<td>PlatformDependent0.java:135</td>
<td title="Message">sun.misc.Unsafe.theUnsafe: available</td>
</tr>

<tr>
<td>01-02-2022 23:50:41,0886</td>
<td title="main thread">main</td>
<td title="Level"><font color="#339933">DEBUG</font></td>
<td title="io.netty.util.internal.PlatformDependent0 logger">io.netty.util.internal.PlatformDependent0</td>
<td>PlatformDependent0.java:159</td>
<td title="Message">sun.misc.Unsafe.copyMemory: available</td>
</tr>

<tr>
<td>01-02-2022 23:50:41,0886</td>
<td title="main thread">main</td>
<td title="Level"><font color="#339933">DEBUG</font></td>
<td title="io.netty.util.internal.PlatformDependent0 logger">io.netty.util.internal.PlatformDependent0</td>
<td>PlatformDependent0.java:202</td>
<td title="Message">java.nio.Buffer.address: available</td>
</tr>

<tr>
<td>01-02-2022 23:50:41,0887</td>
<td title="main thread">main</td>
<td title="Level"><font color="#339933">DEBUG</font></td>
<td title="io.netty.util.internal.PlatformDependent0 logger">io.netty.util.internal.PlatformDependent0</td>
<td>PlatformDependent0.java:272</td>
<td title="Message">direct buffer constructor: available</td>
</tr>

<tr>
<td>01-02-2022 23:50:41,0887</td>
<td title="main thread">main</td>
<td title="Level"><font color="#339933">DEBUG</font></td>
<td title="io.netty.util.internal.PlatformDependent0 logger">io.netty.util.internal.PlatformDependent0</td>
<td>PlatformDependent0.java:350</td>
<td title="Message">java.nio.Bits.unaligned: available, true</td>
</tr>

<tr>
<td>01-02-2022 23:50:41,0888</td>
<td title="main thread">main</td>
<td title="Level"><font color="#339933">DEBUG</font></td>
<td title="io.netty.util.internal.PlatformDependent0 logger">io.netty.util.internal.PlatformDependent0</td>
<td>PlatformDependent0.java:424</td>
<td title="Message">jdk.internal.misc.Unsafe.allocateUninitializedArray(int): unavailable prior to Java9</td>
</tr>

<tr>
<td>01-02-2022 23:50:41,0888</td>
<td title="main thread">main</td>
<td title="Level"><font color="#339933">DEBUG</font></td>
<td title="io.netty.util.internal.PlatformDependent0 logger">io.netty.util.internal.PlatformDependent0</td>
<td>PlatformDependent0.java:446</td>
<td title="Message">java.nio.DirectByteBuffer.&lt;init&gt;(long, int): available</td>
</tr>

<tr>
<td>01-02-2022 23:50:41,0888</td>
<td title="main thread">main</td>
<td title="Level"><font color="#339933">DEBUG</font></td>
<td title="io.netty.util.internal.PlatformDependent logger">io.netty.util.internal.PlatformDependent</td>
<td>PlatformDependent.java:1103</td>
<td title="Message">sun.misc.Unsafe: available</td>
</tr>

<tr>
<td>01-02-2022 23:50:41,0888</td>
<td title="main thread">main</td>
<td title="Level"><font color="#339933">DEBUG</font></td>
<td title="io.netty.util.internal.PlatformDependent logger">io.netty.util.internal.PlatformDependent</td>
<td>PlatformDependent.java:1224</td>
<td title="Message">-Dio.netty.tmpdir: C:\Users\MAYUR\AppData\Local\Temp (java.io.tmpdir)</td>
</tr>

<tr>
<td>01-02-2022 23:50:41,0889</td>
<td title="main thread">main</td>
<td title="Level"><font color="#339933">DEBUG</font></td>
<td title="io.netty.util.internal.PlatformDependent logger">io.netty.util.internal.PlatformDependent</td>
<td>PlatformDependent.java:1303</td>
<td title="Message">-Dio.netty.bitMode: 64 (sun.arch.data.model)</td>
</tr>

<tr>
<td>01-02-2022 23:50:41,0889</td>
<td title="main thread">main</td>
<td title="Level"><font color="#339933">DEBUG</font></td>
<td title="io.netty.util.internal.PlatformDependent logger">io.netty.util.internal.PlatformDependent</td>
<td>PlatformDependent.java:1063</td>
<td title="Message">Platform: Windows</td>
</tr>

<tr>
<td>01-02-2022 23:50:41,0890</td>
<td title="main thread">main</td>
<td title="Level"><font color="#339933">DEBUG</font></td>
<td title="io.netty.util.internal.PlatformDependent logger">io.netty.util.internal.PlatformDependent</td>
<td>PlatformDependent.java:178</td>
<td title="Message">-Dio.netty.maxDirectMemory: 1760034816 bytes</td>
</tr>

<tr>
<td>01-02-2022 23:50:41,0890</td>
<td title="main thread">main</td>
<td title="Level"><font color="#339933">DEBUG</font></td>
<td title="io.netty.util.internal.PlatformDependent logger">io.netty.util.internal.PlatformDependent</td>
<td>PlatformDependent.java:185</td>
<td title="Message">-Dio.netty.uninitializedArrayAllocationThreshold: -1</td>
</tr>

<tr>
<td>01-02-2022 23:50:41,0891</td>
<td title="main thread">main</td>
<td title="Level"><font color="#339933">DEBUG</font></td>
<td title="io.netty.util.internal.CleanerJava6 logger">io.netty.util.internal.CleanerJava6</td>
<td>CleanerJava6.java:92</td>
<td title="Message">java.nio.ByteBuffer.cleaner(): available</td>
</tr>

<tr>
<td>01-02-2022 23:50:41,0891</td>
<td title="main thread">main</td>
<td title="Level"><font color="#339933">DEBUG</font></td>
<td title="io.netty.util.internal.PlatformDependent logger">io.netty.util.internal.PlatformDependent</td>
<td>PlatformDependent.java:205</td>
<td title="Message">-Dio.netty.noPreferDirect: false</td>
</tr>

<tr>
<td>01-02-2022 23:50:41,0897</td>
<td title="main thread">main</td>
<td title="Level"><font color="#339933">DEBUG</font></td>
<td title="io.netty.util.internal.PlatformDependent logger">io.netty.util.internal.PlatformDependent</td>
<td>PlatformDependent.java:967</td>
<td title="Message">org.jctools-core.MpscChunkedArrayQueue: available</td>
</tr>

<tr>
<td>01-02-2022 23:50:41,0909</td>
<td title="main thread">main</td>
<td title="Level"><font color="#339933">DEBUG</font></td>
<td title="io.netty.util.internal.InternalThreadLocalMap logger">io.netty.util.internal.InternalThreadLocalMap</td>
<td>InternalThreadLocalMap.java:83</td>
<td title="Message">-Dio.netty.threadLocalMap.stringBuilder.initialSize: 1024</td>
</tr>

<tr>
<td>01-02-2022 23:50:41,0909</td>
<td title="main thread">main</td>
<td title="Level"><font color="#339933">DEBUG</font></td>
<td title="io.netty.util.internal.InternalThreadLocalMap logger">io.netty.util.internal.InternalThreadLocalMap</td>
<td>InternalThreadLocalMap.java:86</td>
<td title="Message">-Dio.netty.threadLocalMap.stringBuilder.maxSize: 4096</td>
</tr>

<tr>
<td>01-02-2022 23:50:41,0918</td>
<td title="main thread">main</td>
<td title="Level"><font color="#339933">DEBUG</font></td>
<td title="io.netty.handler.ssl.JdkSslContext logger">io.netty.handler.ssl.JdkSslContext</td>
<td>JdkSslContext.java:97</td>
<td title="Message">Default protocols (JDK): [TLSv1.2, TLSv1.1, TLSv1] </td>
</tr>

<tr>
<td>01-02-2022 23:50:41,0919</td>
<td title="main thread">main</td>
<td title="Level"><font color="#339933">DEBUG</font></td>
<td title="io.netty.handler.ssl.JdkSslContext logger">io.netty.handler.ssl.JdkSslContext</td>
<td>JdkSslContext.java:98</td>
<td title="Message">Default cipher suites (JDK): [TLS_ECDHE_ECDSA_WITH_AES_256_GCM_SHA384, TLS_ECDHE_ECDSA_WITH_AES_128_GCM_SHA256, TLS_ECDHE_RSA_WITH_AES_128_GCM_SHA256, TLS_ECDHE_RSA_WITH_AES_256_GCM_SHA384, TLS_ECDHE_RSA_WITH_AES_128_CBC_SHA, TLS_ECDHE_RSA_WITH_AES_256_CBC_SHA, TLS_RSA_WITH_AES_128_GCM_SHA256, TLS_RSA_WITH_AES_128_CBC_SHA, TLS_RSA_WITH_AES_256_CBC_SHA]</td>
</tr>

<tr>
<td>01-02-2022 23:50:41,0937</td>
<td title="main thread">main</td>
<td title="Level"><font color="#339933">DEBUG</font></td>
<td title="io.netty.channel.MultithreadEventLoopGroup logger">io.netty.channel.MultithreadEventLoopGroup</td>
<td>MultithreadEventLoopGroup.java:44</td>
<td title="Message">-Dio.netty.eventLoopThreads: 24</td>
</tr>

<tr>
<td>01-02-2022 23:50:41,0943</td>
<td title="main thread">main</td>
<td title="Level"><font color="#339933">DEBUG</font></td>
<td title="io.netty.channel.nio.NioEventLoop logger">io.netty.channel.nio.NioEventLoop</td>
<td>NioEventLoop.java:106</td>
<td title="Message">-Dio.netty.noKeySetOptimization: false</td>
</tr>

<tr>
<td>01-02-2022 23:50:41,0943</td>
<td title="main thread">main</td>
<td title="Level"><font color="#339933">DEBUG</font></td>
<td title="io.netty.channel.nio.NioEventLoop logger">io.netty.channel.nio.NioEventLoop</td>
<td>NioEventLoop.java:107</td>
<td title="Message">-Dio.netty.selectorAutoRebuildThreshold: 512</td>
</tr>

<tr>
<td>01-02-2022 23:50:41,0950</td>
<td title="main thread">main</td>
<td title="Level">TRACE</td>
<td title="io.netty.channel.nio.NioEventLoop logger">io.netty.channel.nio.NioEventLoop</td>
<td>NioEventLoop.java:260</td>
<td title="Message">instrumented a special java.util.Set into: sun.nio.ch.WindowsSelectorImpl@41813449</td>
</tr>

<tr>
<td>01-02-2022 23:50:41,0951</td>
<td title="main thread">main</td>
<td title="Level">TRACE</td>
<td title="io.netty.channel.nio.NioEventLoop logger">io.netty.channel.nio.NioEventLoop</td>
<td>NioEventLoop.java:260</td>
<td title="Message">instrumented a special java.util.Set into: sun.nio.ch.WindowsSelectorImpl@1080b026</td>
</tr>

<tr>
<td>01-02-2022 23:50:41,0952</td>
<td title="main thread">main</td>
<td title="Level">TRACE</td>
<td title="io.netty.channel.nio.NioEventLoop logger">io.netty.channel.nio.NioEventLoop</td>
<td>NioEventLoop.java:260</td>
<td title="Message">instrumented a special java.util.Set into: sun.nio.ch.WindowsSelectorImpl@58ebfd03</td>
</tr>

<tr>
<td>01-02-2022 23:50:41,0953</td>
<td title="main thread">main</td>
<td title="Level">TRACE</td>
<td title="io.netty.channel.nio.NioEventLoop logger">io.netty.channel.nio.NioEventLoop</td>
<td>NioEventLoop.java:260</td>
<td title="Message">instrumented a special java.util.Set into: sun.nio.ch.WindowsSelectorImpl@5b07730f</td>
</tr>

<tr>
<td>01-02-2022 23:50:41,0953</td>
<td title="main thread">main</td>
<td title="Level">TRACE</td>
<td title="io.netty.channel.nio.NioEventLoop logger">io.netty.channel.nio.NioEventLoop</td>
<td>NioEventLoop.java:260</td>
<td title="Message">instrumented a special java.util.Set into: sun.nio.ch.WindowsSelectorImpl@1fdfafd2</td>
</tr>

<tr>
<td>01-02-2022 23:50:41,0954</td>
<td title="main thread">main</td>
<td title="Level">TRACE</td>
<td title="io.netty.channel.nio.NioEventLoop logger">io.netty.channel.nio.NioEventLoop</td>
<td>NioEventLoop.java:260</td>
<td title="Message">instrumented a special java.util.Set into: sun.nio.ch.WindowsSelectorImpl@a4b2d8f</td>
</tr>

<tr>
<td>01-02-2022 23:50:41,0955</td>
<td title="main thread">main</td>
<td title="Level">TRACE</td>
<td title="io.netty.channel.nio.NioEventLoop logger">io.netty.channel.nio.NioEventLoop</td>
<td>NioEventLoop.java:260</td>
<td title="Message">instrumented a special java.util.Set into: sun.nio.ch.WindowsSelectorImpl@dcfda20</td>
</tr>

<tr>
<td>01-02-2022 23:50:41,0956</td>
<td title="main thread">main</td>
<td title="Level">TRACE</td>
<td title="io.netty.channel.nio.NioEventLoop logger">io.netty.channel.nio.NioEventLoop</td>
<td>NioEventLoop.java:260</td>
<td title="Message">instrumented a special java.util.Set into: sun.nio.ch.WindowsSelectorImpl@6d304f9d</td>
</tr>

<tr>
<td>01-02-2022 23:50:41,0957</td>
<td title="main thread">main</td>
<td title="Level">TRACE</td>
<td title="io.netty.channel.nio.NioEventLoop logger">io.netty.channel.nio.NioEventLoop</td>
<td>NioEventLoop.java:260</td>
<td title="Message">instrumented a special java.util.Set into: sun.nio.ch.WindowsSelectorImpl@f73dcd6</td>
</tr>

<tr>
<td>01-02-2022 23:50:41,0957</td>
<td title="main thread">main</td>
<td title="Level">TRACE</td>
<td title="io.netty.channel.nio.NioEventLoop logger">io.netty.channel.nio.NioEventLoop</td>
<td>NioEventLoop.java:260</td>
<td title="Message">instrumented a special java.util.Set into: sun.nio.ch.WindowsSelectorImpl@5c87bfe2</td>
</tr>

<tr>
<td>01-02-2022 23:50:41,0958</td>
<td title="main thread">main</td>
<td title="Level">TRACE</td>
<td title="io.netty.channel.nio.NioEventLoop logger">io.netty.channel.nio.NioEventLoop</td>
<td>NioEventLoop.java:260</td>
<td title="Message">instrumented a special java.util.Set into: sun.nio.ch.WindowsSelectorImpl@2fea7088</td>
</tr>

<tr>
<td>01-02-2022 23:50:41,0959</td>
<td title="main thread">main</td>
<td title="Level">TRACE</td>
<td title="io.netty.channel.nio.NioEventLoop logger">io.netty.channel.nio.NioEventLoop</td>
<td>NioEventLoop.java:260</td>
<td title="Message">instrumented a special java.util.Set into: sun.nio.ch.WindowsSelectorImpl@40499e4f</td>
</tr>

<tr>
<td>01-02-2022 23:50:41,0960</td>
<td title="main thread">main</td>
<td title="Level">TRACE</td>
<td title="io.netty.channel.nio.NioEventLoop logger">io.netty.channel.nio.NioEventLoop</td>
<td>NioEventLoop.java:260</td>
<td title="Message">instrumented a special java.util.Set into: sun.nio.ch.WindowsSelectorImpl@51cd7ffc</td>
</tr>

<tr>
<td>01-02-2022 23:50:41,0960</td>
<td title="main thread">main</td>
<td title="Level">TRACE</td>
<td title="io.netty.channel.nio.NioEventLoop logger">io.netty.channel.nio.NioEventLoop</td>
<td>NioEventLoop.java:260</td>
<td title="Message">instrumented a special java.util.Set into: sun.nio.ch.WindowsSelectorImpl@30d4b288</td>
</tr>

<tr>
<td>01-02-2022 23:50:41,0961</td>
<td title="main thread">main</td>
<td title="Level">TRACE</td>
<td title="io.netty.channel.nio.NioEventLoop logger">io.netty.channel.nio.NioEventLoop</td>
<td>NioEventLoop.java:260</td>
<td title="Message">instrumented a special java.util.Set into: sun.nio.ch.WindowsSelectorImpl@4cc6fa2a</td>
</tr>

<tr>
<td>01-02-2022 23:50:41,0962</td>
<td title="main thread">main</td>
<td title="Level">TRACE</td>
<td title="io.netty.channel.nio.NioEventLoop logger">io.netty.channel.nio.NioEventLoop</td>
<td>NioEventLoop.java:260</td>
<td title="Message">instrumented a special java.util.Set into: sun.nio.ch.WindowsSelectorImpl@40f1be1b</td>
</tr>

<tr>
<td>01-02-2022 23:50:41,0963</td>
<td title="main thread">main</td>
<td title="Level">TRACE</td>
<td title="io.netty.channel.nio.NioEventLoop logger">io.netty.channel.nio.NioEventLoop</td>
<td>NioEventLoop.java:260</td>
<td title="Message">instrumented a special java.util.Set into: sun.nio.ch.WindowsSelectorImpl@7a791b66</td>
</tr>

<tr>
<td>01-02-2022 23:50:41,0964</td>
<td title="main thread">main</td>
<td title="Level">TRACE</td>
<td title="io.netty.channel.nio.NioEventLoop logger">io.netty.channel.nio.NioEventLoop</td>
<td>NioEventLoop.java:260</td>
<td title="Message">instrumented a special java.util.Set into: sun.nio.ch.WindowsSelectorImpl@6f2cb653</td>
</tr>

<tr>
<td>01-02-2022 23:50:41,0965</td>
<td title="main thread">main</td>
<td title="Level">TRACE</td>
<td title="io.netty.channel.nio.NioEventLoop logger">io.netty.channel.nio.NioEventLoop</td>
<td>NioEventLoop.java:260</td>
<td title="Message">instrumented a special java.util.Set into: sun.nio.ch.WindowsSelectorImpl@14c01636</td>
</tr>

<tr>
<td>01-02-2022 23:50:41,0965</td>
<td title="main thread">main</td>
<td title="Level">TRACE</td>
<td title="io.netty.channel.nio.NioEventLoop logger">io.netty.channel.nio.NioEventLoop</td>
<td>NioEventLoop.java:260</td>
<td title="Message">instrumented a special java.util.Set into: sun.nio.ch.WindowsSelectorImpl@590c73d3</td>
</tr>

<tr>
<td>01-02-2022 23:50:41,0966</td>
<td title="main thread">main</td>
<td title="Level">TRACE</td>
<td title="io.netty.channel.nio.NioEventLoop logger">io.netty.channel.nio.NioEventLoop</td>
<td>NioEventLoop.java:260</td>
<td title="Message">instrumented a special java.util.Set into: sun.nio.ch.WindowsSelectorImpl@6b9ce1bf</td>
</tr>

<tr>
<td>01-02-2022 23:50:41,0967</td>
<td title="main thread">main</td>
<td title="Level">TRACE</td>
<td title="io.netty.channel.nio.NioEventLoop logger">io.netty.channel.nio.NioEventLoop</td>
<td>NioEventLoop.java:260</td>
<td title="Message">instrumented a special java.util.Set into: sun.nio.ch.WindowsSelectorImpl@61884cb1</td>
</tr>

<tr>
<td>01-02-2022 23:50:41,0968</td>
<td title="main thread">main</td>
<td title="Level">TRACE</td>
<td title="io.netty.channel.nio.NioEventLoop logger">io.netty.channel.nio.NioEventLoop</td>
<td>NioEventLoop.java:260</td>
<td title="Message">instrumented a special java.util.Set into: sun.nio.ch.WindowsSelectorImpl@75ed9710</td>
</tr>

<tr>
<td>01-02-2022 23:50:41,0969</td>
<td title="main thread">main</td>
<td title="Level">TRACE</td>
<td title="io.netty.channel.nio.NioEventLoop logger">io.netty.channel.nio.NioEventLoop</td>
<td>NioEventLoop.java:260</td>
<td title="Message">instrumented a special java.util.Set into: sun.nio.ch.WindowsSelectorImpl@4fc5e095</td>
</tr>

<tr>
<td>01-02-2022 23:50:41,0985</td>
<td title="main thread">main</td>
<td title="Level"><font color="#339933">DEBUG</font></td>
<td title="io.netty.buffer.PooledByteBufAllocator logger">io.netty.buffer.PooledByteBufAllocator</td>
<td>PooledByteBufAllocator.java:155</td>
<td title="Message">-Dio.netty.allocator.numHeapArenas: 17</td>
</tr>

<tr>
<td>01-02-2022 23:50:41,0986</td>
<td title="main thread">main</td>
<td title="Level"><font color="#339933">DEBUG</font></td>
<td title="io.netty.buffer.PooledByteBufAllocator logger">io.netty.buffer.PooledByteBufAllocator</td>
<td>PooledByteBufAllocator.java:156</td>
<td title="Message">-Dio.netty.allocator.numDirectArenas: 17</td>
</tr>

<tr>
<td>01-02-2022 23:50:41,0986</td>
<td title="main thread">main</td>
<td title="Level"><font color="#339933">DEBUG</font></td>
<td title="io.netty.buffer.PooledByteBufAllocator logger">io.netty.buffer.PooledByteBufAllocator</td>
<td>PooledByteBufAllocator.java:158</td>
<td title="Message">-Dio.netty.allocator.pageSize: 8192</td>
</tr>

<tr>
<td>01-02-2022 23:50:41,0986</td>
<td title="main thread">main</td>
<td title="Level"><font color="#339933">DEBUG</font></td>
<td title="io.netty.buffer.PooledByteBufAllocator logger">io.netty.buffer.PooledByteBufAllocator</td>
<td>PooledByteBufAllocator.java:163</td>
<td title="Message">-Dio.netty.allocator.maxOrder: 11</td>
</tr>

<tr>
<td>01-02-2022 23:50:41,0986</td>
<td title="main thread">main</td>
<td title="Level"><font color="#339933">DEBUG</font></td>
<td title="io.netty.buffer.PooledByteBufAllocator logger">io.netty.buffer.PooledByteBufAllocator</td>
<td>PooledByteBufAllocator.java:167</td>
<td title="Message">-Dio.netty.allocator.chunkSize: 16777216</td>
</tr>

<tr>
<td>01-02-2022 23:50:41,0986</td>
<td title="main thread">main</td>
<td title="Level"><font color="#339933">DEBUG</font></td>
<td title="io.netty.buffer.PooledByteBufAllocator logger">io.netty.buffer.PooledByteBufAllocator</td>
<td>PooledByteBufAllocator.java:168</td>
<td title="Message">-Dio.netty.allocator.smallCacheSize: 256</td>
</tr>

<tr>
<td>01-02-2022 23:50:41,0986</td>
<td title="main thread">main</td>
<td title="Level"><font color="#339933">DEBUG</font></td>
<td title="io.netty.buffer.PooledByteBufAllocator logger">io.netty.buffer.PooledByteBufAllocator</td>
<td>PooledByteBufAllocator.java:169</td>
<td title="Message">-Dio.netty.allocator.normalCacheSize: 64</td>
</tr>

<tr>
<td>01-02-2022 23:50:41,0987</td>
<td title="main thread">main</td>
<td title="Level"><font color="#339933">DEBUG</font></td>
<td title="io.netty.buffer.PooledByteBufAllocator logger">io.netty.buffer.PooledByteBufAllocator</td>
<td>PooledByteBufAllocator.java:170</td>
<td title="Message">-Dio.netty.allocator.maxCachedBufferCapacity: 32768</td>
</tr>

<tr>
<td>01-02-2022 23:50:41,0987</td>
<td title="main thread">main</td>
<td title="Level"><font color="#339933">DEBUG</font></td>
<td title="io.netty.buffer.PooledByteBufAllocator logger">io.netty.buffer.PooledByteBufAllocator</td>
<td>PooledByteBufAllocator.java:171</td>
<td title="Message">-Dio.netty.allocator.cacheTrimInterval: 8192</td>
</tr>

<tr>
<td>01-02-2022 23:50:41,0987</td>
<td title="main thread">main</td>
<td title="Level"><font color="#339933">DEBUG</font></td>
<td title="io.netty.buffer.PooledByteBufAllocator logger">io.netty.buffer.PooledByteBufAllocator</td>
<td>PooledByteBufAllocator.java:172</td>
<td title="Message">-Dio.netty.allocator.cacheTrimIntervalMillis: 0</td>
</tr>

<tr>
<td>01-02-2022 23:50:41,0987</td>
<td title="main thread">main</td>
<td title="Level"><font color="#339933">DEBUG</font></td>
<td title="io.netty.buffer.PooledByteBufAllocator logger">io.netty.buffer.PooledByteBufAllocator</td>
<td>PooledByteBufAllocator.java:173</td>
<td title="Message">-Dio.netty.allocator.useCacheForAllThreads: true</td>
</tr>

<tr>
<td>01-02-2022 23:50:41,0988</td>
<td title="main thread">main</td>
<td title="Level"><font color="#339933">DEBUG</font></td>
<td title="io.netty.buffer.PooledByteBufAllocator logger">io.netty.buffer.PooledByteBufAllocator</td>
<td>PooledByteBufAllocator.java:174</td>
<td title="Message">-Dio.netty.allocator.maxCachedByteBuffersPerChunk: 1023</td>
</tr>

<tr>
<td>01-02-2022 23:50:41,0996</td>
<td title="main thread">main</td>
<td title="Level"><font color="#339933">DEBUG</font></td>
<td title="io.netty.buffer.ByteBufUtil logger">io.netty.buffer.ByteBufUtil</td>
<td>ByteBufUtil.java:87</td>
<td title="Message">-Dio.netty.allocator.type: pooled</td>
</tr>

<tr>
<td>01-02-2022 23:50:41,0996</td>
<td title="main thread">main</td>
<td title="Level"><font color="#339933">DEBUG</font></td>
<td title="io.netty.buffer.ByteBufUtil logger">io.netty.buffer.ByteBufUtil</td>
<td>ByteBufUtil.java:96</td>
<td title="Message">-Dio.netty.threadLocalDirectBufferSize: 0</td>
</tr>

<tr>
<td>01-02-2022 23:50:41,0996</td>
<td title="main thread">main</td>
<td title="Level"><font color="#339933">DEBUG</font></td>
<td title="io.netty.buffer.ByteBufUtil logger">io.netty.buffer.ByteBufUtil</td>
<td>ByteBufUtil.java:99</td>
<td title="Message">-Dio.netty.maxThreadLocalCharBufferSize: 16384</td>
</tr>

<tr>
<td>01-02-2022 23:50:42,0721</td>
<td title="main thread">main</td>
<td title="Level"><font color="#339933">DEBUG</font></td>
<td title="io.netty.channel.DefaultChannelId logger">io.netty.channel.DefaultChannelId</td>
<td>DefaultChannelId.java:79</td>
<td title="Message">-Dio.netty.processId: 10232 (auto-detected)</td>
</tr>

<tr>
<td>01-02-2022 23:50:42,0724</td>
<td title="main thread">main</td>
<td title="Level"><font color="#339933">DEBUG</font></td>
<td title="io.netty.util.NetUtil logger">io.netty.util.NetUtil</td>
<td>NetUtil.java:135</td>
<td title="Message">-Djava.net.preferIPv4Stack: false</td>
</tr>

<tr>
<td>01-02-2022 23:50:42,0724</td>
<td title="main thread">main</td>
<td title="Level"><font color="#339933">DEBUG</font></td>
<td title="io.netty.util.NetUtil logger">io.netty.util.NetUtil</td>
<td>NetUtil.java:136</td>
<td title="Message">-Djava.net.preferIPv6Addresses: false</td>
</tr>

<tr>
<td>01-02-2022 23:50:42,0820</td>
<td title="main thread">main</td>
<td title="Level"><font color="#339933">DEBUG</font></td>
<td title="io.netty.util.NetUtilInitializations logger">io.netty.util.NetUtilInitializations</td>
<td>NetUtilInitializations.java:129</td>
<td title="Message">Loopback interface: lo (Software Loopback Interface 1, 127.0.0.1)</td>
</tr>

<tr>
<td>01-02-2022 23:50:42,0821</td>
<td title="main thread">main</td>
<td title="Level"><font color="#339933">DEBUG</font></td>
<td title="io.netty.util.NetUtil logger">io.netty.util.NetUtil</td>
<td>NetUtil.java:187</td>
<td title="Message">Failed to get SOMAXCONN from sysctl and file \proc\sys\net\core\somaxconn. Default: 200</td>
</tr>

<tr>
<td>01-02-2022 23:50:42,0916</td>
<td title="main thread">main</td>
<td title="Level"><font color="#339933">DEBUG</font></td>
<td title="io.netty.channel.DefaultChannelId logger">io.netty.channel.DefaultChannelId</td>
<td>DefaultChannelId.java:101</td>
<td title="Message">-Dio.netty.machineId: 38:fc:98:ff:fe:8b:87:ce (auto-detected)</td>
</tr>

<tr>
<td>01-02-2022 23:50:42,0963</td>
<td title="AsyncHttpClient-1-2 thread">AsyncHttpClient-1-2</td>
<td title="Level"><font color="#339933">DEBUG</font></td>
<td title="io.netty.buffer.AbstractByteBuf logger">io.netty.buffer.AbstractByteBuf</td>
<td>AbstractByteBuf.java:63</td>
<td title="Message">-Dio.netty.buffer.checkAccessible: true</td>
</tr>

<tr>
<td>01-02-2022 23:50:42,0964</td>
<td title="AsyncHttpClient-1-2 thread">AsyncHttpClient-1-2</td>
<td title="Level"><font color="#339933">DEBUG</font></td>
<td title="io.netty.buffer.AbstractByteBuf logger">io.netty.buffer.AbstractByteBuf</td>
<td>AbstractByteBuf.java:64</td>
<td title="Message">-Dio.netty.buffer.checkBounds: true</td>
</tr>

<tr>
<td>01-02-2022 23:50:42,0964</td>
<td title="AsyncHttpClient-1-2 thread">AsyncHttpClient-1-2</td>
<td title="Level"><font color="#339933">DEBUG</font></td>
<td title="io.netty.util.ResourceLeakDetectorFactory logger">io.netty.util.ResourceLeakDetectorFactory</td>
<td>ResourceLeakDetectorFactory.java:196</td>
<td title="Message">Loaded default ResourceLeakDetector: io.netty.util.ResourceLeakDetector@498f308c</td>
</tr>

<tr>
<td>01-02-2022 23:50:42,0982</td>
<td title="AsyncHttpClient-1-2 thread">AsyncHttpClient-1-2</td>
<td title="Level"><font color="#339933">DEBUG</font></td>
<td title="io.netty.util.Recycler logger">io.netty.util.Recycler</td>
<td>Recycler.java:103</td>
<td title="Message">-Dio.netty.recycler.maxCapacityPerThread: 4096</td>
</tr>

<tr>
<td>01-02-2022 23:50:42,0983</td>
<td title="AsyncHttpClient-1-2 thread">AsyncHttpClient-1-2</td>
<td title="Level"><font color="#339933">DEBUG</font></td>
<td title="io.netty.util.Recycler logger">io.netty.util.Recycler</td>
<td>Recycler.java:104</td>
<td title="Message">-Dio.netty.recycler.maxSharedCapacityFactor: 2</td>
</tr>

<tr>
<td>01-02-2022 23:50:42,0983</td>
<td title="AsyncHttpClient-1-2 thread">AsyncHttpClient-1-2</td>
<td title="Level"><font color="#339933">DEBUG</font></td>
<td title="io.netty.util.Recycler logger">io.netty.util.Recycler</td>
<td>Recycler.java:105</td>
<td title="Message">-Dio.netty.recycler.linkCapacity: 16</td>
</tr>

<tr>
<td>01-02-2022 23:50:42,0983</td>
<td title="AsyncHttpClient-1-2 thread">AsyncHttpClient-1-2</td>
<td title="Level"><font color="#339933">DEBUG</font></td>
<td title="io.netty.util.Recycler logger">io.netty.util.Recycler</td>
<td>Recycler.java:106</td>
<td title="Message">-Dio.netty.recycler.ratio: 8</td>
</tr>

<tr>
<td>01-02-2022 23:50:42,0983</td>
<td title="AsyncHttpClient-1-2 thread">AsyncHttpClient-1-2</td>
<td title="Level"><font color="#339933">DEBUG</font></td>
<td title="io.netty.util.Recycler logger">io.netty.util.Recycler</td>
<td>Recycler.java:107</td>
<td title="Message">-Dio.netty.recycler.delayedQueue.ratio: 8</td>
</tr>

<tr>
<td>01-02-2022 23:50:43,0536</td>
<td title="AsyncHttpClient-1-2 thread">AsyncHttpClient-1-2</td>
<td title="Level"><font color="#339933">DEBUG</font></td>
<td title="io.netty.handler.codec.compression.Brotli logger">io.netty.handler.codec.compression.Brotli</td>
<td>Brotli.java:38</td>
<td title="Message">brotli4j not in the classpath; Brotli support will be unavailable.</td>
</tr>

<tr>
<td>01-02-2022 23:50:43,0641</td>
<td title="main thread">main</td>
<td title="Level"><font color="#339933">DEBUG</font></td>
<td title="io.netty.util.internal.ThreadLocalRandom logger">io.netty.util.internal.ThreadLocalRandom</td>
<td>ThreadLocalRandom.java:214</td>
<td title="Message">-Dio.netty.initialSeedUniquifier: 0xfebb846cd18d44bb</td>
</tr>

<tr>
<td>01-02-2022 23:50:43,0823</td>
<td title="main thread">main</td>
<td title="Level"><font color="#339933">DEBUG</font></td>
<td title="suites.appsuites.CashBackSuite logger">suites.appsuites.CashBackSuite</td>
<td>FrameworkBaseSuite.java:23</td>
<td title="Message">Getting global parent window handle</td>
</tr>

<tr>
<td>01-02-2022 23:50:43,0829</td>
<td title="main thread">main</td>
<td title="Level"><font color="#339933">DEBUG</font></td>
<td title="suites.appsuites.CashBackSuite logger">suites.appsuites.CashBackSuite</td>
<td>FrameworkBaseSuite.java:25</td>
<td title="Message">Global parent window handle - CDwindow-0983C6B8F1536C0E252BACD55398A985</td>
</tr>

<tr>
<td>01-02-2022 23:50:43,0999</td>
<td title="main thread">main</td>
<td title="Level"><font color="#339933">DEBUG</font></td>
<td title="suites.appsuites.CashBackSuite logger">suites.appsuites.CashBackSuite</td>
<td>CommonFunctions.java:124</td>
<td title="Message">Reading csv file at path - ./cashback.csv</td>
</tr>

<tr>
<td>01-02-2022 23:50:44,0004</td>
<td title="main thread">main</td>
<td title="Level"><font color="#339933">DEBUG</font></td>
<td title="suites.appsuites.CashBackSuite logger">suites.appsuites.CashBackSuite</td>
<td>CommonFunctions.java:139</td>
<td title="Message">Data from csv at path - ./cashback.csv - &quot;AMAZON ID	AMAZON PWD	RAZOR PAY MOBILE NUMBER	RAZOR PAY EMAIL	RAZOR PAY AMOUNT&quot;<br />8853531198,8853531198,9825000536,SANJAY_MADHWANI1979@YAHOO.COM,50<br />8003234448,8003234448,9825000536,SANJAY_MADHWANI1979@YAHOO.COM,50<br />8603956549,8603956549,9825000536,SANJAY_MADHWANI1979@YAHOO.COM,50<br />8899817475,8899817475,9825000536,SANJAY_MADHWANI1979@YAHOO.COM,50<br />9787626681,9787626681,9825000536,SANJAY_MADHWANI1979@YAHOO.COM,50<br />9130830688,9130830688,9825000536,SANJAY_MADHWANI1979@YAHOO.COM,50<br />6266329064,6266329064,9825000536,SANJAY_MADHWANI1979@YAHOO.COM,50<br />7795687476,7795687476,9825000536,SANJAY_MADHWANI1979@YAHOO.COM,50<br />9084798346,9084798346,9825000536,SANJAY_MADHWANI1979@YAHOO.COM,50<br />8853531198,8853531198,9825000536,SANJAY_MADHWANI1979@YAHOO.COM,50<br />8003234448,8003234448,9825000536,SANJAY_MADHWANI1979@YAHOO.COM,50<br />8603956549,8603956549,9825000536,SANJAY_MADHWANI1979@YAHOO.COM,50<br />8899817475,8899817475,9825000536,SANJAY_MADHWANI1979@YAHOO.COM,50<br />9787626681,9787626681,9825000536,SANJAY_MADHWANI1979@YAHOO.COM,50<br />9130830688,9130830688,9825000536,SANJAY_MADHWANI1979@YAHOO.COM,50<br />6266329064,6266329064,9825000536,SANJAY_MADHWANI1979@YAHOO.COM,50<br />7795687476,7795687476,9825000536,SANJAY_MADHWANI1979@YAHOO.COM,50<br />9084798346,9084798346,9825000536,SANJAY_MADHWANI1979@YAHOO.COM,50<br />8853531198,8853531198,9825000536,SANJAY_MADHWANI1979@YAHOO.COM,50<br />8003234448,8003234448,9825000536,SANJAY_MADHWANI1979@YAHOO.COM,50<br />8603956549,8603956549,9825000536,SANJAY_MADHWANI1979@YAHOO.COM,50<br />8899817475,8899817475,9825000536,SANJAY_MADHWANI1979@YAHOO.COM,50<br />9787626681,9787626681,9825000536,SANJAY_MADHWANI1979@YAHOO.COM,50<br />9130830688,9130830688,9825000536,SANJAY_MADHWANI1979@YAHOO.COM,50<br />6266329064,6266329064,9825000536,SANJAY_MADHWANI1979@YAHOO.COM,50<br />7795687476,7795687476,9825000536,SANJAY_MADHWANI1979@YAHOO.COM,50<br />9084798346,9084798346,9825000536,SANJAY_MADHWANI1979@YAHOO.COM,50<br />7795687476,7795687476,9825000536,SANJAY_MADHWANI1979@YAHOO.COM,50<br />9084798346,9084798346,9825000536,SANJAY_MADHWANI1979@YAHOO.COM,50<br />6266329064,6266329064,9825000536,SANJAY_MADHWANI1979@YAHOO.COM,50</td>
</tr>

<tr>
<td>01-02-2022 23:50:44,0025</td>
<td title="main thread">main</td>
<td title="Level"><font color="#339933">DEBUG</font></td>
<td title="suites.appsuites.CashBackSuite logger">suites.appsuites.CashBackSuite</td>
<td>CommonActions.java:604</td>
<td title="Message">Switched to default content</td>
</tr>

<tr>
<td>01-02-2022 23:50:44,0033</td>
<td title="main thread">main</td>
<td title="Level"><font color="#339933">DEBUG</font></td>
<td title="suites.appsuites.CashBackSuite logger">suites.appsuites.CashBackSuite</td>
<td>CommonActions.java:268</td>
<td title="Message">Switched to given window for handle - CDwindow-0983C6B8F1536C0E252BACD55398A985</td>
</tr>

<tr>
<td>01-02-2022 23:50:44,0034</td>
<td title="main thread">main</td>
<td title="Level"><font color="#339933">DEBUG</font></td>
<td title="suites.appsuites.CashBackSuite logger">suites.appsuites.CashBackSuite</td>
<td>CommonActions.java:500</td>
<td title="Message">Switched to given window</td>
</tr>

<tr>
<td>01-02-2022 23:50:45,0289</td>
<td title="main thread">main</td>
<td title="Level"><font color="#339933">DEBUG</font></td>
<td title="suites.appsuites.CashBackSuite logger">suites.appsuites.CashBackSuite</td>
<td>CommonActions.java:161</td>
<td title="Message">URL: https://www.amazon.in/ap/signin?openid.pape.max_auth_age=900&amp;openid.return_to=https%3A%2F%2Fwww.amazon.in%2Fgp%2Fyourstore%2Fhome%3Fie%3DUTF8%26path%3D%252Fgp%252Fyourstore%252Fhome%26signIn%3D1%26useRedirectOnSuccess%3D1%26action%3Dsign-out%26ref_%3Dgno_signout&amp;openid.assoc_handle=inflex&amp;openid.mode=checkid_setup&amp;openid.ns=http%3A%2F%2Fspecs.openid.net%2Fauth%2F2.0 is launched</td>
</tr>

<tr>
<td>01-02-2022 23:50:45,0296</td>
<td title="main thread">main</td>
<td title="Level"><font color="#339933">DEBUG</font></td>
<td title="suites.appsuites.CashBackSuite logger">suites.appsuites.CashBackSuite</td>
<td>CommonActions.java:241</td>
<td title="Message">Wait For Page Load Status - complete</td>
</tr>

<tr>
<td>01-02-2022 23:50:45,0453</td>
<td title="main thread">main</td>
<td title="Level"><font color="#339933">DEBUG</font></td>
<td title="suites.appsuites.CashBackSuite logger">suites.appsuites.CashBackSuite</td>
<td>CommonActions.java:101</td>
<td title="Message">8853531198 is entered in 'By.name: email' Text Field</td>
</tr>

<tr>
<td>01-02-2022 23:50:46,0348</td>
<td title="main thread">main</td>
<td title="Level"><font color="#339933">DEBUG</font></td>
<td title="suites.appsuites.CashBackSuite logger">suites.appsuites.CashBackSuite</td>
<td>CommonActions.java:65</td>
<td title="Message">By.id: continue is clicked</td>
</tr>

<tr>
<td>01-02-2022 23:50:46,0352</td>
<td title="main thread">main</td>
<td title="Level"><font color="#339933">DEBUG</font></td>
<td title="suites.appsuites.CashBackSuite logger">suites.appsuites.CashBackSuite</td>
<td>CommonActions.java:241</td>
<td title="Message">Wait For Page Load Status - complete</td>
</tr>

<tr>
<td>01-02-2022 23:50:51,0498</td>
<td title="main thread">main</td>
<td title="Level"><font color="#993300"><strong>ERROR</strong></font></td>
<td title="suites.appsuites.CashBackSuite logger">suites.appsuites.CashBackSuite</td>
<td>CommonActions.java:395</td>
<td title="Message">Timed out waiting for 'visibilityOfElementLocated' on element 'By.xpath: //span[contains(text(),' country code')]' after 5 seconds</td>
</tr>
<tr><td bgcolor="#993300" style="color:White; font-size : small;" colspan="6">org.openqa.selenium.TimeoutException: Expected condition failed: waiting for visibility of element located by By.xpath: //span[contains(text(),' country code')] (tried for 5 second(s) with 500 milliseconds interval)
<br />&nbsp;&nbsp;&nbsp;&nbsp;Build info: version: '4.0.0', revision: '3a21814679'
<br />&nbsp;&nbsp;&nbsp;&nbsp;System info: host: 'LAPTOP-0GLISK19', ip: '192.168.0.105', os.name: 'Windows 10', os.arch: 'amd64', os.version: '10.0', java.version: '1.8.0-262'
<br />&nbsp;&nbsp;&nbsp;&nbsp;Driver info: org.openqa.selenium.chrome.ChromeDriver
<br />&nbsp;&nbsp;&nbsp;&nbsp;Capabilities {acceptInsecureCerts: false, browserName: chrome, browserVersion: 97.0.4692.99, chrome: {chromedriverVersion: 97.0.4692.71 (adefa7837d02a..., userDataDir: C:\Users\MAYUR\AppData\Loca...}, goog:chromeOptions: {debuggerAddress: localhost:58312}, javascriptEnabled: true, networkConnectionEnabled: false, pageLoadStrategy: normal, platform: WINDOWS, platformName: WINDOWS, proxy: Proxy(), se:cdp: ws://localhost:58312/devtoo..., se:cdpVersion: 97.0.4692.99, setWindowRect: true, strictFileInteractability: false, timeouts: {implicit: 0, pageLoad: 300000, script: 30000}, unhandledPromptBehavior: dismiss and notify, webauthn:extension:credBlob: true, webauthn:extension:largeBlob: true, webauthn:virtualAuthenticators: true}
<br />&nbsp;&nbsp;&nbsp;&nbsp;Session ID: bbdde3fb8891c3b474adc75b75894d4f
<br />&nbsp;&nbsp;&nbsp;&nbsp;	at org.openqa.selenium.support.ui.WebDriverWait.timeoutException(WebDriverWait.java:138)
<br />&nbsp;&nbsp;&nbsp;&nbsp;	at org.openqa.selenium.support.ui.FluentWait.until(FluentWait.java:231)
<br />&nbsp;&nbsp;&nbsp;&nbsp;	at framework.framework.CommonActions.waitForElement(CommonActions.java:368)
<br />&nbsp;&nbsp;&nbsp;&nbsp;	at amazon.login.Login.launchAndLogin(Login.java:46)
<br />&nbsp;&nbsp;&nbsp;&nbsp;	at suites.appsuites.CashBackSuite.cashback(CashBackSuite.java:54)
<br />&nbsp;&nbsp;&nbsp;&nbsp;	at sun.reflect.NativeMethodAccessorImpl.invoke0(Native Method)
<br />&nbsp;&nbsp;&nbsp;&nbsp;	at sun.reflect.NativeMethodAccessorImpl.invoke(NativeMethodAccessorImpl.java:62)
<br />&nbsp;&nbsp;&nbsp;&nbsp;	at sun.reflect.DelegatingMethodAccessorImpl.invoke(DelegatingMethodAccessorImpl.java:43)
<br />&nbsp;&nbsp;&nbsp;&nbsp;	at java.lang.reflect.Method.invoke(Method.java:498)
<br />&nbsp;&nbsp;&nbsp;&nbsp;	at org.testng.internal.MethodInvocationHelper.invokeMethod(MethodInvocationHelper.java:124)
<br />&nbsp;&nbsp;&nbsp;&nbsp;	at org.testng.internal.Invoker.invokeMethod(Invoker.java:571)
<br />&nbsp;&nbsp;&nbsp;&nbsp;	at org.testng.internal.Invoker.invokeTestMethod(Invoker.java:707)
<br />&nbsp;&nbsp;&nbsp;&nbsp;	at org.testng.internal.Invoker.invokeTestMethods(Invoker.java:979)
<br />&nbsp;&nbsp;&nbsp;&nbsp;	at org.testng.internal.TestMethodWorker.invokeTestMethods(TestMethodWorker.java:125)
<br />&nbsp;&nbsp;&nbsp;&nbsp;	at org.testng.internal.TestMethodWorker.run(TestMethodWorker.java:109)
<br />&nbsp;&nbsp;&nbsp;&nbsp;	at org.testng.TestRunner.privateRun(TestRunner.java:648)
<br />&nbsp;&nbsp;&nbsp;&nbsp;	at org.testng.TestRunner.run(TestRunner.java:505)
<br />&nbsp;&nbsp;&nbsp;&nbsp;	at org.testng.SuiteRunner.runTest(SuiteRunner.java:455)
<br />&nbsp;&nbsp;&nbsp;&nbsp;	at org.testng.SuiteRunner.runSequentially(SuiteRunner.java:450)
<br />&nbsp;&nbsp;&nbsp;&nbsp;	at org.testng.SuiteRunner.privateRun(SuiteRunner.java:415)
<br />&nbsp;&nbsp;&nbsp;&nbsp;	at org.testng.SuiteRunner.run(SuiteRunner.java:364)
<br />&nbsp;&nbsp;&nbsp;&nbsp;	at org.testng.SuiteRunnerWorker.runSuite(SuiteRunnerWorker.java:52)
<br />&nbsp;&nbsp;&nbsp;&nbsp;	at org.testng.SuiteRunnerWorker.run(SuiteRunnerWorker.java:84)
<br />&nbsp;&nbsp;&nbsp;&nbsp;	at org.testng.TestNG.runSuitesSequentially(TestNG.java:1187)
<br />&nbsp;&nbsp;&nbsp;&nbsp;	at org.testng.TestNG.runSuitesLocally(TestNG.java:1116)
<br />&nbsp;&nbsp;&nbsp;&nbsp;	at org.testng.TestNG.runSuites(TestNG.java:1028)
<br />&nbsp;&nbsp;&nbsp;&nbsp;	at org.testng.TestNG.run(TestNG.java:996)
<br />&nbsp;&nbsp;&nbsp;&nbsp;	at org.testng.remote.AbstractRemoteTestNG.run(AbstractRemoteTestNG.java:115)
<br />&nbsp;&nbsp;&nbsp;&nbsp;	at org.testng.remote.RemoteTestNG.initAndRun(RemoteTestNG.java:251)
<br />&nbsp;&nbsp;&nbsp;&nbsp;	at org.testng.remote.RemoteTestNG.main(RemoteTestNG.java:77)
</td></tr>

<tr>
<td>01-02-2022 23:51:01,0794</td>
<td title="main thread">main</td>
<td title="Level"><font color="#993300"><strong>ERROR</strong></font></td>
<td title="suites.appsuites.CashBackSuite logger">suites.appsuites.CashBackSuite</td>
<td>CommonActions.java:395</td>
<td title="Message">Timed out waiting for 'visibilityOfElementLocated' on element 'By.xpath: //*[normalize-space(text())='Incorrect phone number']' after 10 seconds</td>
</tr>
<tr><td bgcolor="#993300" style="color:White; font-size : small;" colspan="6">org.openqa.selenium.TimeoutException: Expected condition failed: waiting for visibility of element located by By.xpath: //*[normalize-space(text())='Incorrect phone number'] (tried for 10 second(s) with 500 milliseconds interval)
<br />&nbsp;&nbsp;&nbsp;&nbsp;Build info: version: '4.0.0', revision: '3a21814679'
<br />&nbsp;&nbsp;&nbsp;&nbsp;System info: host: 'LAPTOP-0GLISK19', ip: '192.168.0.105', os.name: 'Windows 10', os.arch: 'amd64', os.version: '10.0', java.version: '1.8.0-262'
<br />&nbsp;&nbsp;&nbsp;&nbsp;Driver info: org.openqa.selenium.chrome.ChromeDriver
<br />&nbsp;&nbsp;&nbsp;&nbsp;Capabilities {acceptInsecureCerts: false, browserName: chrome, browserVersion: 97.0.4692.99, chrome: {chromedriverVersion: 97.0.4692.71 (adefa7837d02a..., userDataDir: C:\Users\MAYUR\AppData\Loca...}, goog:chromeOptions: {debuggerAddress: localhost:58312}, javascriptEnabled: true, networkConnectionEnabled: false, pageLoadStrategy: normal, platform: WINDOWS, platformName: WINDOWS, proxy: Proxy(), se:cdp: ws://localhost:58312/devtoo..., se:cdpVersion: 97.0.4692.99, setWindowRect: true, strictFileInteractability: false, timeouts: {implicit: 0, pageLoad: 300000, script: 30000}, unhandledPromptBehavior: dismiss and notify, webauthn:extension:credBlob: true, webauthn:extension:largeBlob: true, webauthn:virtualAuthenticators: true}
<br />&nbsp;&nbsp;&nbsp;&nbsp;Session ID: bbdde3fb8891c3b474adc75b75894d4f
<br />&nbsp;&nbsp;&nbsp;&nbsp;	at org.openqa.selenium.support.ui.WebDriverWait.timeoutException(WebDriverWait.java:138)
<br />&nbsp;&nbsp;&nbsp;&nbsp;	at org.openqa.selenium.support.ui.FluentWait.until(FluentWait.java:231)
<br />&nbsp;&nbsp;&nbsp;&nbsp;	at framework.framework.CommonActions.waitForElement(CommonActions.java:368)
<br />&nbsp;&nbsp;&nbsp;&nbsp;	at amazon.login.Login.launchAndLogin(Login.java:60)
<br />&nbsp;&nbsp;&nbsp;&nbsp;	at suites.appsuites.CashBackSuite.cashback(CashBackSuite.java:54)
<br />&nbsp;&nbsp;&nbsp;&nbsp;	at sun.reflect.NativeMethodAccessorImpl.invoke0(Native Method)
<br />&nbsp;&nbsp;&nbsp;&nbsp;	at sun.reflect.NativeMethodAccessorImpl.invoke(NativeMethodAccessorImpl.java:62)
<br />&nbsp;&nbsp;&nbsp;&nbsp;	at sun.reflect.DelegatingMethodAccessorImpl.invoke(DelegatingMethodAccessorImpl.java:43)
<br />&nbsp;&nbsp;&nbsp;&nbsp;	at java.lang.reflect.Method.invoke(Method.java:498)
<br />&nbsp;&nbsp;&nbsp;&nbsp;	at org.testng.internal.MethodInvocationHelper.invokeMethod(MethodInvocationHelper.java:124)
<br />&nbsp;&nbsp;&nbsp;&nbsp;	at org.testng.internal.Invoker.invokeMethod(Invoker.java:571)
<br />&nbsp;&nbsp;&nbsp;&nbsp;	at org.testng.internal.Invoker.invokeTestMethod(Invoker.java:707)
<br />&nbsp;&nbsp;&nbsp;&nbsp;	at org.testng.internal.Invoker.invokeTestMethods(Invoker.java:979)
<br />&nbsp;&nbsp;&nbsp;&nbsp;	at org.testng.internal.TestMethodWorker.invokeTestMethods(TestMethodWorker.java:125)
<br />&nbsp;&nbsp;&nbsp;&nbsp;	at org.testng.internal.TestMethodWorker.run(TestMethodWorker.java:109)
<br />&nbsp;&nbsp;&nbsp;&nbsp;	at org.testng.TestRunner.privateRun(TestRunner.java:648)
<br />&nbsp;&nbsp;&nbsp;&nbsp;	at org.testng.TestRunner.run(TestRunner.java:505)
<br />&nbsp;&nbsp;&nbsp;&nbsp;	at org.testng.SuiteRunner.runTest(SuiteRunner.java:455)
<br />&nbsp;&nbsp;&nbsp;&nbsp;	at org.testng.SuiteRunner.runSequentially(SuiteRunner.java:450)
<br />&nbsp;&nbsp;&nbsp;&nbsp;	at org.testng.SuiteRunner.privateRun(SuiteRunner.java:415)
<br />&nbsp;&nbsp;&nbsp;&nbsp;	at org.testng.SuiteRunner.run(SuiteRunner.java:364)
<br />&nbsp;&nbsp;&nbsp;&nbsp;	at org.testng.SuiteRunnerWorker.runSuite(SuiteRunnerWorker.java:52)
<br />&nbsp;&nbsp;&nbsp;&nbsp;	at org.testng.SuiteRunnerWorker.run(SuiteRunnerWorker.java:84)
<br />&nbsp;&nbsp;&nbsp;&nbsp;	at org.testng.TestNG.runSuitesSequentially(TestNG.java:1187)
<br />&nbsp;&nbsp;&nbsp;&nbsp;	at org.testng.TestNG.runSuitesLocally(TestNG.java:1116)
<br />&nbsp;&nbsp;&nbsp;&nbsp;	at org.testng.TestNG.runSuites(TestNG.java:1028)
<br />&nbsp;&nbsp;&nbsp;&nbsp;	at org.testng.TestNG.run(TestNG.java:996)
<br />&nbsp;&nbsp;&nbsp;&nbsp;	at org.testng.remote.AbstractRemoteTestNG.run(AbstractRemoteTestNG.java:115)
<br />&nbsp;&nbsp;&nbsp;&nbsp;	at org.testng.remote.RemoteTestNG.initAndRun(RemoteTestNG.java:251)
<br />&nbsp;&nbsp;&nbsp;&nbsp;	at org.testng.remote.RemoteTestNG.main(RemoteTestNG.java:77)
</td></tr>

<tr>
<td>01-02-2022 23:51:01,0900</td>
<td title="main thread">main</td>
<td title="Level"><font color="#339933">DEBUG</font></td>
<td title="suites.appsuites.CashBackSuite logger">suites.appsuites.CashBackSuite</td>
<td>CommonActions.java:101</td>
<td title="Message">8853531198 is entered in 'By.name: password' Text Field</td>
</tr>

<tr>
<td>01-02-2022 23:51:01,0989</td>
<td title="main thread">main</td>
<td title="Level"><font color="#339933">DEBUG</font></td>
<td title="suites.appsuites.CashBackSuite logger">suites.appsuites.CashBackSuite</td>
<td>CommonActions.java:65</td>
<td title="Message">By.id: signInSubmit is clicked</td>
</tr>

<tr>
<td>01-02-2022 23:51:03,0977</td>
<td title="main thread">main</td>
<td title="Level"><font color="#339933">DEBUG</font></td>
<td title="suites.appsuites.CashBackSuite logger">suites.appsuites.CashBackSuite</td>
<td>CommonActions.java:241</td>
<td title="Message">Wait For Page Load Status - complete</td>
</tr>

<tr>
<td>01-02-2022 23:51:14,0376</td>
<td title="main thread">main</td>
<td title="Level"><font color="#993300"><strong>ERROR</strong></font></td>
<td title="suites.appsuites.CashBackSuite logger">suites.appsuites.CashBackSuite</td>
<td>CommonActions.java:395</td>
<td title="Message">Timed out waiting for 'visibilityOfElementLocated' on element 'By.xpath: //*[normalize-space(text())='Your password is incorrect']' after 10 seconds</td>
</tr>
<tr><td bgcolor="#993300" style="color:White; font-size : small;" colspan="6">org.openqa.selenium.TimeoutException: Expected condition failed: waiting for visibility of element located by By.xpath: //*[normalize-space(text())='Your password is incorrect'] (tried for 10 second(s) with 500 milliseconds interval)
<br />&nbsp;&nbsp;&nbsp;&nbsp;Build info: version: '4.0.0', revision: '3a21814679'
<br />&nbsp;&nbsp;&nbsp;&nbsp;System info: host: 'LAPTOP-0GLISK19', ip: '192.168.0.105', os.name: 'Windows 10', os.arch: 'amd64', os.version: '10.0', java.version: '1.8.0-262'
<br />&nbsp;&nbsp;&nbsp;&nbsp;Driver info: org.openqa.selenium.chrome.ChromeDriver
<br />&nbsp;&nbsp;&nbsp;&nbsp;Capabilities {acceptInsecureCerts: false, browserName: chrome, browserVersion: 97.0.4692.99, chrome: {chromedriverVersion: 97.0.4692.71 (adefa7837d02a..., userDataDir: C:\Users\MAYUR\AppData\Loca...}, goog:chromeOptions: {debuggerAddress: localhost:58312}, javascriptEnabled: true, networkConnectionEnabled: false, pageLoadStrategy: normal, platform: WINDOWS, platformName: WINDOWS, proxy: Proxy(), se:cdp: ws://localhost:58312/devtoo..., se:cdpVersion: 97.0.4692.99, setWindowRect: true, strictFileInteractability: false, timeouts: {implicit: 0, pageLoad: 300000, script: 30000}, unhandledPromptBehavior: dismiss and notify, webauthn:extension:credBlob: true, webauthn:extension:largeBlob: true, webauthn:virtualAuthenticators: true}
<br />&nbsp;&nbsp;&nbsp;&nbsp;Session ID: bbdde3fb8891c3b474adc75b75894d4f
<br />&nbsp;&nbsp;&nbsp;&nbsp;	at org.openqa.selenium.support.ui.WebDriverWait.timeoutException(WebDriverWait.java:138)
<br />&nbsp;&nbsp;&nbsp;&nbsp;	at org.openqa.selenium.support.ui.FluentWait.until(FluentWait.java:231)
<br />&nbsp;&nbsp;&nbsp;&nbsp;	at framework.framework.CommonActions.waitForElement(CommonActions.java:368)
<br />&nbsp;&nbsp;&nbsp;&nbsp;	at amazon.login.Login.launchAndLogin(Login.java:81)
<br />&nbsp;&nbsp;&nbsp;&nbsp;	at suites.appsuites.CashBackSuite.cashback(CashBackSuite.java:54)
<br />&nbsp;&nbsp;&nbsp;&nbsp;	at sun.reflect.NativeMethodAccessorImpl.invoke0(Native Method)
<br />&nbsp;&nbsp;&nbsp;&nbsp;	at sun.reflect.NativeMethodAccessorImpl.invoke(NativeMethodAccessorImpl.java:62)
<br />&nbsp;&nbsp;&nbsp;&nbsp;	at sun.reflect.DelegatingMethodAccessorImpl.invoke(DelegatingMethodAccessorImpl.java:43)
<br />&nbsp;&nbsp;&nbsp;&nbsp;	at java.lang.reflect.Method.invoke(Method.java:498)
<br />&nbsp;&nbsp;&nbsp;&nbsp;	at org.testng.internal.MethodInvocationHelper.invokeMethod(MethodInvocationHelper.java:124)
<br />&nbsp;&nbsp;&nbsp;&nbsp;	at org.testng.internal.Invoker.invokeMethod(Invoker.java:571)
<br />&nbsp;&nbsp;&nbsp;&nbsp;	at org.testng.internal.Invoker.invokeTestMethod(Invoker.java:707)
<br />&nbsp;&nbsp;&nbsp;&nbsp;	at org.testng.internal.Invoker.invokeTestMethods(Invoker.java:979)
<br />&nbsp;&nbsp;&nbsp;&nbsp;	at org.testng.internal.TestMethodWorker.invokeTestMethods(TestMethodWorker.java:125)
<br />&nbsp;&nbsp;&nbsp;&nbsp;	at org.testng.internal.TestMethodWorker.run(TestMethodWorker.java:109)
<br />&nbsp;&nbsp;&nbsp;&nbsp;	at org.testng.TestRunner.privateRun(TestRunner.java:648)
<br />&nbsp;&nbsp;&nbsp;&nbsp;	at org.testng.TestRunner.run(TestRunner.java:505)
<br />&nbsp;&nbsp;&nbsp;&nbsp;	at org.testng.SuiteRunner.runTest(SuiteRunner.java:455)
<br />&nbsp;&nbsp;&nbsp;&nbsp;	at org.testng.SuiteRunner.runSequentially(SuiteRunner.java:450)
<br />&nbsp;&nbsp;&nbsp;&nbsp;	at org.testng.SuiteRunner.privateRun(SuiteRunner.java:415)
<br />&nbsp;&nbsp;&nbsp;&nbsp;	at org.testng.SuiteRunner.run(SuiteRunner.java:364)
<br />&nbsp;&nbsp;&nbsp;&nbsp;	at org.testng.SuiteRunnerWorker.runSuite(SuiteRunnerWorker.java:52)
<br />&nbsp;&nbsp;&nbsp;&nbsp;	at org.testng.SuiteRunnerWorker.run(SuiteRunnerWorker.java:84)
<br />&nbsp;&nbsp;&nbsp;&nbsp;	at org.testng.TestNG.runSuitesSequentially(TestNG.java:1187)
<br />&nbsp;&nbsp;&nbsp;&nbsp;	at org.testng.TestNG.runSuitesLocally(TestNG.java:1116)
<br />&nbsp;&nbsp;&nbsp;&nbsp;	at org.testng.TestNG.runSuites(TestNG.java:1028)
<br />&nbsp;&nbsp;&nbsp;&nbsp;	at org.testng.TestNG.run(TestNG.java:996)
<br />&nbsp;&nbsp;&nbsp;&nbsp;	at org.testng.remote.AbstractRemoteTestNG.run(AbstractRemoteTestNG.java:115)
<br />&nbsp;&nbsp;&nbsp;&nbsp;	at org.testng.remote.RemoteTestNG.initAndRun(RemoteTestNG.java:251)
<br />&nbsp;&nbsp;&nbsp;&nbsp;	at org.testng.remote.RemoteTestNG.main(RemoteTestNG.java:77)
</td></tr>

<tr>
<td>01-02-2022 23:51:16,0429</td>
<td title="main thread">main</td>
<td title="Level"><font color="#993300"><strong>ERROR</strong></font></td>
<td title="suites.appsuites.CashBackSuite logger">suites.appsuites.CashBackSuite</td>
<td>CommonActions.java:395</td>
<td title="Message">Timed out waiting for 'visibilityOfElementLocated' on element 'By.xpath: //h4[normalize-space(text())='Enter the characters you see']' after 2 seconds</td>
</tr>
<tr><td bgcolor="#993300" style="color:White; font-size : small;" colspan="6">org.openqa.selenium.TimeoutException: Expected condition failed: waiting for visibility of element located by By.xpath: //h4[normalize-space(text())='Enter the characters you see'] (tried for 2 second(s) with 500 milliseconds interval)
<br />&nbsp;&nbsp;&nbsp;&nbsp;Build info: version: '4.0.0', revision: '3a21814679'
<br />&nbsp;&nbsp;&nbsp;&nbsp;System info: host: 'LAPTOP-0GLISK19', ip: '192.168.0.105', os.name: 'Windows 10', os.arch: 'amd64', os.version: '10.0', java.version: '1.8.0-262'
<br />&nbsp;&nbsp;&nbsp;&nbsp;Driver info: org.openqa.selenium.chrome.ChromeDriver
<br />&nbsp;&nbsp;&nbsp;&nbsp;Capabilities {acceptInsecureCerts: false, browserName: chrome, browserVersion: 97.0.4692.99, chrome: {chromedriverVersion: 97.0.4692.71 (adefa7837d02a..., userDataDir: C:\Users\MAYUR\AppData\Loca...}, goog:chromeOptions: {debuggerAddress: localhost:58312}, javascriptEnabled: true, networkConnectionEnabled: false, pageLoadStrategy: normal, platform: WINDOWS, platformName: WINDOWS, proxy: Proxy(), se:cdp: ws://localhost:58312/devtoo..., se:cdpVersion: 97.0.4692.99, setWindowRect: true, strictFileInteractability: false, timeouts: {implicit: 0, pageLoad: 300000, script: 30000}, unhandledPromptBehavior: dismiss and notify, webauthn:extension:credBlob: true, webauthn:extension:largeBlob: true, webauthn:virtualAuthenticators: true}
<br />&nbsp;&nbsp;&nbsp;&nbsp;Session ID: bbdde3fb8891c3b474adc75b75894d4f
<br />&nbsp;&nbsp;&nbsp;&nbsp;	at org.openqa.selenium.support.ui.WebDriverWait.timeoutException(WebDriverWait.java:138)
<br />&nbsp;&nbsp;&nbsp;&nbsp;	at org.openqa.selenium.support.ui.FluentWait.until(FluentWait.java:231)
<br />&nbsp;&nbsp;&nbsp;&nbsp;	at framework.framework.CommonActions.waitForElement(CommonActions.java:368)
<br />&nbsp;&nbsp;&nbsp;&nbsp;	at amazon.login.Login.launchAndLogin(Login.java:87)
<br />&nbsp;&nbsp;&nbsp;&nbsp;	at suites.appsuites.CashBackSuite.cashback(CashBackSuite.java:54)
<br />&nbsp;&nbsp;&nbsp;&nbsp;	at sun.reflect.NativeMethodAccessorImpl.invoke0(Native Method)
<br />&nbsp;&nbsp;&nbsp;&nbsp;	at sun.reflect.NativeMethodAccessorImpl.invoke(NativeMethodAccessorImpl.java:62)
<br />&nbsp;&nbsp;&nbsp;&nbsp;	at sun.reflect.DelegatingMethodAccessorImpl.invoke(DelegatingMethodAccessorImpl.java:43)
<br />&nbsp;&nbsp;&nbsp;&nbsp;	at java.lang.reflect.Method.invoke(Method.java:498)
<br />&nbsp;&nbsp;&nbsp;&nbsp;	at org.testng.internal.MethodInvocationHelper.invokeMethod(MethodInvocationHelper.java:124)
<br />&nbsp;&nbsp;&nbsp;&nbsp;	at org.testng.internal.Invoker.invokeMethod(Invoker.java:571)
<br />&nbsp;&nbsp;&nbsp;&nbsp;	at org.testng.internal.Invoker.invokeTestMethod(Invoker.java:707)
<br />&nbsp;&nbsp;&nbsp;&nbsp;	at org.testng.internal.Invoker.invokeTestMethods(Invoker.java:979)
<br />&nbsp;&nbsp;&nbsp;&nbsp;	at org.testng.internal.TestMethodWorker.invokeTestMethods(TestMethodWorker.java:125)
<br />&nbsp;&nbsp;&nbsp;&nbsp;	at org.testng.internal.TestMethodWorker.run(TestMethodWorker.java:109)
<br />&nbsp;&nbsp;&nbsp;&nbsp;	at org.testng.TestRunner.privateRun(TestRunner.java:648)
<br />&nbsp;&nbsp;&nbsp;&nbsp;	at org.testng.TestRunner.run(TestRunner.java:505)
<br />&nbsp;&nbsp;&nbsp;&nbsp;	at org.testng.SuiteRunner.runTest(SuiteRunner.java:455)
<br />&nbsp;&nbsp;&nbsp;&nbsp;	at org.testng.SuiteRunner.runSequentially(SuiteRunner.java:450)
<br />&nbsp;&nbsp;&nbsp;&nbsp;	at org.testng.SuiteRunner.privateRun(SuiteRunner.java:415)
<br />&nbsp;&nbsp;&nbsp;&nbsp;	at org.testng.SuiteRunner.run(SuiteRunner.java:364)
<br />&nbsp;&nbsp;&nbsp;&nbsp;	at org.testng.SuiteRunnerWorker.runSuite(SuiteRunnerWorker.java:52)
<br />&nbsp;&nbsp;&nbsp;&nbsp;	at org.testng.SuiteRunnerWorker.run(SuiteRunnerWorker.java:84)
<br />&nbsp;&nbsp;&nbsp;&nbsp;	at org.testng.TestNG.runSuitesSequentially(TestNG.java:1187)
<br />&nbsp;&nbsp;&nbsp;&nbsp;	at org.testng.TestNG.runSuitesLocally(TestNG.java:1116)
<br />&nbsp;&nbsp;&nbsp;&nbsp;	at org.testng.TestNG.runSuites(TestNG.java:1028)
<br />&nbsp;&nbsp;&nbsp;&nbsp;	at org.testng.TestNG.run(TestNG.java:996)
<br />&nbsp;&nbsp;&nbsp;&nbsp;	at org.testng.remote.AbstractRemoteTestNG.run(AbstractRemoteTestNG.java:115)
<br />&nbsp;&nbsp;&nbsp;&nbsp;	at org.testng.remote.RemoteTestNG.initAndRun(RemoteTestNG.java:251)
<br />&nbsp;&nbsp;&nbsp;&nbsp;	at org.testng.remote.RemoteTestNG.main(RemoteTestNG.java:77)
</td></tr>

<tr>
<td>01-02-2022 23:51:16,0450</td>
<td title="main thread">main</td>
<td title="Level"><font color="#339933">DEBUG</font></td>
<td title="suites.appsuites.CashBackSuite logger">suites.appsuites.CashBackSuite</td>
<td>Login.java:94</td>
<td title="Message">Amazon login successful</td>
</tr>

<tr>
<td>01-02-2022 23:51:16,0453</td>
<td title="main thread">main</td>
<td title="Level"><font color="#339933">DEBUG</font></td>
<td title="suites.appsuites.CashBackSuite logger">suites.appsuites.CashBackSuite</td>
<td>CommonActions.java:604</td>
<td title="Message">Switched to default content</td>
</tr>

<tr>
<td>01-02-2022 23:51:16,0460</td>
<td title="main thread">main</td>
<td title="Level"><font color="#339933">DEBUG</font></td>
<td title="suites.appsuites.CashBackSuite logger">suites.appsuites.CashBackSuite</td>
<td>CommonActions.java:268</td>
<td title="Message">Switched to given window for handle - CDwindow-0983C6B8F1536C0E252BACD55398A985</td>
</tr>

<tr>
<td>01-02-2022 23:51:16,0460</td>
<td title="main thread">main</td>
<td title="Level"><font color="#339933">DEBUG</font></td>
<td title="suites.appsuites.CashBackSuite logger">suites.appsuites.CashBackSuite</td>
<td>CommonActions.java:500</td>
<td title="Message">Switched to given window</td>
</tr>

<tr>
<td>01-02-2022 23:51:17,0671</td>
<td title="main thread">main</td>
<td title="Level"><font color="#339933">DEBUG</font></td>
<td title="suites.appsuites.CashBackSuite logger">suites.appsuites.CashBackSuite</td>
<td>CommonActions.java:161</td>
<td title="Message">URL: https://www.amazon.in/gp/flex/sign-out.html?path=%2Fgp%2Fyourstore%2Fhome&amp;useRedirectOnSuccess=1&amp;signIn=1&amp;action=sign-out&amp;ref_=nav_AccountFlyout_signout is launched</td>
</tr>

<tr>
<td>01-02-2022 23:51:17,0701</td>
<td title="main thread">main</td>
<td title="Level"><font color="#339933">DEBUG</font></td>
<td title="suites.appsuites.CashBackSuite logger">suites.appsuites.CashBackSuite</td>
<td>CommonActions.java:241</td>
<td title="Message">Wait For Page Load Status - complete</td>
</tr>

<tr>
<td>01-02-2022 23:51:17,0720</td>
<td title="main thread">main</td>
<td title="Level"><font color="#339933">DEBUG</font></td>
<td title="suites.appsuites.CashBackSuite logger">suites.appsuites.CashBackSuite</td>
<td>CommonFunctions.java:31</td>
<td title="Message">Logged out successfully</td>
</tr>

<tr>
<td>01-02-2022 23:51:17,0790</td>
<td title="main thread">main</td>
<td title="Level"><font color="#339933">DEBUG</font></td>
<td title="suites.appsuites.CashBackSuite logger">suites.appsuites.CashBackSuite</td>
<td>CommonActions.java:546</td>
<td title="Message">Writing in text file is completed successfully at path - ./status/cashback_01_February_2022.html</td>
</tr>

<tr>
<td>01-02-2022 23:51:17,0798</td>
<td title="main thread">main</td>
<td title="Level"><font color="#339933">DEBUG</font></td>
<td title="suites.appsuites.CashBackSuite logger">suites.appsuites.CashBackSuite</td>
<td>CommonActions.java:604</td>
<td title="Message">Switched to default content</td>
</tr>

<tr>
<td>01-02-2022 23:51:17,0809</td>
<td title="main thread">main</td>
<td title="Level"><font color="#339933">DEBUG</font></td>
<td title="suites.appsuites.CashBackSuite logger">suites.appsuites.CashBackSuite</td>
<td>CommonActions.java:268</td>
<td title="Message">Switched to given window for handle - CDwindow-0983C6B8F1536C0E252BACD55398A985</td>
</tr>

<tr>
<td>01-02-2022 23:51:17,0810</td>
<td title="main thread">main</td>
<td title="Level"><font color="#339933">DEBUG</font></td>
<td title="suites.appsuites.CashBackSuite logger">suites.appsuites.CashBackSuite</td>
<td>CommonActions.java:500</td>
<td title="Message">Switched to given window</td>
</tr>

<tr>
<td>01-02-2022 23:51:18,0391</td>
<td title="main thread">main</td>
<td title="Level"><font color="#339933">DEBUG</font></td>
<td title="suites.appsuites.CashBackSuite logger">suites.appsuites.CashBackSuite</td>
<td>CommonActions.java:161</td>
<td title="Message">URL: https://www.amazon.in/ap/signin?openid.pape.max_auth_age=900&amp;openid.return_to=https%3A%2F%2Fwww.amazon.in%2Fgp%2Fyourstore%2Fhome%3Fie%3DUTF8%26path%3D%252Fgp%252Fyourstore%252Fhome%26signIn%3D1%26useRedirectOnSuccess%3D1%26action%3Dsign-out%26ref_%3Dgno_signout&amp;openid.assoc_handle=inflex&amp;openid.mode=checkid_setup&amp;openid.ns=http%3A%2F%2Fspecs.openid.net%2Fauth%2F2.0 is launched</td>
</tr>

<tr>
<td>01-02-2022 23:51:18,0413</td>
<td title="main thread">main</td>
<td title="Level"><font color="#339933">DEBUG</font></td>
<td title="suites.appsuites.CashBackSuite logger">suites.appsuites.CashBackSuite</td>
<td>CommonActions.java:241</td>
<td title="Message">Wait For Page Load Status - complete</td>
</tr>

<tr>
<td>01-02-2022 23:51:18,0531</td>
<td title="main thread">main</td>
<td title="Level"><font color="#339933">DEBUG</font></td>
<td title="suites.appsuites.CashBackSuite logger">suites.appsuites.CashBackSuite</td>
<td>CommonActions.java:101</td>
<td title="Message">8003234448 is entered in 'By.name: email' Text Field</td>
</tr>

<tr>
<td>01-02-2022 23:51:19,0324</td>
<td title="main thread">main</td>
<td title="Level"><font color="#339933">DEBUG</font></td>
<td title="suites.appsuites.CashBackSuite logger">suites.appsuites.CashBackSuite</td>
<td>CommonActions.java:65</td>
<td title="Message">By.id: continue is clicked</td>
</tr>

<tr>
<td>01-02-2022 23:51:19,0344</td>
<td title="main thread">main</td>
<td title="Level"><font color="#339933">DEBUG</font></td>
<td title="suites.appsuites.CashBackSuite logger">suites.appsuites.CashBackSuite</td>
<td>CommonActions.java:241</td>
<td title="Message">Wait For Page Load Status - complete</td>
</tr>

<tr>
<td>01-02-2022 23:51:24,0493</td>
<td title="main thread">main</td>
<td title="Level"><font color="#993300"><strong>ERROR</strong></font></td>
<td title="suites.appsuites.CashBackSuite logger">suites.appsuites.CashBackSuite</td>
<td>CommonActions.java:395</td>
<td title="Message">Timed out waiting for 'visibilityOfElementLocated' on element 'By.xpath: //span[contains(text(),' country code')]' after 5 seconds</td>
</tr>
<tr><td bgcolor="#993300" style="color:White; font-size : small;" colspan="6">org.openqa.selenium.TimeoutException: Expected condition failed: waiting for visibility of element located by By.xpath: //span[contains(text(),' country code')] (tried for 5 second(s) with 500 milliseconds interval)
<br />&nbsp;&nbsp;&nbsp;&nbsp;Build info: version: '4.0.0', revision: '3a21814679'
<br />&nbsp;&nbsp;&nbsp;&nbsp;System info: host: 'LAPTOP-0GLISK19', ip: '192.168.0.105', os.name: 'Windows 10', os.arch: 'amd64', os.version: '10.0', java.version: '1.8.0-262'
<br />&nbsp;&nbsp;&nbsp;&nbsp;Driver info: org.openqa.selenium.chrome.ChromeDriver
<br />&nbsp;&nbsp;&nbsp;&nbsp;Capabilities {acceptInsecureCerts: false, browserName: chrome, browserVersion: 97.0.4692.99, chrome: {chromedriverVersion: 97.0.4692.71 (adefa7837d02a..., userDataDir: C:\Users\MAYUR\AppData\Loca...}, goog:chromeOptions: {debuggerAddress: localhost:58312}, javascriptEnabled: true, networkConnectionEnabled: false, pageLoadStrategy: normal, platform: WINDOWS, platformName: WINDOWS, proxy: Proxy(), se:cdp: ws://localhost:58312/devtoo..., se:cdpVersion: 97.0.4692.99, setWindowRect: true, strictFileInteractability: false, timeouts: {implicit: 0, pageLoad: 300000, script: 30000}, unhandledPromptBehavior: dismiss and notify, webauthn:extension:credBlob: true, webauthn:extension:largeBlob: true, webauthn:virtualAuthenticators: true}
<br />&nbsp;&nbsp;&nbsp;&nbsp;Session ID: bbdde3fb8891c3b474adc75b75894d4f
<br />&nbsp;&nbsp;&nbsp;&nbsp;	at org.openqa.selenium.support.ui.WebDriverWait.timeoutException(WebDriverWait.java:138)
<br />&nbsp;&nbsp;&nbsp;&nbsp;	at org.openqa.selenium.support.ui.FluentWait.until(FluentWait.java:231)
<br />&nbsp;&nbsp;&nbsp;&nbsp;	at framework.framework.CommonActions.waitForElement(CommonActions.java:368)
<br />&nbsp;&nbsp;&nbsp;&nbsp;	at amazon.login.Login.launchAndLogin(Login.java:46)
<br />&nbsp;&nbsp;&nbsp;&nbsp;	at suites.appsuites.CashBackSuite.cashback(CashBackSuite.java:54)
<br />&nbsp;&nbsp;&nbsp;&nbsp;	at sun.reflect.NativeMethodAccessorImpl.invoke0(Native Method)
<br />&nbsp;&nbsp;&nbsp;&nbsp;	at sun.reflect.NativeMethodAccessorImpl.invoke(NativeMethodAccessorImpl.java:62)
<br />&nbsp;&nbsp;&nbsp;&nbsp;	at sun.reflect.DelegatingMethodAccessorImpl.invoke(DelegatingMethodAccessorImpl.java:43)
<br />&nbsp;&nbsp;&nbsp;&nbsp;	at java.lang.reflect.Method.invoke(Method.java:498)
<br />&nbsp;&nbsp;&nbsp;&nbsp;	at org.testng.internal.MethodInvocationHelper.invokeMethod(MethodInvocationHelper.java:124)
<br />&nbsp;&nbsp;&nbsp;&nbsp;	at org.testng.internal.Invoker.invokeMethod(Invoker.java:571)
<br />&nbsp;&nbsp;&nbsp;&nbsp;	at org.testng.internal.Invoker.invokeTestMethod(Invoker.java:707)
<br />&nbsp;&nbsp;&nbsp;&nbsp;	at org.testng.internal.Invoker.invokeTestMethods(Invoker.java:979)
<br />&nbsp;&nbsp;&nbsp;&nbsp;	at org.testng.internal.TestMethodWorker.invokeTestMethods(TestMethodWorker.java:125)
<br />&nbsp;&nbsp;&nbsp;&nbsp;	at org.testng.internal.TestMethodWorker.run(TestMethodWorker.java:109)
<br />&nbsp;&nbsp;&nbsp;&nbsp;	at org.testng.TestRunner.privateRun(TestRunner.java:648)
<br />&nbsp;&nbsp;&nbsp;&nbsp;	at org.testng.TestRunner.run(TestRunner.java:505)
<br />&nbsp;&nbsp;&nbsp;&nbsp;	at org.testng.SuiteRunner.runTest(SuiteRunner.java:455)
<br />&nbsp;&nbsp;&nbsp;&nbsp;	at org.testng.SuiteRunner.runSequentially(SuiteRunner.java:450)
<br />&nbsp;&nbsp;&nbsp;&nbsp;	at org.testng.SuiteRunner.privateRun(SuiteRunner.java:415)
<br />&nbsp;&nbsp;&nbsp;&nbsp;	at org.testng.SuiteRunner.run(SuiteRunner.java:364)
<br />&nbsp;&nbsp;&nbsp;&nbsp;	at org.testng.SuiteRunnerWorker.runSuite(SuiteRunnerWorker.java:52)
<br />&nbsp;&nbsp;&nbsp;&nbsp;	at org.testng.SuiteRunnerWorker.run(SuiteRunnerWorker.java:84)
<br />&nbsp;&nbsp;&nbsp;&nbsp;	at org.testng.TestNG.runSuitesSequentially(TestNG.java:1187)
<br />&nbsp;&nbsp;&nbsp;&nbsp;	at org.testng.TestNG.runSuitesLocally(TestNG.java:1116)
<br />&nbsp;&nbsp;&nbsp;&nbsp;	at org.testng.TestNG.runSuites(TestNG.java:1028)
<br />&nbsp;&nbsp;&nbsp;&nbsp;	at org.testng.TestNG.run(TestNG.java:996)
<br />&nbsp;&nbsp;&nbsp;&nbsp;	at org.testng.remote.AbstractRemoteTestNG.run(AbstractRemoteTestNG.java:115)
<br />&nbsp;&nbsp;&nbsp;&nbsp;	at org.testng.remote.RemoteTestNG.initAndRun(RemoteTestNG.java:251)
<br />&nbsp;&nbsp;&nbsp;&nbsp;	at org.testng.remote.RemoteTestNG.main(RemoteTestNG.java:77)
</td></tr>

<tr>
<td>01-02-2022 23:51:34,0719</td>
<td title="main thread">main</td>
<td title="Level"><font color="#993300"><strong>ERROR</strong></font></td>
<td title="suites.appsuites.CashBackSuite logger">suites.appsuites.CashBackSuite</td>
<td>CommonActions.java:395</td>
<td title="Message">Timed out waiting for 'visibilityOfElementLocated' on element 'By.xpath: //*[normalize-space(text())='Incorrect phone number']' after 10 seconds</td>
</tr>
<tr><td bgcolor="#993300" style="color:White; font-size : small;" colspan="6">org.openqa.selenium.TimeoutException: Expected condition failed: waiting for visibility of element located by By.xpath: //*[normalize-space(text())='Incorrect phone number'] (tried for 10 second(s) with 500 milliseconds interval)
<br />&nbsp;&nbsp;&nbsp;&nbsp;Build info: version: '4.0.0', revision: '3a21814679'
<br />&nbsp;&nbsp;&nbsp;&nbsp;System info: host: 'LAPTOP-0GLISK19', ip: '192.168.0.105', os.name: 'Windows 10', os.arch: 'amd64', os.version: '10.0', java.version: '1.8.0-262'
<br />&nbsp;&nbsp;&nbsp;&nbsp;Driver info: org.openqa.selenium.chrome.ChromeDriver
<br />&nbsp;&nbsp;&nbsp;&nbsp;Capabilities {acceptInsecureCerts: false, browserName: chrome, browserVersion: 97.0.4692.99, chrome: {chromedriverVersion: 97.0.4692.71 (adefa7837d02a..., userDataDir: C:\Users\MAYUR\AppData\Loca...}, goog:chromeOptions: {debuggerAddress: localhost:58312}, javascriptEnabled: true, networkConnectionEnabled: false, pageLoadStrategy: normal, platform: WINDOWS, platformName: WINDOWS, proxy: Proxy(), se:cdp: ws://localhost:58312/devtoo..., se:cdpVersion: 97.0.4692.99, setWindowRect: true, strictFileInteractability: false, timeouts: {implicit: 0, pageLoad: 300000, script: 30000}, unhandledPromptBehavior: dismiss and notify, webauthn:extension:credBlob: true, webauthn:extension:largeBlob: true, webauthn:virtualAuthenticators: true}
<br />&nbsp;&nbsp;&nbsp;&nbsp;Session ID: bbdde3fb8891c3b474adc75b75894d4f
<br />&nbsp;&nbsp;&nbsp;&nbsp;	at org.openqa.selenium.support.ui.WebDriverWait.timeoutException(WebDriverWait.java:138)
<br />&nbsp;&nbsp;&nbsp;&nbsp;	at org.openqa.selenium.support.ui.FluentWait.until(FluentWait.java:231)
<br />&nbsp;&nbsp;&nbsp;&nbsp;	at framework.framework.CommonActions.waitForElement(CommonActions.java:368)
<br />&nbsp;&nbsp;&nbsp;&nbsp;	at amazon.login.Login.launchAndLogin(Login.java:60)
<br />&nbsp;&nbsp;&nbsp;&nbsp;	at suites.appsuites.CashBackSuite.cashback(CashBackSuite.java:54)
<br />&nbsp;&nbsp;&nbsp;&nbsp;	at sun.reflect.NativeMethodAccessorImpl.invoke0(Native Method)
<br />&nbsp;&nbsp;&nbsp;&nbsp;	at sun.reflect.NativeMethodAccessorImpl.invoke(NativeMethodAccessorImpl.java:62)
<br />&nbsp;&nbsp;&nbsp;&nbsp;	at sun.reflect.DelegatingMethodAccessorImpl.invoke(DelegatingMethodAccessorImpl.java:43)
<br />&nbsp;&nbsp;&nbsp;&nbsp;	at java.lang.reflect.Method.invoke(Method.java:498)
<br />&nbsp;&nbsp;&nbsp;&nbsp;	at org.testng.internal.MethodInvocationHelper.invokeMethod(MethodInvocationHelper.java:124)
<br />&nbsp;&nbsp;&nbsp;&nbsp;	at org.testng.internal.Invoker.invokeMethod(Invoker.java:571)
<br />&nbsp;&nbsp;&nbsp;&nbsp;	at org.testng.internal.Invoker.invokeTestMethod(Invoker.java:707)
<br />&nbsp;&nbsp;&nbsp;&nbsp;	at org.testng.internal.Invoker.invokeTestMethods(Invoker.java:979)
<br />&nbsp;&nbsp;&nbsp;&nbsp;	at org.testng.internal.TestMethodWorker.invokeTestMethods(TestMethodWorker.java:125)
<br />&nbsp;&nbsp;&nbsp;&nbsp;	at org.testng.internal.TestMethodWorker.run(TestMethodWorker.java:109)
<br />&nbsp;&nbsp;&nbsp;&nbsp;	at org.testng.TestRunner.privateRun(TestRunner.java:648)
<br />&nbsp;&nbsp;&nbsp;&nbsp;	at org.testng.TestRunner.run(TestRunner.java:505)
<br />&nbsp;&nbsp;&nbsp;&nbsp;	at org.testng.SuiteRunner.runTest(SuiteRunner.java:455)
<br />&nbsp;&nbsp;&nbsp;&nbsp;	at org.testng.SuiteRunner.runSequentially(SuiteRunner.java:450)
<br />&nbsp;&nbsp;&nbsp;&nbsp;	at org.testng.SuiteRunner.privateRun(SuiteRunner.java:415)
<br />&nbsp;&nbsp;&nbsp;&nbsp;	at org.testng.SuiteRunner.run(SuiteRunner.java:364)
<br />&nbsp;&nbsp;&nbsp;&nbsp;	at org.testng.SuiteRunnerWorker.runSuite(SuiteRunnerWorker.java:52)
<br />&nbsp;&nbsp;&nbsp;&nbsp;	at org.testng.SuiteRunnerWorker.run(SuiteRunnerWorker.java:84)
<br />&nbsp;&nbsp;&nbsp;&nbsp;	at org.testng.TestNG.runSuitesSequentially(TestNG.java:1187)
<br />&nbsp;&nbsp;&nbsp;&nbsp;	at org.testng.TestNG.runSuitesLocally(TestNG.java:1116)
<br />&nbsp;&nbsp;&nbsp;&nbsp;	at org.testng.TestNG.runSuites(TestNG.java:1028)
<br />&nbsp;&nbsp;&nbsp;&nbsp;	at org.testng.TestNG.run(TestNG.java:996)
<br />&nbsp;&nbsp;&nbsp;&nbsp;	at org.testng.remote.AbstractRemoteTestNG.run(AbstractRemoteTestNG.java:115)
<br />&nbsp;&nbsp;&nbsp;&nbsp;	at org.testng.remote.RemoteTestNG.initAndRun(RemoteTestNG.java:251)
<br />&nbsp;&nbsp;&nbsp;&nbsp;	at org.testng.remote.RemoteTestNG.main(RemoteTestNG.java:77)
</td></tr>

<tr>
<td>01-02-2022 23:51:34,0817</td>
<td title="main thread">main</td>
<td title="Level"><font color="#339933">DEBUG</font></td>
<td title="suites.appsuites.CashBackSuite logger">suites.appsuites.CashBackSuite</td>
<td>CommonActions.java:101</td>
<td title="Message">8003234448 is entered in 'By.name: password' Text Field</td>
</tr>

<tr>
<td>01-02-2022 23:51:34,0913</td>
<td title="main thread">main</td>
<td title="Level"><font color="#339933">DEBUG</font></td>
<td title="suites.appsuites.CashBackSuite logger">suites.appsuites.CashBackSuite</td>
<td>CommonActions.java:65</td>
<td title="Message">By.id: signInSubmit is clicked</td>
</tr>

<tr>
<td>01-02-2022 23:51:38,0958</td>
<td title="main thread">main</td>
<td title="Level"><font color="#339933">DEBUG</font></td>
<td title="suites.appsuites.CashBackSuite logger">suites.appsuites.CashBackSuite</td>
<td>CommonActions.java:241</td>
<td title="Message">Wait For Page Load Status - complete</td>
</tr>

<tr>
<td>01-02-2022 23:51:49,0287</td>
<td title="main thread">main</td>
<td title="Level"><font color="#993300"><strong>ERROR</strong></font></td>
<td title="suites.appsuites.CashBackSuite logger">suites.appsuites.CashBackSuite</td>
<td>CommonActions.java:395</td>
<td title="Message">Timed out waiting for 'visibilityOfElementLocated' on element 'By.xpath: //*[normalize-space(text())='Your password is incorrect']' after 10 seconds</td>
</tr>
<tr><td bgcolor="#993300" style="color:White; font-size : small;" colspan="6">org.openqa.selenium.TimeoutException: Expected condition failed: waiting for visibility of element located by By.xpath: //*[normalize-space(text())='Your password is incorrect'] (tried for 10 second(s) with 500 milliseconds interval)
<br />&nbsp;&nbsp;&nbsp;&nbsp;Build info: version: '4.0.0', revision: '3a21814679'
<br />&nbsp;&nbsp;&nbsp;&nbsp;System info: host: 'LAPTOP-0GLISK19', ip: '192.168.0.105', os.name: 'Windows 10', os.arch: 'amd64', os.version: '10.0', java.version: '1.8.0-262'
<br />&nbsp;&nbsp;&nbsp;&nbsp;Driver info: org.openqa.selenium.chrome.ChromeDriver
<br />&nbsp;&nbsp;&nbsp;&nbsp;Capabilities {acceptInsecureCerts: false, browserName: chrome, browserVersion: 97.0.4692.99, chrome: {chromedriverVersion: 97.0.4692.71 (adefa7837d02a..., userDataDir: C:\Users\MAYUR\AppData\Loca...}, goog:chromeOptions: {debuggerAddress: localhost:58312}, javascriptEnabled: true, networkConnectionEnabled: false, pageLoadStrategy: normal, platform: WINDOWS, platformName: WINDOWS, proxy: Proxy(), se:cdp: ws://localhost:58312/devtoo..., se:cdpVersion: 97.0.4692.99, setWindowRect: true, strictFileInteractability: false, timeouts: {implicit: 0, pageLoad: 300000, script: 30000}, unhandledPromptBehavior: dismiss and notify, webauthn:extension:credBlob: true, webauthn:extension:largeBlob: true, webauthn:virtualAuthenticators: true}
<br />&nbsp;&nbsp;&nbsp;&nbsp;Session ID: bbdde3fb8891c3b474adc75b75894d4f
<br />&nbsp;&nbsp;&nbsp;&nbsp;	at org.openqa.selenium.support.ui.WebDriverWait.timeoutException(WebDriverWait.java:138)
<br />&nbsp;&nbsp;&nbsp;&nbsp;	at org.openqa.selenium.support.ui.FluentWait.until(FluentWait.java:231)
<br />&nbsp;&nbsp;&nbsp;&nbsp;	at framework.framework.CommonActions.waitForElement(CommonActions.java:368)
<br />&nbsp;&nbsp;&nbsp;&nbsp;	at amazon.login.Login.launchAndLogin(Login.java:81)
<br />&nbsp;&nbsp;&nbsp;&nbsp;	at suites.appsuites.CashBackSuite.cashback(CashBackSuite.java:54)
<br />&nbsp;&nbsp;&nbsp;&nbsp;	at sun.reflect.NativeMethodAccessorImpl.invoke0(Native Method)
<br />&nbsp;&nbsp;&nbsp;&nbsp;	at sun.reflect.NativeMethodAccessorImpl.invoke(NativeMethodAccessorImpl.java:62)
<br />&nbsp;&nbsp;&nbsp;&nbsp;	at sun.reflect.DelegatingMethodAccessorImpl.invoke(DelegatingMethodAccessorImpl.java:43)
<br />&nbsp;&nbsp;&nbsp;&nbsp;	at java.lang.reflect.Method.invoke(Method.java:498)
<br />&nbsp;&nbsp;&nbsp;&nbsp;	at org.testng.internal.MethodInvocationHelper.invokeMethod(MethodInvocationHelper.java:124)
<br />&nbsp;&nbsp;&nbsp;&nbsp;	at org.testng.internal.Invoker.invokeMethod(Invoker.java:571)
<br />&nbsp;&nbsp;&nbsp;&nbsp;	at org.testng.internal.Invoker.invokeTestMethod(Invoker.java:707)
<br />&nbsp;&nbsp;&nbsp;&nbsp;	at org.testng.internal.Invoker.invokeTestMethods(Invoker.java:979)
<br />&nbsp;&nbsp;&nbsp;&nbsp;	at org.testng.internal.TestMethodWorker.invokeTestMethods(TestMethodWorker.java:125)
<br />&nbsp;&nbsp;&nbsp;&nbsp;	at org.testng.internal.TestMethodWorker.run(TestMethodWorker.java:109)
<br />&nbsp;&nbsp;&nbsp;&nbsp;	at org.testng.TestRunner.privateRun(TestRunner.java:648)
<br />&nbsp;&nbsp;&nbsp;&nbsp;	at org.testng.TestRunner.run(TestRunner.java:505)
<br />&nbsp;&nbsp;&nbsp;&nbsp;	at org.testng.SuiteRunner.runTest(SuiteRunner.java:455)
<br />&nbsp;&nbsp;&nbsp;&nbsp;	at org.testng.SuiteRunner.runSequentially(SuiteRunner.java:450)
<br />&nbsp;&nbsp;&nbsp;&nbsp;	at org.testng.SuiteRunner.privateRun(SuiteRunner.java:415)
<br />&nbsp;&nbsp;&nbsp;&nbsp;	at org.testng.SuiteRunner.run(SuiteRunner.java:364)
<br />&nbsp;&nbsp;&nbsp;&nbsp;	at org.testng.SuiteRunnerWorker.runSuite(SuiteRunnerWorker.java:52)
<br />&nbsp;&nbsp;&nbsp;&nbsp;	at org.testng.SuiteRunnerWorker.run(SuiteRunnerWorker.java:84)
<br />&nbsp;&nbsp;&nbsp;&nbsp;	at org.testng.TestNG.runSuitesSequentially(TestNG.java:1187)
<br />&nbsp;&nbsp;&nbsp;&nbsp;	at org.testng.TestNG.runSuitesLocally(TestNG.java:1116)
<br />&nbsp;&nbsp;&nbsp;&nbsp;	at org.testng.TestNG.runSuites(TestNG.java:1028)
<br />&nbsp;&nbsp;&nbsp;&nbsp;	at org.testng.TestNG.run(TestNG.java:996)
<br />&nbsp;&nbsp;&nbsp;&nbsp;	at org.testng.remote.AbstractRemoteTestNG.run(AbstractRemoteTestNG.java:115)
<br />&nbsp;&nbsp;&nbsp;&nbsp;	at org.testng.remote.RemoteTestNG.initAndRun(RemoteTestNG.java:251)
<br />&nbsp;&nbsp;&nbsp;&nbsp;	at org.testng.remote.RemoteTestNG.main(RemoteTestNG.java:77)
</td></tr>

<tr>
<td>01-02-2022 23:51:51,0343</td>
<td title="main thread">main</td>
<td title="Level"><font color="#993300"><strong>ERROR</strong></font></td>
<td title="suites.appsuites.CashBackSuite logger">suites.appsuites.CashBackSuite</td>
<td>CommonActions.java:395</td>
<td title="Message">Timed out waiting for 'visibilityOfElementLocated' on element 'By.xpath: //h4[normalize-space(text())='Enter the characters you see']' after 2 seconds</td>
</tr>
<tr><td bgcolor="#993300" style="color:White; font-size : small;" colspan="6">org.openqa.selenium.TimeoutException: Expected condition failed: waiting for visibility of element located by By.xpath: //h4[normalize-space(text())='Enter the characters you see'] (tried for 2 second(s) with 500 milliseconds interval)
<br />&nbsp;&nbsp;&nbsp;&nbsp;Build info: version: '4.0.0', revision: '3a21814679'
<br />&nbsp;&nbsp;&nbsp;&nbsp;System info: host: 'LAPTOP-0GLISK19', ip: '192.168.0.105', os.name: 'Windows 10', os.arch: 'amd64', os.version: '10.0', java.version: '1.8.0-262'
<br />&nbsp;&nbsp;&nbsp;&nbsp;Driver info: org.openqa.selenium.chrome.ChromeDriver
<br />&nbsp;&nbsp;&nbsp;&nbsp;Capabilities {acceptInsecureCerts: false, browserName: chrome, browserVersion: 97.0.4692.99, chrome: {chromedriverVersion: 97.0.4692.71 (adefa7837d02a..., userDataDir: C:\Users\MAYUR\AppData\Loca...}, goog:chromeOptions: {debuggerAddress: localhost:58312}, javascriptEnabled: true, networkConnectionEnabled: false, pageLoadStrategy: normal, platform: WINDOWS, platformName: WINDOWS, proxy: Proxy(), se:cdp: ws://localhost:58312/devtoo..., se:cdpVersion: 97.0.4692.99, setWindowRect: true, strictFileInteractability: false, timeouts: {implicit: 0, pageLoad: 300000, script: 30000}, unhandledPromptBehavior: dismiss and notify, webauthn:extension:credBlob: true, webauthn:extension:largeBlob: true, webauthn:virtualAuthenticators: true}
<br />&nbsp;&nbsp;&nbsp;&nbsp;Session ID: bbdde3fb8891c3b474adc75b75894d4f
<br />&nbsp;&nbsp;&nbsp;&nbsp;	at org.openqa.selenium.support.ui.WebDriverWait.timeoutException(WebDriverWait.java:138)
<br />&nbsp;&nbsp;&nbsp;&nbsp;	at org.openqa.selenium.support.ui.FluentWait.until(FluentWait.java:231)
<br />&nbsp;&nbsp;&nbsp;&nbsp;	at framework.framework.CommonActions.waitForElement(CommonActions.java:368)
<br />&nbsp;&nbsp;&nbsp;&nbsp;	at amazon.login.Login.launchAndLogin(Login.java:87)
<br />&nbsp;&nbsp;&nbsp;&nbsp;	at suites.appsuites.CashBackSuite.cashback(CashBackSuite.java:54)
<br />&nbsp;&nbsp;&nbsp;&nbsp;	at sun.reflect.NativeMethodAccessorImpl.invoke0(Native Method)
<br />&nbsp;&nbsp;&nbsp;&nbsp;	at sun.reflect.NativeMethodAccessorImpl.invoke(NativeMethodAccessorImpl.java:62)
<br />&nbsp;&nbsp;&nbsp;&nbsp;	at sun.reflect.DelegatingMethodAccessorImpl.invoke(DelegatingMethodAccessorImpl.java:43)
<br />&nbsp;&nbsp;&nbsp;&nbsp;	at java.lang.reflect.Method.invoke(Method.java:498)
<br />&nbsp;&nbsp;&nbsp;&nbsp;	at org.testng.internal.MethodInvocationHelper.invokeMethod(MethodInvocationHelper.java:124)
<br />&nbsp;&nbsp;&nbsp;&nbsp;	at org.testng.internal.Invoker.invokeMethod(Invoker.java:571)
<br />&nbsp;&nbsp;&nbsp;&nbsp;	at org.testng.internal.Invoker.invokeTestMethod(Invoker.java:707)
<br />&nbsp;&nbsp;&nbsp;&nbsp;	at org.testng.internal.Invoker.invokeTestMethods(Invoker.java:979)
<br />&nbsp;&nbsp;&nbsp;&nbsp;	at org.testng.internal.TestMethodWorker.invokeTestMethods(TestMethodWorker.java:125)
<br />&nbsp;&nbsp;&nbsp;&nbsp;	at org.testng.internal.TestMethodWorker.run(TestMethodWorker.java:109)
<br />&nbsp;&nbsp;&nbsp;&nbsp;	at org.testng.TestRunner.privateRun(TestRunner.java:648)
<br />&nbsp;&nbsp;&nbsp;&nbsp;	at org.testng.TestRunner.run(TestRunner.java:505)
<br />&nbsp;&nbsp;&nbsp;&nbsp;	at org.testng.SuiteRunner.runTest(SuiteRunner.java:455)
<br />&nbsp;&nbsp;&nbsp;&nbsp;	at org.testng.SuiteRunner.runSequentially(SuiteRunner.java:450)
<br />&nbsp;&nbsp;&nbsp;&nbsp;	at org.testng.SuiteRunner.privateRun(SuiteRunner.java:415)
<br />&nbsp;&nbsp;&nbsp;&nbsp;	at org.testng.SuiteRunner.run(SuiteRunner.java:364)
<br />&nbsp;&nbsp;&nbsp;&nbsp;	at org.testng.SuiteRunnerWorker.runSuite(SuiteRunnerWorker.java:52)
<br />&nbsp;&nbsp;&nbsp;&nbsp;	at org.testng.SuiteRunnerWorker.run(SuiteRunnerWorker.java:84)
<br />&nbsp;&nbsp;&nbsp;&nbsp;	at org.testng.TestNG.runSuitesSequentially(TestNG.java:1187)
<br />&nbsp;&nbsp;&nbsp;&nbsp;	at org.testng.TestNG.runSuitesLocally(TestNG.java:1116)
<br />&nbsp;&nbsp;&nbsp;&nbsp;	at org.testng.TestNG.runSuites(TestNG.java:1028)
<br />&nbsp;&nbsp;&nbsp;&nbsp;	at org.testng.TestNG.run(TestNG.java:996)
<br />&nbsp;&nbsp;&nbsp;&nbsp;	at org.testng.remote.AbstractRemoteTestNG.run(AbstractRemoteTestNG.java:115)
<br />&nbsp;&nbsp;&nbsp;&nbsp;	at org.testng.remote.RemoteTestNG.initAndRun(RemoteTestNG.java:251)
<br />&nbsp;&nbsp;&nbsp;&nbsp;	at org.testng.remote.RemoteTestNG.main(RemoteTestNG.java:77)
</td></tr>

<tr>
<td>01-02-2022 23:51:51,0370</td>
<td title="main thread">main</td>
<td title="Level"><font color="#339933">DEBUG</font></td>
<td title="suites.appsuites.CashBackSuite logger">suites.appsuites.CashBackSuite</td>
<td>Login.java:94</td>
<td title="Message">Amazon login successful</td>
</tr>

<tr>
<td>01-02-2022 23:51:51,0373</td>
<td title="main thread">main</td>
<td title="Level"><font color="#339933">DEBUG</font></td>
<td title="suites.appsuites.CashBackSuite logger">suites.appsuites.CashBackSuite</td>
<td>CommonActions.java:604</td>
<td title="Message">Switched to default content</td>
</tr>

<tr>
<td>01-02-2022 23:51:51,0379</td>
<td title="main thread">main</td>
<td title="Level"><font color="#339933">DEBUG</font></td>
<td title="suites.appsuites.CashBackSuite logger">suites.appsuites.CashBackSuite</td>
<td>CommonActions.java:268</td>
<td title="Message">Switched to given window for handle - CDwindow-0983C6B8F1536C0E252BACD55398A985</td>
</tr>

<tr>
<td>01-02-2022 23:51:51,0380</td>
<td title="main thread">main</td>
<td title="Level"><font color="#339933">DEBUG</font></td>
<td title="suites.appsuites.CashBackSuite logger">suites.appsuites.CashBackSuite</td>
<td>CommonActions.java:500</td>
<td title="Message">Switched to given window</td>
</tr>

<tr>
<td>01-02-2022 23:51:57,0601</td>
<td title="main thread">main</td>
<td title="Level"><font color="#339933">DEBUG</font></td>
<td title="suites.appsuites.CashBackSuite logger">suites.appsuites.CashBackSuite</td>
<td>CommonActions.java:161</td>
<td title="Message">URL: https://www.amazon.in/gp/flex/sign-out.html?path=%2Fgp%2Fyourstore%2Fhome&amp;useRedirectOnSuccess=1&amp;signIn=1&amp;action=sign-out&amp;ref_=nav_AccountFlyout_signout is launched</td>
</tr>

<tr>
<td>01-02-2022 23:51:57,0628</td>
<td title="main thread">main</td>
<td title="Level"><font color="#339933">DEBUG</font></td>
<td title="suites.appsuites.CashBackSuite logger">suites.appsuites.CashBackSuite</td>
<td>CommonActions.java:241</td>
<td title="Message">Wait For Page Load Status - complete</td>
</tr>

<tr>
<td>01-02-2022 23:51:57,0650</td>
<td title="main thread">main</td>
<td title="Level"><font color="#339933">DEBUG</font></td>
<td title="suites.appsuites.CashBackSuite logger">suites.appsuites.CashBackSuite</td>
<td>CommonFunctions.java:31</td>
<td title="Message">Logged out successfully</td>
</tr>

<tr>
<td>01-02-2022 23:51:57,0658</td>
<td title="main thread">main</td>
<td title="Level"><font color="#339933">DEBUG</font></td>
<td title="suites.appsuites.CashBackSuite logger">suites.appsuites.CashBackSuite</td>
<td>CommonActions.java:546</td>
<td title="Message">Writing in text file is completed successfully at path - ./status/cashback_01_February_2022.html</td>
</tr>

<tr>
<td>01-02-2022 23:51:57,0661</td>
<td title="main thread">main</td>
<td title="Level"><font color="#339933">DEBUG</font></td>
<td title="suites.appsuites.CashBackSuite logger">suites.appsuites.CashBackSuite</td>
<td>CommonActions.java:604</td>
<td title="Message">Switched to default content</td>
</tr>

<tr>
<td>01-02-2022 23:51:57,0667</td>
<td title="main thread">main</td>
<td title="Level"><font color="#339933">DEBUG</font></td>
<td title="suites.appsuites.CashBackSuite logger">suites.appsuites.CashBackSuite</td>
<td>CommonActions.java:268</td>
<td title="Message">Switched to given window for handle - CDwindow-0983C6B8F1536C0E252BACD55398A985</td>
</tr>

<tr>
<td>01-02-2022 23:51:57,0667</td>
<td title="main thread">main</td>
<td title="Level"><font color="#339933">DEBUG</font></td>
<td title="suites.appsuites.CashBackSuite logger">suites.appsuites.CashBackSuite</td>
<td>CommonActions.java:500</td>
<td title="Message">Switched to given window</td>
</tr>

<tr>
<td>01-02-2022 23:51:59,0054</td>
<td title="main thread">main</td>
<td title="Level"><font color="#339933">DEBUG</font></td>
<td title="suites.appsuites.CashBackSuite logger">suites.appsuites.CashBackSuite</td>
<td>CommonActions.java:161</td>
<td title="Message">URL: https://www.amazon.in/ap/signin?openid.pape.max_auth_age=900&amp;openid.return_to=https%3A%2F%2Fwww.amazon.in%2Fgp%2Fyourstore%2Fhome%3Fie%3DUTF8%26path%3D%252Fgp%252Fyourstore%252Fhome%26signIn%3D1%26useRedirectOnSuccess%3D1%26action%3Dsign-out%26ref_%3Dgno_signout&amp;openid.assoc_handle=inflex&amp;openid.mode=checkid_setup&amp;openid.ns=http%3A%2F%2Fspecs.openid.net%2Fauth%2F2.0 is launched</td>
</tr>

<tr>
<td>01-02-2022 23:51:59,0057</td>
<td title="main thread">main</td>
<td title="Level"><font color="#339933">DEBUG</font></td>
<td title="suites.appsuites.CashBackSuite logger">suites.appsuites.CashBackSuite</td>
<td>CommonActions.java:241</td>
<td title="Message">Wait For Page Load Status - complete</td>
</tr>

<tr>
<td>01-02-2022 23:51:59,0157</td>
<td title="main thread">main</td>
<td title="Level"><font color="#339933">DEBUG</font></td>
<td title="suites.appsuites.CashBackSuite logger">suites.appsuites.CashBackSuite</td>
<td>CommonActions.java:101</td>
<td title="Message">8603956549 is entered in 'By.name: email' Text Field</td>
</tr>

<tr>
<td>01-02-2022 23:52:00,0297</td>
<td title="main thread">main</td>
<td title="Level"><font color="#339933">DEBUG</font></td>
<td title="suites.appsuites.CashBackSuite logger">suites.appsuites.CashBackSuite</td>
<td>CommonActions.java:65</td>
<td title="Message">By.id: continue is clicked</td>
</tr>

<tr>
<td>01-02-2022 23:52:00,0316</td>
<td title="main thread">main</td>
<td title="Level"><font color="#339933">DEBUG</font></td>
<td title="suites.appsuites.CashBackSuite logger">suites.appsuites.CashBackSuite</td>
<td>CommonActions.java:241</td>
<td title="Message">Wait For Page Load Status - complete</td>
</tr>

<tr>
<td>01-02-2022 23:52:00,0337</td>
<td title="main thread">main</td>
<td title="Level"><font color="#339933">DEBUG</font></td>
<td title="suites.appsuites.CashBackSuite logger">suites.appsuites.CashBackSuite</td>
<td>Login.java:48</td>
<td title="Message">Entering phone number with country code</td>
</tr>

<tr>
<td>01-02-2022 23:52:00,0435</td>
<td title="main thread">main</td>
<td title="Level"><font color="#339933">DEBUG</font></td>
<td title="suites.appsuites.CashBackSuite logger">suites.appsuites.CashBackSuite</td>
<td>CommonActions.java:101</td>
<td title="Message">+918603956549 is entered in 'By.name: email' Text Field</td>
</tr>

<tr>
<td>01-02-2022 23:52:02,0448</td>
<td title="main thread">main</td>
<td title="Level"><font color="#339933">DEBUG</font></td>
<td title="suites.appsuites.CashBackSuite logger">suites.appsuites.CashBackSuite</td>
<td>CommonActions.java:65</td>
<td title="Message">By.id: continue is clicked</td>
</tr>

<tr>
<td>01-02-2022 23:52:02,0456</td>
<td title="main thread">main</td>
<td title="Level"><font color="#339933">DEBUG</font></td>
<td title="suites.appsuites.CashBackSuite logger">suites.appsuites.CashBackSuite</td>
<td>CommonActions.java:241</td>
<td title="Message">Wait For Page Load Status - complete</td>
</tr>

<tr>
<td>01-02-2022 23:52:12,0735</td>
<td title="main thread">main</td>
<td title="Level"><font color="#993300"><strong>ERROR</strong></font></td>
<td title="suites.appsuites.CashBackSuite logger">suites.appsuites.CashBackSuite</td>
<td>CommonActions.java:395</td>
<td title="Message">Timed out waiting for 'visibilityOfElementLocated' on element 'By.xpath: //*[normalize-space(text())='Incorrect phone number']' after 10 seconds</td>
</tr>
<tr><td bgcolor="#993300" style="color:White; font-size : small;" colspan="6">org.openqa.selenium.TimeoutException: Expected condition failed: waiting for visibility of element located by By.xpath: //*[normalize-space(text())='Incorrect phone number'] (tried for 10 second(s) with 500 milliseconds interval)
<br />&nbsp;&nbsp;&nbsp;&nbsp;Build info: version: '4.0.0', revision: '3a21814679'
<br />&nbsp;&nbsp;&nbsp;&nbsp;System info: host: 'LAPTOP-0GLISK19', ip: '192.168.0.105', os.name: 'Windows 10', os.arch: 'amd64', os.version: '10.0', java.version: '1.8.0-262'
<br />&nbsp;&nbsp;&nbsp;&nbsp;Driver info: org.openqa.selenium.chrome.ChromeDriver
<br />&nbsp;&nbsp;&nbsp;&nbsp;Capabilities {acceptInsecureCerts: false, browserName: chrome, browserVersion: 97.0.4692.99, chrome: {chromedriverVersion: 97.0.4692.71 (adefa7837d02a..., userDataDir: C:\Users\MAYUR\AppData\Loca...}, goog:chromeOptions: {debuggerAddress: localhost:58312}, javascriptEnabled: true, networkConnectionEnabled: false, pageLoadStrategy: normal, platform: WINDOWS, platformName: WINDOWS, proxy: Proxy(), se:cdp: ws://localhost:58312/devtoo..., se:cdpVersion: 97.0.4692.99, setWindowRect: true, strictFileInteractability: false, timeouts: {implicit: 0, pageLoad: 300000, script: 30000}, unhandledPromptBehavior: dismiss and notify, webauthn:extension:credBlob: true, webauthn:extension:largeBlob: true, webauthn:virtualAuthenticators: true}
<br />&nbsp;&nbsp;&nbsp;&nbsp;Session ID: bbdde3fb8891c3b474adc75b75894d4f
<br />&nbsp;&nbsp;&nbsp;&nbsp;	at org.openqa.selenium.support.ui.WebDriverWait.timeoutException(WebDriverWait.java:138)
<br />&nbsp;&nbsp;&nbsp;&nbsp;	at org.openqa.selenium.support.ui.FluentWait.until(FluentWait.java:231)
<br />&nbsp;&nbsp;&nbsp;&nbsp;	at framework.framework.CommonActions.waitForElement(CommonActions.java:368)
<br />&nbsp;&nbsp;&nbsp;&nbsp;	at amazon.login.Login.launchAndLogin(Login.java:60)
<br />&nbsp;&nbsp;&nbsp;&nbsp;	at suites.appsuites.CashBackSuite.cashback(CashBackSuite.java:54)
<br />&nbsp;&nbsp;&nbsp;&nbsp;	at sun.reflect.NativeMethodAccessorImpl.invoke0(Native Method)
<br />&nbsp;&nbsp;&nbsp;&nbsp;	at sun.reflect.NativeMethodAccessorImpl.invoke(NativeMethodAccessorImpl.java:62)
<br />&nbsp;&nbsp;&nbsp;&nbsp;	at sun.reflect.DelegatingMethodAccessorImpl.invoke(DelegatingMethodAccessorImpl.java:43)
<br />&nbsp;&nbsp;&nbsp;&nbsp;	at java.lang.reflect.Method.invoke(Method.java:498)
<br />&nbsp;&nbsp;&nbsp;&nbsp;	at org.testng.internal.MethodInvocationHelper.invokeMethod(MethodInvocationHelper.java:124)
<br />&nbsp;&nbsp;&nbsp;&nbsp;	at org.testng.internal.Invoker.invokeMethod(Invoker.java:571)
<br />&nbsp;&nbsp;&nbsp;&nbsp;	at org.testng.internal.Invoker.invokeTestMethod(Invoker.java:707)
<br />&nbsp;&nbsp;&nbsp;&nbsp;	at org.testng.internal.Invoker.invokeTestMethods(Invoker.java:979)
<br />&nbsp;&nbsp;&nbsp;&nbsp;	at org.testng.internal.TestMethodWorker.invokeTestMethods(TestMethodWorker.java:125)
<br />&nbsp;&nbsp;&nbsp;&nbsp;	at org.testng.internal.TestMethodWorker.run(TestMethodWorker.java:109)
<br />&nbsp;&nbsp;&nbsp;&nbsp;	at org.testng.TestRunner.privateRun(TestRunner.java:648)
<br />&nbsp;&nbsp;&nbsp;&nbsp;	at org.testng.TestRunner.run(TestRunner.java:505)
<br />&nbsp;&nbsp;&nbsp;&nbsp;	at org.testng.SuiteRunner.runTest(SuiteRunner.java:455)
<br />&nbsp;&nbsp;&nbsp;&nbsp;	at org.testng.SuiteRunner.runSequentially(SuiteRunner.java:450)
<br />&nbsp;&nbsp;&nbsp;&nbsp;	at org.testng.SuiteRunner.privateRun(SuiteRunner.java:415)
<br />&nbsp;&nbsp;&nbsp;&nbsp;	at org.testng.SuiteRunner.run(SuiteRunner.java:364)
<br />&nbsp;&nbsp;&nbsp;&nbsp;	at org.testng.SuiteRunnerWorker.runSuite(SuiteRunnerWorker.java:52)
<br />&nbsp;&nbsp;&nbsp;&nbsp;	at org.testng.SuiteRunnerWorker.run(SuiteRunnerWorker.java:84)
<br />&nbsp;&nbsp;&nbsp;&nbsp;	at org.testng.TestNG.runSuitesSequentially(TestNG.java:1187)
<br />&nbsp;&nbsp;&nbsp;&nbsp;	at org.testng.TestNG.runSuitesLocally(TestNG.java:1116)
<br />&nbsp;&nbsp;&nbsp;&nbsp;	at org.testng.TestNG.runSuites(TestNG.java:1028)
<br />&nbsp;&nbsp;&nbsp;&nbsp;	at org.testng.TestNG.run(TestNG.java:996)
<br />&nbsp;&nbsp;&nbsp;&nbsp;	at org.testng.remote.AbstractRemoteTestNG.run(AbstractRemoteTestNG.java:115)
<br />&nbsp;&nbsp;&nbsp;&nbsp;	at org.testng.remote.RemoteTestNG.initAndRun(RemoteTestNG.java:251)
<br />&nbsp;&nbsp;&nbsp;&nbsp;	at org.testng.remote.RemoteTestNG.main(RemoteTestNG.java:77)
</td></tr>

<tr>
<td>01-02-2022 23:52:12,0841</td>
<td title="main thread">main</td>
<td title="Level"><font color="#339933">DEBUG</font></td>
<td title="suites.appsuites.CashBackSuite logger">suites.appsuites.CashBackSuite</td>
<td>CommonActions.java:101</td>
<td title="Message">8603956549 is entered in 'By.name: password' Text Field</td>
</tr>

<tr>
<td>01-02-2022 23:52:12,0920</td>
<td title="main thread">main</td>
<td title="Level"><font color="#339933">DEBUG</font></td>
<td title="suites.appsuites.CashBackSuite logger">suites.appsuites.CashBackSuite</td>
<td>CommonActions.java:65</td>
<td title="Message">By.id: signInSubmit is clicked</td>
</tr>

<tr>
<td>01-02-2022 23:52:21,0639</td>
<td title="main thread">main</td>
<td title="Level"><font color="#339933">DEBUG</font></td>
<td title="suites.appsuites.CashBackSuite logger">suites.appsuites.CashBackSuite</td>
<td>CommonActions.java:241</td>
<td title="Message">Wait For Page Load Status - complete</td>
</tr>

<tr>
<td>01-02-2022 23:52:31,0973</td>
<td title="main thread">main</td>
<td title="Level"><font color="#993300"><strong>ERROR</strong></font></td>
<td title="suites.appsuites.CashBackSuite logger">suites.appsuites.CashBackSuite</td>
<td>CommonActions.java:395</td>
<td title="Message">Timed out waiting for 'visibilityOfElementLocated' on element 'By.xpath: //*[normalize-space(text())='Your password is incorrect']' after 10 seconds</td>
</tr>
<tr><td bgcolor="#993300" style="color:White; font-size : small;" colspan="6">org.openqa.selenium.TimeoutException: Expected condition failed: waiting for visibility of element located by By.xpath: //*[normalize-space(text())='Your password is incorrect'] (tried for 10 second(s) with 500 milliseconds interval)
<br />&nbsp;&nbsp;&nbsp;&nbsp;Build info: version: '4.0.0', revision: '3a21814679'
<br />&nbsp;&nbsp;&nbsp;&nbsp;System info: host: 'LAPTOP-0GLISK19', ip: '192.168.0.105', os.name: 'Windows 10', os.arch: 'amd64', os.version: '10.0', java.version: '1.8.0-262'
<br />&nbsp;&nbsp;&nbsp;&nbsp;Driver info: org.openqa.selenium.chrome.ChromeDriver
<br />&nbsp;&nbsp;&nbsp;&nbsp;Capabilities {acceptInsecureCerts: false, browserName: chrome, browserVersion: 97.0.4692.99, chrome: {chromedriverVersion: 97.0.4692.71 (adefa7837d02a..., userDataDir: C:\Users\MAYUR\AppData\Loca...}, goog:chromeOptions: {debuggerAddress: localhost:58312}, javascriptEnabled: true, networkConnectionEnabled: false, pageLoadStrategy: normal, platform: WINDOWS, platformName: WINDOWS, proxy: Proxy(), se:cdp: ws://localhost:58312/devtoo..., se:cdpVersion: 97.0.4692.99, setWindowRect: true, strictFileInteractability: false, timeouts: {implicit: 0, pageLoad: 300000, script: 30000}, unhandledPromptBehavior: dismiss and notify, webauthn:extension:credBlob: true, webauthn:extension:largeBlob: true, webauthn:virtualAuthenticators: true}
<br />&nbsp;&nbsp;&nbsp;&nbsp;Session ID: bbdde3fb8891c3b474adc75b75894d4f
<br />&nbsp;&nbsp;&nbsp;&nbsp;	at org.openqa.selenium.support.ui.WebDriverWait.timeoutException(WebDriverWait.java:138)
<br />&nbsp;&nbsp;&nbsp;&nbsp;	at org.openqa.selenium.support.ui.FluentWait.until(FluentWait.java:231)
<br />&nbsp;&nbsp;&nbsp;&nbsp;	at framework.framework.CommonActions.waitForElement(CommonActions.java:368)
<br />&nbsp;&nbsp;&nbsp;&nbsp;	at amazon.login.Login.launchAndLogin(Login.java:81)
<br />&nbsp;&nbsp;&nbsp;&nbsp;	at suites.appsuites.CashBackSuite.cashback(CashBackSuite.java:54)
<br />&nbsp;&nbsp;&nbsp;&nbsp;	at sun.reflect.NativeMethodAccessorImpl.invoke0(Native Method)
<br />&nbsp;&nbsp;&nbsp;&nbsp;	at sun.reflect.NativeMethodAccessorImpl.invoke(NativeMethodAccessorImpl.java:62)
<br />&nbsp;&nbsp;&nbsp;&nbsp;	at sun.reflect.DelegatingMethodAccessorImpl.invoke(DelegatingMethodAccessorImpl.java:43)
<br />&nbsp;&nbsp;&nbsp;&nbsp;	at java.lang.reflect.Method.invoke(Method.java:498)
<br />&nbsp;&nbsp;&nbsp;&nbsp;	at org.testng.internal.MethodInvocationHelper.invokeMethod(MethodInvocationHelper.java:124)
<br />&nbsp;&nbsp;&nbsp;&nbsp;	at org.testng.internal.Invoker.invokeMethod(Invoker.java:571)
<br />&nbsp;&nbsp;&nbsp;&nbsp;	at org.testng.internal.Invoker.invokeTestMethod(Invoker.java:707)
<br />&nbsp;&nbsp;&nbsp;&nbsp;	at org.testng.internal.Invoker.invokeTestMethods(Invoker.java:979)
<br />&nbsp;&nbsp;&nbsp;&nbsp;	at org.testng.internal.TestMethodWorker.invokeTestMethods(TestMethodWorker.java:125)
<br />&nbsp;&nbsp;&nbsp;&nbsp;	at org.testng.internal.TestMethodWorker.run(TestMethodWorker.java:109)
<br />&nbsp;&nbsp;&nbsp;&nbsp;	at org.testng.TestRunner.privateRun(TestRunner.java:648)
<br />&nbsp;&nbsp;&nbsp;&nbsp;	at org.testng.TestRunner.run(TestRunner.java:505)
<br />&nbsp;&nbsp;&nbsp;&nbsp;	at org.testng.SuiteRunner.runTest(SuiteRunner.java:455)
<br />&nbsp;&nbsp;&nbsp;&nbsp;	at org.testng.SuiteRunner.runSequentially(SuiteRunner.java:450)
<br />&nbsp;&nbsp;&nbsp;&nbsp;	at org.testng.SuiteRunner.privateRun(SuiteRunner.java:415)
<br />&nbsp;&nbsp;&nbsp;&nbsp;	at org.testng.SuiteRunner.run(SuiteRunner.java:364)
<br />&nbsp;&nbsp;&nbsp;&nbsp;	at org.testng.SuiteRunnerWorker.runSuite(SuiteRunnerWorker.java:52)
<br />&nbsp;&nbsp;&nbsp;&nbsp;	at org.testng.SuiteRunnerWorker.run(SuiteRunnerWorker.java:84)
<br />&nbsp;&nbsp;&nbsp;&nbsp;	at org.testng.TestNG.runSuitesSequentially(TestNG.java:1187)
<br />&nbsp;&nbsp;&nbsp;&nbsp;	at org.testng.TestNG.runSuitesLocally(TestNG.java:1116)
<br />&nbsp;&nbsp;&nbsp;&nbsp;	at org.testng.TestNG.runSuites(TestNG.java:1028)
<br />&nbsp;&nbsp;&nbsp;&nbsp;	at org.testng.TestNG.run(TestNG.java:996)
<br />&nbsp;&nbsp;&nbsp;&nbsp;	at org.testng.remote.AbstractRemoteTestNG.run(AbstractRemoteTestNG.java:115)
<br />&nbsp;&nbsp;&nbsp;&nbsp;	at org.testng.remote.RemoteTestNG.initAndRun(RemoteTestNG.java:251)
<br />&nbsp;&nbsp;&nbsp;&nbsp;	at org.testng.remote.RemoteTestNG.main(RemoteTestNG.java:77)
</td></tr>

<tr>
<td>01-02-2022 23:52:34,0036</td>
<td title="main thread">main</td>
<td title="Level"><font color="#993300"><strong>ERROR</strong></font></td>
<td title="suites.appsuites.CashBackSuite logger">suites.appsuites.CashBackSuite</td>
<td>CommonActions.java:395</td>
<td title="Message">Timed out waiting for 'visibilityOfElementLocated' on element 'By.xpath: //h4[normalize-space(text())='Enter the characters you see']' after 2 seconds</td>
</tr>
<tr><td bgcolor="#993300" style="color:White; font-size : small;" colspan="6">org.openqa.selenium.TimeoutException: Expected condition failed: waiting for visibility of element located by By.xpath: //h4[normalize-space(text())='Enter the characters you see'] (tried for 2 second(s) with 500 milliseconds interval)
<br />&nbsp;&nbsp;&nbsp;&nbsp;Build info: version: '4.0.0', revision: '3a21814679'
<br />&nbsp;&nbsp;&nbsp;&nbsp;System info: host: 'LAPTOP-0GLISK19', ip: '192.168.0.105', os.name: 'Windows 10', os.arch: 'amd64', os.version: '10.0', java.version: '1.8.0-262'
<br />&nbsp;&nbsp;&nbsp;&nbsp;Driver info: org.openqa.selenium.chrome.ChromeDriver
<br />&nbsp;&nbsp;&nbsp;&nbsp;Capabilities {acceptInsecureCerts: false, browserName: chrome, browserVersion: 97.0.4692.99, chrome: {chromedriverVersion: 97.0.4692.71 (adefa7837d02a..., userDataDir: C:\Users\MAYUR\AppData\Loca...}, goog:chromeOptions: {debuggerAddress: localhost:58312}, javascriptEnabled: true, networkConnectionEnabled: false, pageLoadStrategy: normal, platform: WINDOWS, platformName: WINDOWS, proxy: Proxy(), se:cdp: ws://localhost:58312/devtoo..., se:cdpVersion: 97.0.4692.99, setWindowRect: true, strictFileInteractability: false, timeouts: {implicit: 0, pageLoad: 300000, script: 30000}, unhandledPromptBehavior: dismiss and notify, webauthn:extension:credBlob: true, webauthn:extension:largeBlob: true, webauthn:virtualAuthenticators: true}
<br />&nbsp;&nbsp;&nbsp;&nbsp;Session ID: bbdde3fb8891c3b474adc75b75894d4f
<br />&nbsp;&nbsp;&nbsp;&nbsp;	at org.openqa.selenium.support.ui.WebDriverWait.timeoutException(WebDriverWait.java:138)
<br />&nbsp;&nbsp;&nbsp;&nbsp;	at org.openqa.selenium.support.ui.FluentWait.until(FluentWait.java:231)
<br />&nbsp;&nbsp;&nbsp;&nbsp;	at framework.framework.CommonActions.waitForElement(CommonActions.java:368)
<br />&nbsp;&nbsp;&nbsp;&nbsp;	at amazon.login.Login.launchAndLogin(Login.java:87)
<br />&nbsp;&nbsp;&nbsp;&nbsp;	at suites.appsuites.CashBackSuite.cashback(CashBackSuite.java:54)
<br />&nbsp;&nbsp;&nbsp;&nbsp;	at sun.reflect.NativeMethodAccessorImpl.invoke0(Native Method)
<br />&nbsp;&nbsp;&nbsp;&nbsp;	at sun.reflect.NativeMethodAccessorImpl.invoke(NativeMethodAccessorImpl.java:62)
<br />&nbsp;&nbsp;&nbsp;&nbsp;	at sun.reflect.DelegatingMethodAccessorImpl.invoke(DelegatingMethodAccessorImpl.java:43)
<br />&nbsp;&nbsp;&nbsp;&nbsp;	at java.lang.reflect.Method.invoke(Method.java:498)
<br />&nbsp;&nbsp;&nbsp;&nbsp;	at org.testng.internal.MethodInvocationHelper.invokeMethod(MethodInvocationHelper.java:124)
<br />&nbsp;&nbsp;&nbsp;&nbsp;	at org.testng.internal.Invoker.invokeMethod(Invoker.java:571)
<br />&nbsp;&nbsp;&nbsp;&nbsp;	at org.testng.internal.Invoker.invokeTestMethod(Invoker.java:707)
<br />&nbsp;&nbsp;&nbsp;&nbsp;	at org.testng.internal.Invoker.invokeTestMethods(Invoker.java:979)
<br />&nbsp;&nbsp;&nbsp;&nbsp;	at org.testng.internal.TestMethodWorker.invokeTestMethods(TestMethodWorker.java:125)
<br />&nbsp;&nbsp;&nbsp;&nbsp;	at org.testng.internal.TestMethodWorker.run(TestMethodWorker.java:109)
<br />&nbsp;&nbsp;&nbsp;&nbsp;	at org.testng.TestRunner.privateRun(TestRunner.java:648)
<br />&nbsp;&nbsp;&nbsp;&nbsp;	at org.testng.TestRunner.run(TestRunner.java:505)
<br />&nbsp;&nbsp;&nbsp;&nbsp;	at org.testng.SuiteRunner.runTest(SuiteRunner.java:455)
<br />&nbsp;&nbsp;&nbsp;&nbsp;	at org.testng.SuiteRunner.runSequentially(SuiteRunner.java:450)
<br />&nbsp;&nbsp;&nbsp;&nbsp;	at org.testng.SuiteRunner.privateRun(SuiteRunner.java:415)
<br />&nbsp;&nbsp;&nbsp;&nbsp;	at org.testng.SuiteRunner.run(SuiteRunner.java:364)
<br />&nbsp;&nbsp;&nbsp;&nbsp;	at org.testng.SuiteRunnerWorker.runSuite(SuiteRunnerWorker.java:52)
<br />&nbsp;&nbsp;&nbsp;&nbsp;	at org.testng.SuiteRunnerWorker.run(SuiteRunnerWorker.java:84)
<br />&nbsp;&nbsp;&nbsp;&nbsp;	at org.testng.TestNG.runSuitesSequentially(TestNG.java:1187)
<br />&nbsp;&nbsp;&nbsp;&nbsp;	at org.testng.TestNG.runSuitesLocally(TestNG.java:1116)
<br />&nbsp;&nbsp;&nbsp;&nbsp;	at org.testng.TestNG.runSuites(TestNG.java:1028)
<br />&nbsp;&nbsp;&nbsp;&nbsp;	at org.testng.TestNG.run(TestNG.java:996)
<br />&nbsp;&nbsp;&nbsp;&nbsp;	at org.testng.remote.AbstractRemoteTestNG.run(AbstractRemoteTestNG.java:115)
<br />&nbsp;&nbsp;&nbsp;&nbsp;	at org.testng.remote.RemoteTestNG.initAndRun(RemoteTestNG.java:251)
<br />&nbsp;&nbsp;&nbsp;&nbsp;	at org.testng.remote.RemoteTestNG.main(RemoteTestNG.java:77)
</td></tr>

<tr>
<td>01-02-2022 23:52:34,0063</td>
<td title="main thread">main</td>
<td title="Level"><font color="#339933">DEBUG</font></td>
<td title="suites.appsuites.CashBackSuite logger">suites.appsuites.CashBackSuite</td>
<td>Login.java:94</td>
<td title="Message">Amazon login successful</td>
</tr>

<tr>
<td>01-02-2022 23:52:34,0066</td>
<td title="main thread">main</td>
<td title="Level"><font color="#339933">DEBUG</font></td>
<td title="suites.appsuites.CashBackSuite logger">suites.appsuites.CashBackSuite</td>
<td>CommonActions.java:604</td>
<td title="Message">Switched to default content</td>
</tr>

<tr>
<td>01-02-2022 23:52:34,0071</td>
<td title="main thread">main</td>
<td title="Level"><font color="#339933">DEBUG</font></td>
<td title="suites.appsuites.CashBackSuite logger">suites.appsuites.CashBackSuite</td>
<td>CommonActions.java:268</td>
<td title="Message">Switched to given window for handle - CDwindow-0983C6B8F1536C0E252BACD55398A985</td>
</tr>

<tr>
<td>01-02-2022 23:52:34,0071</td>
<td title="main thread">main</td>
<td title="Level"><font color="#339933">DEBUG</font></td>
<td title="suites.appsuites.CashBackSuite logger">suites.appsuites.CashBackSuite</td>
<td>CommonActions.java:500</td>
<td title="Message">Switched to given window</td>
</tr>

<tr>
<td>01-02-2022 23:52:40,0089</td>
<td title="main thread">main</td>
<td title="Level"><font color="#339933">DEBUG</font></td>
<td title="suites.appsuites.CashBackSuite logger">suites.appsuites.CashBackSuite</td>
<td>CommonActions.java:161</td>
<td title="Message">URL: https://www.amazon.in/gp/flex/sign-out.html?path=%2Fgp%2Fyourstore%2Fhome&amp;useRedirectOnSuccess=1&amp;signIn=1&amp;action=sign-out&amp;ref_=nav_AccountFlyout_signout is launched</td>
</tr>

<tr>
<td>01-02-2022 23:52:40,0111</td>
<td title="main thread">main</td>
<td title="Level"><font color="#339933">DEBUG</font></td>
<td title="suites.appsuites.CashBackSuite logger">suites.appsuites.CashBackSuite</td>
<td>CommonActions.java:241</td>
<td title="Message">Wait For Page Load Status - complete</td>
</tr>

<tr>
<td>01-02-2022 23:52:40,0136</td>
<td title="main thread">main</td>
<td title="Level"><font color="#339933">DEBUG</font></td>
<td title="suites.appsuites.CashBackSuite logger">suites.appsuites.CashBackSuite</td>
<td>CommonFunctions.java:31</td>
<td title="Message">Logged out successfully</td>
</tr>

<tr>
<td>01-02-2022 23:52:40,0140</td>
<td title="main thread">main</td>
<td title="Level"><font color="#339933">DEBUG</font></td>
<td title="suites.appsuites.CashBackSuite logger">suites.appsuites.CashBackSuite</td>
<td>CommonActions.java:546</td>
<td title="Message">Writing in text file is completed successfully at path - ./status/cashback_01_February_2022.html</td>
</tr>

<tr>
<td>01-02-2022 23:52:40,0144</td>
<td title="main thread">main</td>
<td title="Level"><font color="#339933">DEBUG</font></td>
<td title="suites.appsuites.CashBackSuite logger">suites.appsuites.CashBackSuite</td>
<td>CommonActions.java:604</td>
<td title="Message">Switched to default content</td>
</tr>

<tr>
<td>01-02-2022 23:52:40,0149</td>
<td title="main thread">main</td>
<td title="Level"><font color="#339933">DEBUG</font></td>
<td title="suites.appsuites.CashBackSuite logger">suites.appsuites.CashBackSuite</td>
<td>CommonActions.java:268</td>
<td title="Message">Switched to given window for handle - CDwindow-0983C6B8F1536C0E252BACD55398A985</td>
</tr>

<tr>
<td>01-02-2022 23:52:40,0149</td>
<td title="main thread">main</td>
<td title="Level"><font color="#339933">DEBUG</font></td>
<td title="suites.appsuites.CashBackSuite logger">suites.appsuites.CashBackSuite</td>
<td>CommonActions.java:500</td>
<td title="Message">Switched to given window</td>
</tr>

<tr>
<td>01-02-2022 23:52:40,0924</td>
<td title="main thread">main</td>
<td title="Level"><font color="#339933">DEBUG</font></td>
<td title="suites.appsuites.CashBackSuite logger">suites.appsuites.CashBackSuite</td>
<td>CommonActions.java:161</td>
<td title="Message">URL: https://www.amazon.in/ap/signin?openid.pape.max_auth_age=900&amp;openid.return_to=https%3A%2F%2Fwww.amazon.in%2Fgp%2Fyourstore%2Fhome%3Fie%3DUTF8%26path%3D%252Fgp%252Fyourstore%252Fhome%26signIn%3D1%26useRedirectOnSuccess%3D1%26action%3Dsign-out%26ref_%3Dgno_signout&amp;openid.assoc_handle=inflex&amp;openid.mode=checkid_setup&amp;openid.ns=http%3A%2F%2Fspecs.openid.net%2Fauth%2F2.0 is launched</td>
</tr>

<tr>
<td>01-02-2022 23:52:40,0932</td>
<td title="main thread">main</td>
<td title="Level"><font color="#339933">DEBUG</font></td>
<td title="suites.appsuites.CashBackSuite logger">suites.appsuites.CashBackSuite</td>
<td>CommonActions.java:241</td>
<td title="Message">Wait For Page Load Status - complete</td>
</tr>

<tr>
<td>01-02-2022 23:52:41,0048</td>
<td title="main thread">main</td>
<td title="Level"><font color="#339933">DEBUG</font></td>
<td title="suites.appsuites.CashBackSuite logger">suites.appsuites.CashBackSuite</td>
<td>CommonActions.java:101</td>
<td title="Message">8899817475 is entered in 'By.name: email' Text Field</td>
</tr>

<tr>
<td>01-02-2022 23:52:42,0006</td>
<td title="main thread">main</td>
<td title="Level"><font color="#339933">DEBUG</font></td>
<td title="suites.appsuites.CashBackSuite logger">suites.appsuites.CashBackSuite</td>
<td>CommonActions.java:65</td>
<td title="Message">By.id: continue is clicked</td>
</tr>

<tr>
<td>01-02-2022 23:52:42,0031</td>
<td title="main thread">main</td>
<td title="Level"><font color="#339933">DEBUG</font></td>
<td title="suites.appsuites.CashBackSuite logger">suites.appsuites.CashBackSuite</td>
<td>CommonActions.java:241</td>
<td title="Message">Wait For Page Load Status - complete</td>
</tr>

<tr>
<td>01-02-2022 23:52:47,0189</td>
<td title="main thread">main</td>
<td title="Level"><font color="#993300"><strong>ERROR</strong></font></td>
<td title="suites.appsuites.CashBackSuite logger">suites.appsuites.CashBackSuite</td>
<td>CommonActions.java:395</td>
<td title="Message">Timed out waiting for 'visibilityOfElementLocated' on element 'By.xpath: //span[contains(text(),' country code')]' after 5 seconds</td>
</tr>
<tr><td bgcolor="#993300" style="color:White; font-size : small;" colspan="6">org.openqa.selenium.TimeoutException: Expected condition failed: waiting for visibility of element located by By.xpath: //span[contains(text(),' country code')] (tried for 5 second(s) with 500 milliseconds interval)
<br />&nbsp;&nbsp;&nbsp;&nbsp;Build info: version: '4.0.0', revision: '3a21814679'
<br />&nbsp;&nbsp;&nbsp;&nbsp;System info: host: 'LAPTOP-0GLISK19', ip: '192.168.0.105', os.name: 'Windows 10', os.arch: 'amd64', os.version: '10.0', java.version: '1.8.0-262'
<br />&nbsp;&nbsp;&nbsp;&nbsp;Driver info: org.openqa.selenium.chrome.ChromeDriver
<br />&nbsp;&nbsp;&nbsp;&nbsp;Capabilities {acceptInsecureCerts: false, browserName: chrome, browserVersion: 97.0.4692.99, chrome: {chromedriverVersion: 97.0.4692.71 (adefa7837d02a..., userDataDir: C:\Users\MAYUR\AppData\Loca...}, goog:chromeOptions: {debuggerAddress: localhost:58312}, javascriptEnabled: true, networkConnectionEnabled: false, pageLoadStrategy: normal, platform: WINDOWS, platformName: WINDOWS, proxy: Proxy(), se:cdp: ws://localhost:58312/devtoo..., se:cdpVersion: 97.0.4692.99, setWindowRect: true, strictFileInteractability: false, timeouts: {implicit: 0, pageLoad: 300000, script: 30000}, unhandledPromptBehavior: dismiss and notify, webauthn:extension:credBlob: true, webauthn:extension:largeBlob: true, webauthn:virtualAuthenticators: true}
<br />&nbsp;&nbsp;&nbsp;&nbsp;Session ID: bbdde3fb8891c3b474adc75b75894d4f
<br />&nbsp;&nbsp;&nbsp;&nbsp;	at org.openqa.selenium.support.ui.WebDriverWait.timeoutException(WebDriverWait.java:138)
<br />&nbsp;&nbsp;&nbsp;&nbsp;	at org.openqa.selenium.support.ui.FluentWait.until(FluentWait.java:231)
<br />&nbsp;&nbsp;&nbsp;&nbsp;	at framework.framework.CommonActions.waitForElement(CommonActions.java:368)
<br />&nbsp;&nbsp;&nbsp;&nbsp;	at amazon.login.Login.launchAndLogin(Login.java:46)
<br />&nbsp;&nbsp;&nbsp;&nbsp;	at suites.appsuites.CashBackSuite.cashback(CashBackSuite.java:54)
<br />&nbsp;&nbsp;&nbsp;&nbsp;	at sun.reflect.NativeMethodAccessorImpl.invoke0(Native Method)
<br />&nbsp;&nbsp;&nbsp;&nbsp;	at sun.reflect.NativeMethodAccessorImpl.invoke(NativeMethodAccessorImpl.java:62)
<br />&nbsp;&nbsp;&nbsp;&nbsp;	at sun.reflect.DelegatingMethodAccessorImpl.invoke(DelegatingMethodAccessorImpl.java:43)
<br />&nbsp;&nbsp;&nbsp;&nbsp;	at java.lang.reflect.Method.invoke(Method.java:498)
<br />&nbsp;&nbsp;&nbsp;&nbsp;	at org.testng.internal.MethodInvocationHelper.invokeMethod(MethodInvocationHelper.java:124)
<br />&nbsp;&nbsp;&nbsp;&nbsp;	at org.testng.internal.Invoker.invokeMethod(Invoker.java:571)
<br />&nbsp;&nbsp;&nbsp;&nbsp;	at org.testng.internal.Invoker.invokeTestMethod(Invoker.java:707)
<br />&nbsp;&nbsp;&nbsp;&nbsp;	at org.testng.internal.Invoker.invokeTestMethods(Invoker.java:979)
<br />&nbsp;&nbsp;&nbsp;&nbsp;	at org.testng.internal.TestMethodWorker.invokeTestMethods(TestMethodWorker.java:125)
<br />&nbsp;&nbsp;&nbsp;&nbsp;	at org.testng.internal.TestMethodWorker.run(TestMethodWorker.java:109)
<br />&nbsp;&nbsp;&nbsp;&nbsp;	at org.testng.TestRunner.privateRun(TestRunner.java:648)
<br />&nbsp;&nbsp;&nbsp;&nbsp;	at org.testng.TestRunner.run(TestRunner.java:505)
<br />&nbsp;&nbsp;&nbsp;&nbsp;	at org.testng.SuiteRunner.runTest(SuiteRunner.java:455)
<br />&nbsp;&nbsp;&nbsp;&nbsp;	at org.testng.SuiteRunner.runSequentially(SuiteRunner.java:450)
<br />&nbsp;&nbsp;&nbsp;&nbsp;	at org.testng.SuiteRunner.privateRun(SuiteRunner.java:415)
<br />&nbsp;&nbsp;&nbsp;&nbsp;	at org.testng.SuiteRunner.run(SuiteRunner.java:364)
<br />&nbsp;&nbsp;&nbsp;&nbsp;	at org.testng.SuiteRunnerWorker.runSuite(SuiteRunnerWorker.java:52)
<br />&nbsp;&nbsp;&nbsp;&nbsp;	at org.testng.SuiteRunnerWorker.run(SuiteRunnerWorker.java:84)
<br />&nbsp;&nbsp;&nbsp;&nbsp;	at org.testng.TestNG.runSuitesSequentially(TestNG.java:1187)
<br />&nbsp;&nbsp;&nbsp;&nbsp;	at org.testng.TestNG.runSuitesLocally(TestNG.java:1116)
<br />&nbsp;&nbsp;&nbsp;&nbsp;	at org.testng.TestNG.runSuites(TestNG.java:1028)
<br />&nbsp;&nbsp;&nbsp;&nbsp;	at org.testng.TestNG.run(TestNG.java:996)
<br />&nbsp;&nbsp;&nbsp;&nbsp;	at org.testng.remote.AbstractRemoteTestNG.run(AbstractRemoteTestNG.java:115)
<br />&nbsp;&nbsp;&nbsp;&nbsp;	at org.testng.remote.RemoteTestNG.initAndRun(RemoteTestNG.java:251)
<br />&nbsp;&nbsp;&nbsp;&nbsp;	at org.testng.remote.RemoteTestNG.main(RemoteTestNG.java:77)
</td></tr>

<tr>
<td>01-02-2022 23:52:57,0417</td>
<td title="main thread">main</td>
<td title="Level"><font color="#993300"><strong>ERROR</strong></font></td>
<td title="suites.appsuites.CashBackSuite logger">suites.appsuites.CashBackSuite</td>
<td>CommonActions.java:395</td>
<td title="Message">Timed out waiting for 'visibilityOfElementLocated' on element 'By.xpath: //*[normalize-space(text())='Incorrect phone number']' after 10 seconds</td>
</tr>
<tr><td bgcolor="#993300" style="color:White; font-size : small;" colspan="6">org.openqa.selenium.TimeoutException: Expected condition failed: waiting for visibility of element located by By.xpath: //*[normalize-space(text())='Incorrect phone number'] (tried for 10 second(s) with 500 milliseconds interval)
<br />&nbsp;&nbsp;&nbsp;&nbsp;Build info: version: '4.0.0', revision: '3a21814679'
<br />&nbsp;&nbsp;&nbsp;&nbsp;System info: host: 'LAPTOP-0GLISK19', ip: '192.168.0.105', os.name: 'Windows 10', os.arch: 'amd64', os.version: '10.0', java.version: '1.8.0-262'
<br />&nbsp;&nbsp;&nbsp;&nbsp;Driver info: org.openqa.selenium.chrome.ChromeDriver
<br />&nbsp;&nbsp;&nbsp;&nbsp;Capabilities {acceptInsecureCerts: false, browserName: chrome, browserVersion: 97.0.4692.99, chrome: {chromedriverVersion: 97.0.4692.71 (adefa7837d02a..., userDataDir: C:\Users\MAYUR\AppData\Loca...}, goog:chromeOptions: {debuggerAddress: localhost:58312}, javascriptEnabled: true, networkConnectionEnabled: false, pageLoadStrategy: normal, platform: WINDOWS, platformName: WINDOWS, proxy: Proxy(), se:cdp: ws://localhost:58312/devtoo..., se:cdpVersion: 97.0.4692.99, setWindowRect: true, strictFileInteractability: false, timeouts: {implicit: 0, pageLoad: 300000, script: 30000}, unhandledPromptBehavior: dismiss and notify, webauthn:extension:credBlob: true, webauthn:extension:largeBlob: true, webauthn:virtualAuthenticators: true}
<br />&nbsp;&nbsp;&nbsp;&nbsp;Session ID: bbdde3fb8891c3b474adc75b75894d4f
<br />&nbsp;&nbsp;&nbsp;&nbsp;	at org.openqa.selenium.support.ui.WebDriverWait.timeoutException(WebDriverWait.java:138)
<br />&nbsp;&nbsp;&nbsp;&nbsp;	at org.openqa.selenium.support.ui.FluentWait.until(FluentWait.java:231)
<br />&nbsp;&nbsp;&nbsp;&nbsp;	at framework.framework.CommonActions.waitForElement(CommonActions.java:368)
<br />&nbsp;&nbsp;&nbsp;&nbsp;	at amazon.login.Login.launchAndLogin(Login.java:60)
<br />&nbsp;&nbsp;&nbsp;&nbsp;	at suites.appsuites.CashBackSuite.cashback(CashBackSuite.java:54)
<br />&nbsp;&nbsp;&nbsp;&nbsp;	at sun.reflect.NativeMethodAccessorImpl.invoke0(Native Method)
<br />&nbsp;&nbsp;&nbsp;&nbsp;	at sun.reflect.NativeMethodAccessorImpl.invoke(NativeMethodAccessorImpl.java:62)
<br />&nbsp;&nbsp;&nbsp;&nbsp;	at sun.reflect.DelegatingMethodAccessorImpl.invoke(DelegatingMethodAccessorImpl.java:43)
<br />&nbsp;&nbsp;&nbsp;&nbsp;	at java.lang.reflect.Method.invoke(Method.java:498)
<br />&nbsp;&nbsp;&nbsp;&nbsp;	at org.testng.internal.MethodInvocationHelper.invokeMethod(MethodInvocationHelper.java:124)
<br />&nbsp;&nbsp;&nbsp;&nbsp;	at org.testng.internal.Invoker.invokeMethod(Invoker.java:571)
<br />&nbsp;&nbsp;&nbsp;&nbsp;	at org.testng.internal.Invoker.invokeTestMethod(Invoker.java:707)
<br />&nbsp;&nbsp;&nbsp;&nbsp;	at org.testng.internal.Invoker.invokeTestMethods(Invoker.java:979)
<br />&nbsp;&nbsp;&nbsp;&nbsp;	at org.testng.internal.TestMethodWorker.invokeTestMethods(TestMethodWorker.java:125)
<br />&nbsp;&nbsp;&nbsp;&nbsp;	at org.testng.internal.TestMethodWorker.run(TestMethodWorker.java:109)
<br />&nbsp;&nbsp;&nbsp;&nbsp;	at org.testng.TestRunner.privateRun(TestRunner.java:648)
<br />&nbsp;&nbsp;&nbsp;&nbsp;	at org.testng.TestRunner.run(TestRunner.java:505)
<br />&nbsp;&nbsp;&nbsp;&nbsp;	at org.testng.SuiteRunner.runTest(SuiteRunner.java:455)
<br />&nbsp;&nbsp;&nbsp;&nbsp;	at org.testng.SuiteRunner.runSequentially(SuiteRunner.java:450)
<br />&nbsp;&nbsp;&nbsp;&nbsp;	at org.testng.SuiteRunner.privateRun(SuiteRunner.java:415)
<br />&nbsp;&nbsp;&nbsp;&nbsp;	at org.testng.SuiteRunner.run(SuiteRunner.java:364)
<br />&nbsp;&nbsp;&nbsp;&nbsp;	at org.testng.SuiteRunnerWorker.runSuite(SuiteRunnerWorker.java:52)
<br />&nbsp;&nbsp;&nbsp;&nbsp;	at org.testng.SuiteRunnerWorker.run(SuiteRunnerWorker.java:84)
<br />&nbsp;&nbsp;&nbsp;&nbsp;	at org.testng.TestNG.runSuitesSequentially(TestNG.java:1187)
<br />&nbsp;&nbsp;&nbsp;&nbsp;	at org.testng.TestNG.runSuitesLocally(TestNG.java:1116)
<br />&nbsp;&nbsp;&nbsp;&nbsp;	at org.testng.TestNG.runSuites(TestNG.java:1028)
<br />&nbsp;&nbsp;&nbsp;&nbsp;	at org.testng.TestNG.run(TestNG.java:996)
<br />&nbsp;&nbsp;&nbsp;&nbsp;	at org.testng.remote.AbstractRemoteTestNG.run(AbstractRemoteTestNG.java:115)
<br />&nbsp;&nbsp;&nbsp;&nbsp;	at org.testng.remote.RemoteTestNG.initAndRun(RemoteTestNG.java:251)
<br />&nbsp;&nbsp;&nbsp;&nbsp;	at org.testng.remote.RemoteTestNG.main(RemoteTestNG.java:77)
</td></tr>

<tr>
<td>01-02-2022 23:52:57,0518</td>
<td title="main thread">main</td>
<td title="Level"><font color="#339933">DEBUG</font></td>
<td title="suites.appsuites.CashBackSuite logger">suites.appsuites.CashBackSuite</td>
<td>CommonActions.java:101</td>
<td title="Message">8899817475 is entered in 'By.name: password' Text Field</td>
</tr>

<tr>
<td>01-02-2022 23:52:57,0603</td>
<td title="main thread">main</td>
<td title="Level"><font color="#339933">DEBUG</font></td>
<td title="suites.appsuites.CashBackSuite logger">suites.appsuites.CashBackSuite</td>
<td>CommonActions.java:65</td>
<td title="Message">By.id: signInSubmit is clicked</td>
</tr>

<tr>
<td>01-02-2022 23:53:05,0769</td>
<td title="main thread">main</td>
<td title="Level"><font color="#339933">DEBUG</font></td>
<td title="suites.appsuites.CashBackSuite logger">suites.appsuites.CashBackSuite</td>
<td>CommonActions.java:241</td>
<td title="Message">Wait For Page Load Status - complete</td>
</tr>

<tr>
<td>01-02-2022 23:53:16,0078</td>
<td title="main thread">main</td>
<td title="Level"><font color="#993300"><strong>ERROR</strong></font></td>
<td title="suites.appsuites.CashBackSuite logger">suites.appsuites.CashBackSuite</td>
<td>CommonActions.java:395</td>
<td title="Message">Timed out waiting for 'visibilityOfElementLocated' on element 'By.xpath: //*[normalize-space(text())='Your password is incorrect']' after 10 seconds</td>
</tr>
<tr><td bgcolor="#993300" style="color:White; font-size : small;" colspan="6">org.openqa.selenium.TimeoutException: Expected condition failed: waiting for visibility of element located by By.xpath: //*[normalize-space(text())='Your password is incorrect'] (tried for 10 second(s) with 500 milliseconds interval)
<br />&nbsp;&nbsp;&nbsp;&nbsp;Build info: version: '4.0.0', revision: '3a21814679'
<br />&nbsp;&nbsp;&nbsp;&nbsp;System info: host: 'LAPTOP-0GLISK19', ip: '192.168.0.105', os.name: 'Windows 10', os.arch: 'amd64', os.version: '10.0', java.version: '1.8.0-262'
<br />&nbsp;&nbsp;&nbsp;&nbsp;Driver info: org.openqa.selenium.chrome.ChromeDriver
<br />&nbsp;&nbsp;&nbsp;&nbsp;Capabilities {acceptInsecureCerts: false, browserName: chrome, browserVersion: 97.0.4692.99, chrome: {chromedriverVersion: 97.0.4692.71 (adefa7837d02a..., userDataDir: C:\Users\MAYUR\AppData\Loca...}, goog:chromeOptions: {debuggerAddress: localhost:58312}, javascriptEnabled: true, networkConnectionEnabled: false, pageLoadStrategy: normal, platform: WINDOWS, platformName: WINDOWS, proxy: Proxy(), se:cdp: ws://localhost:58312/devtoo..., se:cdpVersion: 97.0.4692.99, setWindowRect: true, strictFileInteractability: false, timeouts: {implicit: 0, pageLoad: 300000, script: 30000}, unhandledPromptBehavior: dismiss and notify, webauthn:extension:credBlob: true, webauthn:extension:largeBlob: true, webauthn:virtualAuthenticators: true}
<br />&nbsp;&nbsp;&nbsp;&nbsp;Session ID: bbdde3fb8891c3b474adc75b75894d4f
<br />&nbsp;&nbsp;&nbsp;&nbsp;	at org.openqa.selenium.support.ui.WebDriverWait.timeoutException(WebDriverWait.java:138)
<br />&nbsp;&nbsp;&nbsp;&nbsp;	at org.openqa.selenium.support.ui.FluentWait.until(FluentWait.java:231)
<br />&nbsp;&nbsp;&nbsp;&nbsp;	at framework.framework.CommonActions.waitForElement(CommonActions.java:368)
<br />&nbsp;&nbsp;&nbsp;&nbsp;	at amazon.login.Login.launchAndLogin(Login.java:81)
<br />&nbsp;&nbsp;&nbsp;&nbsp;	at suites.appsuites.CashBackSuite.cashback(CashBackSuite.java:54)
<br />&nbsp;&nbsp;&nbsp;&nbsp;	at sun.reflect.NativeMethodAccessorImpl.invoke0(Native Method)
<br />&nbsp;&nbsp;&nbsp;&nbsp;	at sun.reflect.NativeMethodAccessorImpl.invoke(NativeMethodAccessorImpl.java:62)
<br />&nbsp;&nbsp;&nbsp;&nbsp;	at sun.reflect.DelegatingMethodAccessorImpl.invoke(DelegatingMethodAccessorImpl.java:43)
<br />&nbsp;&nbsp;&nbsp;&nbsp;	at java.lang.reflect.Method.invoke(Method.java:498)
<br />&nbsp;&nbsp;&nbsp;&nbsp;	at org.testng.internal.MethodInvocationHelper.invokeMethod(MethodInvocationHelper.java:124)
<br />&nbsp;&nbsp;&nbsp;&nbsp;	at org.testng.internal.Invoker.invokeMethod(Invoker.java:571)
<br />&nbsp;&nbsp;&nbsp;&nbsp;	at org.testng.internal.Invoker.invokeTestMethod(Invoker.java:707)
<br />&nbsp;&nbsp;&nbsp;&nbsp;	at org.testng.internal.Invoker.invokeTestMethods(Invoker.java:979)
<br />&nbsp;&nbsp;&nbsp;&nbsp;	at org.testng.internal.TestMethodWorker.invokeTestMethods(TestMethodWorker.java:125)
<br />&nbsp;&nbsp;&nbsp;&nbsp;	at org.testng.internal.TestMethodWorker.run(TestMethodWorker.java:109)
<br />&nbsp;&nbsp;&nbsp;&nbsp;	at org.testng.TestRunner.privateRun(TestRunner.java:648)
<br />&nbsp;&nbsp;&nbsp;&nbsp;	at org.testng.TestRunner.run(TestRunner.java:505)
<br />&nbsp;&nbsp;&nbsp;&nbsp;	at org.testng.SuiteRunner.runTest(SuiteRunner.java:455)
<br />&nbsp;&nbsp;&nbsp;&nbsp;	at org.testng.SuiteRunner.runSequentially(SuiteRunner.java:450)
<br />&nbsp;&nbsp;&nbsp;&nbsp;	at org.testng.SuiteRunner.privateRun(SuiteRunner.java:415)
<br />&nbsp;&nbsp;&nbsp;&nbsp;	at org.testng.SuiteRunner.run(SuiteRunner.java:364)
<br />&nbsp;&nbsp;&nbsp;&nbsp;	at org.testng.SuiteRunnerWorker.runSuite(SuiteRunnerWorker.java:52)
<br />&nbsp;&nbsp;&nbsp;&nbsp;	at org.testng.SuiteRunnerWorker.run(SuiteRunnerWorker.java:84)
<br />&nbsp;&nbsp;&nbsp;&nbsp;	at org.testng.TestNG.runSuitesSequentially(TestNG.java:1187)
<br />&nbsp;&nbsp;&nbsp;&nbsp;	at org.testng.TestNG.runSuitesLocally(TestNG.java:1116)
<br />&nbsp;&nbsp;&nbsp;&nbsp;	at org.testng.TestNG.runSuites(TestNG.java:1028)
<br />&nbsp;&nbsp;&nbsp;&nbsp;	at org.testng.TestNG.run(TestNG.java:996)
<br />&nbsp;&nbsp;&nbsp;&nbsp;	at org.testng.remote.AbstractRemoteTestNG.run(AbstractRemoteTestNG.java:115)
<br />&nbsp;&nbsp;&nbsp;&nbsp;	at org.testng.remote.RemoteTestNG.initAndRun(RemoteTestNG.java:251)
<br />&nbsp;&nbsp;&nbsp;&nbsp;	at org.testng.remote.RemoteTestNG.main(RemoteTestNG.java:77)
</td></tr>

<tr>
<td>01-02-2022 23:53:18,0146</td>
<td title="main thread">main</td>
<td title="Level"><font color="#993300"><strong>ERROR</strong></font></td>
<td title="suites.appsuites.CashBackSuite logger">suites.appsuites.CashBackSuite</td>
<td>CommonActions.java:395</td>
<td title="Message">Timed out waiting for 'visibilityOfElementLocated' on element 'By.xpath: //h4[normalize-space(text())='Enter the characters you see']' after 2 seconds</td>
</tr>
<tr><td bgcolor="#993300" style="color:White; font-size : small;" colspan="6">org.openqa.selenium.TimeoutException: Expected condition failed: waiting for visibility of element located by By.xpath: //h4[normalize-space(text())='Enter the characters you see'] (tried for 2 second(s) with 500 milliseconds interval)
<br />&nbsp;&nbsp;&nbsp;&nbsp;Build info: version: '4.0.0', revision: '3a21814679'
<br />&nbsp;&nbsp;&nbsp;&nbsp;System info: host: 'LAPTOP-0GLISK19', ip: '192.168.0.105', os.name: 'Windows 10', os.arch: 'amd64', os.version: '10.0', java.version: '1.8.0-262'
<br />&nbsp;&nbsp;&nbsp;&nbsp;Driver info: org.openqa.selenium.chrome.ChromeDriver
<br />&nbsp;&nbsp;&nbsp;&nbsp;Capabilities {acceptInsecureCerts: false, browserName: chrome, browserVersion: 97.0.4692.99, chrome: {chromedriverVersion: 97.0.4692.71 (adefa7837d02a..., userDataDir: C:\Users\MAYUR\AppData\Loca...}, goog:chromeOptions: {debuggerAddress: localhost:58312}, javascriptEnabled: true, networkConnectionEnabled: false, pageLoadStrategy: normal, platform: WINDOWS, platformName: WINDOWS, proxy: Proxy(), se:cdp: ws://localhost:58312/devtoo..., se:cdpVersion: 97.0.4692.99, setWindowRect: true, strictFileInteractability: false, timeouts: {implicit: 0, pageLoad: 300000, script: 30000}, unhandledPromptBehavior: dismiss and notify, webauthn:extension:credBlob: true, webauthn:extension:largeBlob: true, webauthn:virtualAuthenticators: true}
<br />&nbsp;&nbsp;&nbsp;&nbsp;Session ID: bbdde3fb8891c3b474adc75b75894d4f
<br />&nbsp;&nbsp;&nbsp;&nbsp;	at org.openqa.selenium.support.ui.WebDriverWait.timeoutException(WebDriverWait.java:138)
<br />&nbsp;&nbsp;&nbsp;&nbsp;	at org.openqa.selenium.support.ui.FluentWait.until(FluentWait.java:231)
<br />&nbsp;&nbsp;&nbsp;&nbsp;	at framework.framework.CommonActions.waitForElement(CommonActions.java:368)
<br />&nbsp;&nbsp;&nbsp;&nbsp;	at amazon.login.Login.launchAndLogin(Login.java:87)
<br />&nbsp;&nbsp;&nbsp;&nbsp;	at suites.appsuites.CashBackSuite.cashback(CashBackSuite.java:54)
<br />&nbsp;&nbsp;&nbsp;&nbsp;	at sun.reflect.NativeMethodAccessorImpl.invoke0(Native Method)
<br />&nbsp;&nbsp;&nbsp;&nbsp;	at sun.reflect.NativeMethodAccessorImpl.invoke(NativeMethodAccessorImpl.java:62)
<br />&nbsp;&nbsp;&nbsp;&nbsp;	at sun.reflect.DelegatingMethodAccessorImpl.invoke(DelegatingMethodAccessorImpl.java:43)
<br />&nbsp;&nbsp;&nbsp;&nbsp;	at java.lang.reflect.Method.invoke(Method.java:498)
<br />&nbsp;&nbsp;&nbsp;&nbsp;	at org.testng.internal.MethodInvocationHelper.invokeMethod(MethodInvocationHelper.java:124)
<br />&nbsp;&nbsp;&nbsp;&nbsp;	at org.testng.internal.Invoker.invokeMethod(Invoker.java:571)
<br />&nbsp;&nbsp;&nbsp;&nbsp;	at org.testng.internal.Invoker.invokeTestMethod(Invoker.java:707)
<br />&nbsp;&nbsp;&nbsp;&nbsp;	at org.testng.internal.Invoker.invokeTestMethods(Invoker.java:979)
<br />&nbsp;&nbsp;&nbsp;&nbsp;	at org.testng.internal.TestMethodWorker.invokeTestMethods(TestMethodWorker.java:125)
<br />&nbsp;&nbsp;&nbsp;&nbsp;	at org.testng.internal.TestMethodWorker.run(TestMethodWorker.java:109)
<br />&nbsp;&nbsp;&nbsp;&nbsp;	at org.testng.TestRunner.privateRun(TestRunner.java:648)
<br />&nbsp;&nbsp;&nbsp;&nbsp;	at org.testng.TestRunner.run(TestRunner.java:505)
<br />&nbsp;&nbsp;&nbsp;&nbsp;	at org.testng.SuiteRunner.runTest(SuiteRunner.java:455)
<br />&nbsp;&nbsp;&nbsp;&nbsp;	at org.testng.SuiteRunner.runSequentially(SuiteRunner.java:450)
<br />&nbsp;&nbsp;&nbsp;&nbsp;	at org.testng.SuiteRunner.privateRun(SuiteRunner.java:415)
<br />&nbsp;&nbsp;&nbsp;&nbsp;	at org.testng.SuiteRunner.run(SuiteRunner.java:364)
<br />&nbsp;&nbsp;&nbsp;&nbsp;	at org.testng.SuiteRunnerWorker.runSuite(SuiteRunnerWorker.java:52)
<br />&nbsp;&nbsp;&nbsp;&nbsp;	at org.testng.SuiteRunnerWorker.run(SuiteRunnerWorker.java:84)
<br />&nbsp;&nbsp;&nbsp;&nbsp;	at org.testng.TestNG.runSuitesSequentially(TestNG.java:1187)
<br />&nbsp;&nbsp;&nbsp;&nbsp;	at org.testng.TestNG.runSuitesLocally(TestNG.java:1116)
<br />&nbsp;&nbsp;&nbsp;&nbsp;	at org.testng.TestNG.runSuites(TestNG.java:1028)
<br />&nbsp;&nbsp;&nbsp;&nbsp;	at org.testng.TestNG.run(TestNG.java:996)
<br />&nbsp;&nbsp;&nbsp;&nbsp;	at org.testng.remote.AbstractRemoteTestNG.run(AbstractRemoteTestNG.java:115)
<br />&nbsp;&nbsp;&nbsp;&nbsp;	at org.testng.remote.RemoteTestNG.initAndRun(RemoteTestNG.java:251)
<br />&nbsp;&nbsp;&nbsp;&nbsp;	at org.testng.remote.RemoteTestNG.main(RemoteTestNG.java:77)
</td></tr>

<tr>
<td>01-02-2022 23:53:18,0168</td>
<td title="main thread">main</td>
<td title="Level"><font color="#339933">DEBUG</font></td>
<td title="suites.appsuites.CashBackSuite logger">suites.appsuites.CashBackSuite</td>
<td>Login.java:94</td>
<td title="Message">Amazon login successful</td>
</tr>

<tr>
<td>01-02-2022 23:53:18,0170</td>
<td title="main thread">main</td>
<td title="Level"><font color="#339933">DEBUG</font></td>
<td title="suites.appsuites.CashBackSuite logger">suites.appsuites.CashBackSuite</td>
<td>CommonActions.java:604</td>
<td title="Message">Switched to default content</td>
</tr>

<tr>
<td>01-02-2022 23:53:18,0176</td>
<td title="main thread">main</td>
<td title="Level"><font color="#339933">DEBUG</font></td>
<td title="suites.appsuites.CashBackSuite logger">suites.appsuites.CashBackSuite</td>
<td>CommonActions.java:268</td>
<td title="Message">Switched to given window for handle - CDwindow-0983C6B8F1536C0E252BACD55398A985</td>
</tr>

<tr>
<td>01-02-2022 23:53:18,0177</td>
<td title="main thread">main</td>
<td title="Level"><font color="#339933">DEBUG</font></td>
<td title="suites.appsuites.CashBackSuite logger">suites.appsuites.CashBackSuite</td>
<td>CommonActions.java:500</td>
<td title="Message">Switched to given window</td>
</tr>

<tr>
<td>01-02-2022 23:53:21,0803</td>
<td title="main thread">main</td>
<td title="Level"><font color="#339933">DEBUG</font></td>
<td title="suites.appsuites.CashBackSuite logger">suites.appsuites.CashBackSuite</td>
<td>CommonActions.java:161</td>
<td title="Message">URL: https://www.amazon.in/gp/flex/sign-out.html?path=%2Fgp%2Fyourstore%2Fhome&amp;useRedirectOnSuccess=1&amp;signIn=1&amp;action=sign-out&amp;ref_=nav_AccountFlyout_signout is launched</td>
</tr>

<tr>
<td>01-02-2022 23:53:21,0829</td>
<td title="main thread">main</td>
<td title="Level"><font color="#339933">DEBUG</font></td>
<td title="suites.appsuites.CashBackSuite logger">suites.appsuites.CashBackSuite</td>
<td>CommonActions.java:241</td>
<td title="Message">Wait For Page Load Status - complete</td>
</tr>

<tr>
<td>01-02-2022 23:53:21,0850</td>
<td title="main thread">main</td>
<td title="Level"><font color="#339933">DEBUG</font></td>
<td title="suites.appsuites.CashBackSuite logger">suites.appsuites.CashBackSuite</td>
<td>CommonFunctions.java:31</td>
<td title="Message">Logged out successfully</td>
</tr>

<tr>
<td>01-02-2022 23:53:21,0854</td>
<td title="main thread">main</td>
<td title="Level"><font color="#339933">DEBUG</font></td>
<td title="suites.appsuites.CashBackSuite logger">suites.appsuites.CashBackSuite</td>
<td>CommonActions.java:546</td>
<td title="Message">Writing in text file is completed successfully at path - ./status/cashback_01_February_2022.html</td>
</tr>

<tr>
<td>01-02-2022 23:53:21,0857</td>
<td title="main thread">main</td>
<td title="Level"><font color="#339933">DEBUG</font></td>
<td title="suites.appsuites.CashBackSuite logger">suites.appsuites.CashBackSuite</td>
<td>CommonActions.java:604</td>
<td title="Message">Switched to default content</td>
</tr>

<tr>
<td>01-02-2022 23:53:21,0862</td>
<td title="main thread">main</td>
<td title="Level"><font color="#339933">DEBUG</font></td>
<td title="suites.appsuites.CashBackSuite logger">suites.appsuites.CashBackSuite</td>
<td>CommonActions.java:268</td>
<td title="Message">Switched to given window for handle - CDwindow-0983C6B8F1536C0E252BACD55398A985</td>
</tr>

<tr>
<td>01-02-2022 23:53:21,0862</td>
<td title="main thread">main</td>
<td title="Level"><font color="#339933">DEBUG</font></td>
<td title="suites.appsuites.CashBackSuite logger">suites.appsuites.CashBackSuite</td>
<td>CommonActions.java:500</td>
<td title="Message">Switched to given window</td>
</tr>

<tr>
<td>01-02-2022 23:53:22,0555</td>
<td title="main thread">main</td>
<td title="Level"><font color="#339933">DEBUG</font></td>
<td title="suites.appsuites.CashBackSuite logger">suites.appsuites.CashBackSuite</td>
<td>CommonActions.java:161</td>
<td title="Message">URL: https://www.amazon.in/ap/signin?openid.pape.max_auth_age=900&amp;openid.return_to=https%3A%2F%2Fwww.amazon.in%2Fgp%2Fyourstore%2Fhome%3Fie%3DUTF8%26path%3D%252Fgp%252Fyourstore%252Fhome%26signIn%3D1%26useRedirectOnSuccess%3D1%26action%3Dsign-out%26ref_%3Dgno_signout&amp;openid.assoc_handle=inflex&amp;openid.mode=checkid_setup&amp;openid.ns=http%3A%2F%2Fspecs.openid.net%2Fauth%2F2.0 is launched</td>
</tr>

<tr>
<td>01-02-2022 23:53:22,0577</td>
<td title="main thread">main</td>
<td title="Level"><font color="#339933">DEBUG</font></td>
<td title="suites.appsuites.CashBackSuite logger">suites.appsuites.CashBackSuite</td>
<td>CommonActions.java:241</td>
<td title="Message">Wait For Page Load Status - complete</td>
</tr>

<tr>
<td>01-02-2022 23:53:22,0684</td>
<td title="main thread">main</td>
<td title="Level"><font color="#339933">DEBUG</font></td>
<td title="suites.appsuites.CashBackSuite logger">suites.appsuites.CashBackSuite</td>
<td>CommonActions.java:101</td>
<td title="Message">9787626681 is entered in 'By.name: email' Text Field</td>
</tr>

<tr>
<td>01-02-2022 23:53:23,0761</td>
<td title="main thread">main</td>
<td title="Level"><font color="#339933">DEBUG</font></td>
<td title="suites.appsuites.CashBackSuite logger">suites.appsuites.CashBackSuite</td>
<td>CommonActions.java:65</td>
<td title="Message">By.id: continue is clicked</td>
</tr>

<tr>
<td>01-02-2022 23:53:23,0772</td>
<td title="main thread">main</td>
<td title="Level"><font color="#339933">DEBUG</font></td>
<td title="suites.appsuites.CashBackSuite logger">suites.appsuites.CashBackSuite</td>
<td>CommonActions.java:241</td>
<td title="Message">Wait For Page Load Status - complete</td>
</tr>

<tr>
<td>01-02-2022 23:53:28,0881</td>
<td title="main thread">main</td>
<td title="Level"><font color="#993300"><strong>ERROR</strong></font></td>
<td title="suites.appsuites.CashBackSuite logger">suites.appsuites.CashBackSuite</td>
<td>CommonActions.java:395</td>
<td title="Message">Timed out waiting for 'visibilityOfElementLocated' on element 'By.xpath: //span[contains(text(),' country code')]' after 5 seconds</td>
</tr>
<tr><td bgcolor="#993300" style="color:White; font-size : small;" colspan="6">org.openqa.selenium.TimeoutException: Expected condition failed: waiting for visibility of element located by By.xpath: //span[contains(text(),' country code')] (tried for 5 second(s) with 500 milliseconds interval)
<br />&nbsp;&nbsp;&nbsp;&nbsp;Build info: version: '4.0.0', revision: '3a21814679'
<br />&nbsp;&nbsp;&nbsp;&nbsp;System info: host: 'LAPTOP-0GLISK19', ip: '192.168.0.105', os.name: 'Windows 10', os.arch: 'amd64', os.version: '10.0', java.version: '1.8.0-262'
<br />&nbsp;&nbsp;&nbsp;&nbsp;Driver info: org.openqa.selenium.chrome.ChromeDriver
<br />&nbsp;&nbsp;&nbsp;&nbsp;Capabilities {acceptInsecureCerts: false, browserName: chrome, browserVersion: 97.0.4692.99, chrome: {chromedriverVersion: 97.0.4692.71 (adefa7837d02a..., userDataDir: C:\Users\MAYUR\AppData\Loca...}, goog:chromeOptions: {debuggerAddress: localhost:58312}, javascriptEnabled: true, networkConnectionEnabled: false, pageLoadStrategy: normal, platform: WINDOWS, platformName: WINDOWS, proxy: Proxy(), se:cdp: ws://localhost:58312/devtoo..., se:cdpVersion: 97.0.4692.99, setWindowRect: true, strictFileInteractability: false, timeouts: {implicit: 0, pageLoad: 300000, script: 30000}, unhandledPromptBehavior: dismiss and notify, webauthn:extension:credBlob: true, webauthn:extension:largeBlob: true, webauthn:virtualAuthenticators: true}
<br />&nbsp;&nbsp;&nbsp;&nbsp;Session ID: bbdde3fb8891c3b474adc75b75894d4f
<br />&nbsp;&nbsp;&nbsp;&nbsp;	at org.openqa.selenium.support.ui.WebDriverWait.timeoutException(WebDriverWait.java:138)
<br />&nbsp;&nbsp;&nbsp;&nbsp;	at org.openqa.selenium.support.ui.FluentWait.until(FluentWait.java:231)
<br />&nbsp;&nbsp;&nbsp;&nbsp;	at framework.framework.CommonActions.waitForElement(CommonActions.java:368)
<br />&nbsp;&nbsp;&nbsp;&nbsp;	at amazon.login.Login.launchAndLogin(Login.java:46)
<br />&nbsp;&nbsp;&nbsp;&nbsp;	at suites.appsuites.CashBackSuite.cashback(CashBackSuite.java:54)
<br />&nbsp;&nbsp;&nbsp;&nbsp;	at sun.reflect.NativeMethodAccessorImpl.invoke0(Native Method)
<br />&nbsp;&nbsp;&nbsp;&nbsp;	at sun.reflect.NativeMethodAccessorImpl.invoke(NativeMethodAccessorImpl.java:62)
<br />&nbsp;&nbsp;&nbsp;&nbsp;	at sun.reflect.DelegatingMethodAccessorImpl.invoke(DelegatingMethodAccessorImpl.java:43)
<br />&nbsp;&nbsp;&nbsp;&nbsp;	at java.lang.reflect.Method.invoke(Method.java:498)
<br />&nbsp;&nbsp;&nbsp;&nbsp;	at org.testng.internal.MethodInvocationHelper.invokeMethod(MethodInvocationHelper.java:124)
<br />&nbsp;&nbsp;&nbsp;&nbsp;	at org.testng.internal.Invoker.invokeMethod(Invoker.java:571)
<br />&nbsp;&nbsp;&nbsp;&nbsp;	at org.testng.internal.Invoker.invokeTestMethod(Invoker.java:707)
<br />&nbsp;&nbsp;&nbsp;&nbsp;	at org.testng.internal.Invoker.invokeTestMethods(Invoker.java:979)
<br />&nbsp;&nbsp;&nbsp;&nbsp;	at org.testng.internal.TestMethodWorker.invokeTestMethods(TestMethodWorker.java:125)
<br />&nbsp;&nbsp;&nbsp;&nbsp;	at org.testng.internal.TestMethodWorker.run(TestMethodWorker.java:109)
<br />&nbsp;&nbsp;&nbsp;&nbsp;	at org.testng.TestRunner.privateRun(TestRunner.java:648)
<br />&nbsp;&nbsp;&nbsp;&nbsp;	at org.testng.TestRunner.run(TestRunner.java:505)
<br />&nbsp;&nbsp;&nbsp;&nbsp;	at org.testng.SuiteRunner.runTest(SuiteRunner.java:455)
<br />&nbsp;&nbsp;&nbsp;&nbsp;	at org.testng.SuiteRunner.runSequentially(SuiteRunner.java:450)
<br />&nbsp;&nbsp;&nbsp;&nbsp;	at org.testng.SuiteRunner.privateRun(SuiteRunner.java:415)
<br />&nbsp;&nbsp;&nbsp;&nbsp;	at org.testng.SuiteRunner.run(SuiteRunner.java:364)
<br />&nbsp;&nbsp;&nbsp;&nbsp;	at org.testng.SuiteRunnerWorker.runSuite(SuiteRunnerWorker.java:52)
<br />&nbsp;&nbsp;&nbsp;&nbsp;	at org.testng.SuiteRunnerWorker.run(SuiteRunnerWorker.java:84)
<br />&nbsp;&nbsp;&nbsp;&nbsp;	at org.testng.TestNG.runSuitesSequentially(TestNG.java:1187)
<br />&nbsp;&nbsp;&nbsp;&nbsp;	at org.testng.TestNG.runSuitesLocally(TestNG.java:1116)
<br />&nbsp;&nbsp;&nbsp;&nbsp;	at org.testng.TestNG.runSuites(TestNG.java:1028)
<br />&nbsp;&nbsp;&nbsp;&nbsp;	at org.testng.TestNG.run(TestNG.java:996)
<br />&nbsp;&nbsp;&nbsp;&nbsp;	at org.testng.remote.AbstractRemoteTestNG.run(AbstractRemoteTestNG.java:115)
<br />&nbsp;&nbsp;&nbsp;&nbsp;	at org.testng.remote.RemoteTestNG.initAndRun(RemoteTestNG.java:251)
<br />&nbsp;&nbsp;&nbsp;&nbsp;	at org.testng.remote.RemoteTestNG.main(RemoteTestNG.java:77)
</td></tr>

<tr>
<td>01-02-2022 23:53:39,0105</td>
<td title="main thread">main</td>
<td title="Level"><font color="#993300"><strong>ERROR</strong></font></td>
<td title="suites.appsuites.CashBackSuite logger">suites.appsuites.CashBackSuite</td>
<td>CommonActions.java:395</td>
<td title="Message">Timed out waiting for 'visibilityOfElementLocated' on element 'By.xpath: //*[normalize-space(text())='Incorrect phone number']' after 10 seconds</td>
</tr>
<tr><td bgcolor="#993300" style="color:White; font-size : small;" colspan="6">org.openqa.selenium.TimeoutException: Expected condition failed: waiting for visibility of element located by By.xpath: //*[normalize-space(text())='Incorrect phone number'] (tried for 10 second(s) with 500 milliseconds interval)
<br />&nbsp;&nbsp;&nbsp;&nbsp;Build info: version: '4.0.0', revision: '3a21814679'
<br />&nbsp;&nbsp;&nbsp;&nbsp;System info: host: 'LAPTOP-0GLISK19', ip: '192.168.0.105', os.name: 'Windows 10', os.arch: 'amd64', os.version: '10.0', java.version: '1.8.0-262'
<br />&nbsp;&nbsp;&nbsp;&nbsp;Driver info: org.openqa.selenium.chrome.ChromeDriver
<br />&nbsp;&nbsp;&nbsp;&nbsp;Capabilities {acceptInsecureCerts: false, browserName: chrome, browserVersion: 97.0.4692.99, chrome: {chromedriverVersion: 97.0.4692.71 (adefa7837d02a..., userDataDir: C:\Users\MAYUR\AppData\Loca...}, goog:chromeOptions: {debuggerAddress: localhost:58312}, javascriptEnabled: true, networkConnectionEnabled: false, pageLoadStrategy: normal, platform: WINDOWS, platformName: WINDOWS, proxy: Proxy(), se:cdp: ws://localhost:58312/devtoo..., se:cdpVersion: 97.0.4692.99, setWindowRect: true, strictFileInteractability: false, timeouts: {implicit: 0, pageLoad: 300000, script: 30000}, unhandledPromptBehavior: dismiss and notify, webauthn:extension:credBlob: true, webauthn:extension:largeBlob: true, webauthn:virtualAuthenticators: true}
<br />&nbsp;&nbsp;&nbsp;&nbsp;Session ID: bbdde3fb8891c3b474adc75b75894d4f
<br />&nbsp;&nbsp;&nbsp;&nbsp;	at org.openqa.selenium.support.ui.WebDriverWait.timeoutException(WebDriverWait.java:138)
<br />&nbsp;&nbsp;&nbsp;&nbsp;	at org.openqa.selenium.support.ui.FluentWait.until(FluentWait.java:231)
<br />&nbsp;&nbsp;&nbsp;&nbsp;	at framework.framework.CommonActions.waitForElement(CommonActions.java:368)
<br />&nbsp;&nbsp;&nbsp;&nbsp;	at amazon.login.Login.launchAndLogin(Login.java:60)
<br />&nbsp;&nbsp;&nbsp;&nbsp;	at suites.appsuites.CashBackSuite.cashback(CashBackSuite.java:54)
<br />&nbsp;&nbsp;&nbsp;&nbsp;	at sun.reflect.NativeMethodAccessorImpl.invoke0(Native Method)
<br />&nbsp;&nbsp;&nbsp;&nbsp;	at sun.reflect.NativeMethodAccessorImpl.invoke(NativeMethodAccessorImpl.java:62)
<br />&nbsp;&nbsp;&nbsp;&nbsp;	at sun.reflect.DelegatingMethodAccessorImpl.invoke(DelegatingMethodAccessorImpl.java:43)
<br />&nbsp;&nbsp;&nbsp;&nbsp;	at java.lang.reflect.Method.invoke(Method.java:498)
<br />&nbsp;&nbsp;&nbsp;&nbsp;	at org.testng.internal.MethodInvocationHelper.invokeMethod(MethodInvocationHelper.java:124)
<br />&nbsp;&nbsp;&nbsp;&nbsp;	at org.testng.internal.Invoker.invokeMethod(Invoker.java:571)
<br />&nbsp;&nbsp;&nbsp;&nbsp;	at org.testng.internal.Invoker.invokeTestMethod(Invoker.java:707)
<br />&nbsp;&nbsp;&nbsp;&nbsp;	at org.testng.internal.Invoker.invokeTestMethods(Invoker.java:979)
<br />&nbsp;&nbsp;&nbsp;&nbsp;	at org.testng.internal.TestMethodWorker.invokeTestMethods(TestMethodWorker.java:125)
<br />&nbsp;&nbsp;&nbsp;&nbsp;	at org.testng.internal.TestMethodWorker.run(TestMethodWorker.java:109)
<br />&nbsp;&nbsp;&nbsp;&nbsp;	at org.testng.TestRunner.privateRun(TestRunner.java:648)
<br />&nbsp;&nbsp;&nbsp;&nbsp;	at org.testng.TestRunner.run(TestRunner.java:505)
<br />&nbsp;&nbsp;&nbsp;&nbsp;	at org.testng.SuiteRunner.runTest(SuiteRunner.java:455)
<br />&nbsp;&nbsp;&nbsp;&nbsp;	at org.testng.SuiteRunner.runSequentially(SuiteRunner.java:450)
<br />&nbsp;&nbsp;&nbsp;&nbsp;	at org.testng.SuiteRunner.privateRun(SuiteRunner.java:415)
<br />&nbsp;&nbsp;&nbsp;&nbsp;	at org.testng.SuiteRunner.run(SuiteRunner.java:364)
<br />&nbsp;&nbsp;&nbsp;&nbsp;	at org.testng.SuiteRunnerWorker.runSuite(SuiteRunnerWorker.java:52)
<br />&nbsp;&nbsp;&nbsp;&nbsp;	at org.testng.SuiteRunnerWorker.run(SuiteRunnerWorker.java:84)
<br />&nbsp;&nbsp;&nbsp;&nbsp;	at org.testng.TestNG.runSuitesSequentially(TestNG.java:1187)
<br />&nbsp;&nbsp;&nbsp;&nbsp;	at org.testng.TestNG.runSuitesLocally(TestNG.java:1116)
<br />&nbsp;&nbsp;&nbsp;&nbsp;	at org.testng.TestNG.runSuites(TestNG.java:1028)
<br />&nbsp;&nbsp;&nbsp;&nbsp;	at org.testng.TestNG.run(TestNG.java:996)
<br />&nbsp;&nbsp;&nbsp;&nbsp;	at org.testng.remote.AbstractRemoteTestNG.run(AbstractRemoteTestNG.java:115)
<br />&nbsp;&nbsp;&nbsp;&nbsp;	at org.testng.remote.RemoteTestNG.initAndRun(RemoteTestNG.java:251)
<br />&nbsp;&nbsp;&nbsp;&nbsp;	at org.testng.remote.RemoteTestNG.main(RemoteTestNG.java:77)
</td></tr>

<tr>
<td>01-02-2022 23:53:39,0209</td>
<td title="main thread">main</td>
<td title="Level"><font color="#339933">DEBUG</font></td>
<td title="suites.appsuites.CashBackSuite logger">suites.appsuites.CashBackSuite</td>
<td>CommonActions.java:101</td>
<td title="Message">9787626681 is entered in 'By.name: password' Text Field</td>
</tr>

<tr>
<td>01-02-2022 23:53:39,0297</td>
<td title="main thread">main</td>
<td title="Level"><font color="#339933">DEBUG</font></td>
<td title="suites.appsuites.CashBackSuite logger">suites.appsuites.CashBackSuite</td>
<td>CommonActions.java:65</td>
<td title="Message">By.id: signInSubmit is clicked</td>
</tr>

<tr>
<td>01-02-2022 23:53:41,0265</td>
<td title="main thread">main</td>
<td title="Level"><font color="#339933">DEBUG</font></td>
<td title="suites.appsuites.CashBackSuite logger">suites.appsuites.CashBackSuite</td>
<td>CommonActions.java:241</td>
<td title="Message">Wait For Page Load Status - complete</td>
</tr>

<tr>
<td>01-02-2022 23:53:51,0615</td>
<td title="main thread">main</td>
<td title="Level"><font color="#993300"><strong>ERROR</strong></font></td>
<td title="suites.appsuites.CashBackSuite logger">suites.appsuites.CashBackSuite</td>
<td>CommonActions.java:395</td>
<td title="Message">Timed out waiting for 'visibilityOfElementLocated' on element 'By.xpath: //*[normalize-space(text())='Your password is incorrect']' after 10 seconds</td>
</tr>
<tr><td bgcolor="#993300" style="color:White; font-size : small;" colspan="6">org.openqa.selenium.TimeoutException: Expected condition failed: waiting for visibility of element located by By.xpath: //*[normalize-space(text())='Your password is incorrect'] (tried for 10 second(s) with 500 milliseconds interval)
<br />&nbsp;&nbsp;&nbsp;&nbsp;Build info: version: '4.0.0', revision: '3a21814679'
<br />&nbsp;&nbsp;&nbsp;&nbsp;System info: host: 'LAPTOP-0GLISK19', ip: '192.168.0.105', os.name: 'Windows 10', os.arch: 'amd64', os.version: '10.0', java.version: '1.8.0-262'
<br />&nbsp;&nbsp;&nbsp;&nbsp;Driver info: org.openqa.selenium.chrome.ChromeDriver
<br />&nbsp;&nbsp;&nbsp;&nbsp;Capabilities {acceptInsecureCerts: false, browserName: chrome, browserVersion: 97.0.4692.99, chrome: {chromedriverVersion: 97.0.4692.71 (adefa7837d02a..., userDataDir: C:\Users\MAYUR\AppData\Loca...}, goog:chromeOptions: {debuggerAddress: localhost:58312}, javascriptEnabled: true, networkConnectionEnabled: false, pageLoadStrategy: normal, platform: WINDOWS, platformName: WINDOWS, proxy: Proxy(), se:cdp: ws://localhost:58312/devtoo..., se:cdpVersion: 97.0.4692.99, setWindowRect: true, strictFileInteractability: false, timeouts: {implicit: 0, pageLoad: 300000, script: 30000}, unhandledPromptBehavior: dismiss and notify, webauthn:extension:credBlob: true, webauthn:extension:largeBlob: true, webauthn:virtualAuthenticators: true}
<br />&nbsp;&nbsp;&nbsp;&nbsp;Session ID: bbdde3fb8891c3b474adc75b75894d4f
<br />&nbsp;&nbsp;&nbsp;&nbsp;	at org.openqa.selenium.support.ui.WebDriverWait.timeoutException(WebDriverWait.java:138)
<br />&nbsp;&nbsp;&nbsp;&nbsp;	at org.openqa.selenium.support.ui.FluentWait.until(FluentWait.java:231)
<br />&nbsp;&nbsp;&nbsp;&nbsp;	at framework.framework.CommonActions.waitForElement(CommonActions.java:368)
<br />&nbsp;&nbsp;&nbsp;&nbsp;	at amazon.login.Login.launchAndLogin(Login.java:81)
<br />&nbsp;&nbsp;&nbsp;&nbsp;	at suites.appsuites.CashBackSuite.cashback(CashBackSuite.java:54)
<br />&nbsp;&nbsp;&nbsp;&nbsp;	at sun.reflect.NativeMethodAccessorImpl.invoke0(Native Method)
<br />&nbsp;&nbsp;&nbsp;&nbsp;	at sun.reflect.NativeMethodAccessorImpl.invoke(NativeMethodAccessorImpl.java:62)
<br />&nbsp;&nbsp;&nbsp;&nbsp;	at sun.reflect.DelegatingMethodAccessorImpl.invoke(DelegatingMethodAccessorImpl.java:43)
<br />&nbsp;&nbsp;&nbsp;&nbsp;	at java.lang.reflect.Method.invoke(Method.java:498)
<br />&nbsp;&nbsp;&nbsp;&nbsp;	at org.testng.internal.MethodInvocationHelper.invokeMethod(MethodInvocationHelper.java:124)
<br />&nbsp;&nbsp;&nbsp;&nbsp;	at org.testng.internal.Invoker.invokeMethod(Invoker.java:571)
<br />&nbsp;&nbsp;&nbsp;&nbsp;	at org.testng.internal.Invoker.invokeTestMethod(Invoker.java:707)
<br />&nbsp;&nbsp;&nbsp;&nbsp;	at org.testng.internal.Invoker.invokeTestMethods(Invoker.java:979)
<br />&nbsp;&nbsp;&nbsp;&nbsp;	at org.testng.internal.TestMethodWorker.invokeTestMethods(TestMethodWorker.java:125)
<br />&nbsp;&nbsp;&nbsp;&nbsp;	at org.testng.internal.TestMethodWorker.run(TestMethodWorker.java:109)
<br />&nbsp;&nbsp;&nbsp;&nbsp;	at org.testng.TestRunner.privateRun(TestRunner.java:648)
<br />&nbsp;&nbsp;&nbsp;&nbsp;	at org.testng.TestRunner.run(TestRunner.java:505)
<br />&nbsp;&nbsp;&nbsp;&nbsp;	at org.testng.SuiteRunner.runTest(SuiteRunner.java:455)
<br />&nbsp;&nbsp;&nbsp;&nbsp;	at org.testng.SuiteRunner.runSequentially(SuiteRunner.java:450)
<br />&nbsp;&nbsp;&nbsp;&nbsp;	at org.testng.SuiteRunner.privateRun(SuiteRunner.java:415)
<br />&nbsp;&nbsp;&nbsp;&nbsp;	at org.testng.SuiteRunner.run(SuiteRunner.java:364)
<br />&nbsp;&nbsp;&nbsp;&nbsp;	at org.testng.SuiteRunnerWorker.runSuite(SuiteRunnerWorker.java:52)
<br />&nbsp;&nbsp;&nbsp;&nbsp;	at org.testng.SuiteRunnerWorker.run(SuiteRunnerWorker.java:84)
<br />&nbsp;&nbsp;&nbsp;&nbsp;	at org.testng.TestNG.runSuitesSequentially(TestNG.java:1187)
<br />&nbsp;&nbsp;&nbsp;&nbsp;	at org.testng.TestNG.runSuitesLocally(TestNG.java:1116)
<br />&nbsp;&nbsp;&nbsp;&nbsp;	at org.testng.TestNG.runSuites(TestNG.java:1028)
<br />&nbsp;&nbsp;&nbsp;&nbsp;	at org.testng.TestNG.run(TestNG.java:996)
<br />&nbsp;&nbsp;&nbsp;&nbsp;	at org.testng.remote.AbstractRemoteTestNG.run(AbstractRemoteTestNG.java:115)
<br />&nbsp;&nbsp;&nbsp;&nbsp;	at org.testng.remote.RemoteTestNG.initAndRun(RemoteTestNG.java:251)
<br />&nbsp;&nbsp;&nbsp;&nbsp;	at org.testng.remote.RemoteTestNG.main(RemoteTestNG.java:77)
</td></tr>

<tr>
<td>01-02-2022 23:53:53,0674</td>
<td title="main thread">main</td>
<td title="Level"><font color="#993300"><strong>ERROR</strong></font></td>
<td title="suites.appsuites.CashBackSuite logger">suites.appsuites.CashBackSuite</td>
<td>CommonActions.java:395</td>
<td title="Message">Timed out waiting for 'visibilityOfElementLocated' on element 'By.xpath: //h4[normalize-space(text())='Enter the characters you see']' after 2 seconds</td>
</tr>
<tr><td bgcolor="#993300" style="color:White; font-size : small;" colspan="6">org.openqa.selenium.TimeoutException: Expected condition failed: waiting for visibility of element located by By.xpath: //h4[normalize-space(text())='Enter the characters you see'] (tried for 2 second(s) with 500 milliseconds interval)
<br />&nbsp;&nbsp;&nbsp;&nbsp;Build info: version: '4.0.0', revision: '3a21814679'
<br />&nbsp;&nbsp;&nbsp;&nbsp;System info: host: 'LAPTOP-0GLISK19', ip: '192.168.0.105', os.name: 'Windows 10', os.arch: 'amd64', os.version: '10.0', java.version: '1.8.0-262'
<br />&nbsp;&nbsp;&nbsp;&nbsp;Driver info: org.openqa.selenium.chrome.ChromeDriver
<br />&nbsp;&nbsp;&nbsp;&nbsp;Capabilities {acceptInsecureCerts: false, browserName: chrome, browserVersion: 97.0.4692.99, chrome: {chromedriverVersion: 97.0.4692.71 (adefa7837d02a..., userDataDir: C:\Users\MAYUR\AppData\Loca...}, goog:chromeOptions: {debuggerAddress: localhost:58312}, javascriptEnabled: true, networkConnectionEnabled: false, pageLoadStrategy: normal, platform: WINDOWS, platformName: WINDOWS, proxy: Proxy(), se:cdp: ws://localhost:58312/devtoo..., se:cdpVersion: 97.0.4692.99, setWindowRect: true, strictFileInteractability: false, timeouts: {implicit: 0, pageLoad: 300000, script: 30000}, unhandledPromptBehavior: dismiss and notify, webauthn:extension:credBlob: true, webauthn:extension:largeBlob: true, webauthn:virtualAuthenticators: true}
<br />&nbsp;&nbsp;&nbsp;&nbsp;Session ID: bbdde3fb8891c3b474adc75b75894d4f
<br />&nbsp;&nbsp;&nbsp;&nbsp;	at org.openqa.selenium.support.ui.WebDriverWait.timeoutException(WebDriverWait.java:138)
<br />&nbsp;&nbsp;&nbsp;&nbsp;	at org.openqa.selenium.support.ui.FluentWait.until(FluentWait.java:231)
<br />&nbsp;&nbsp;&nbsp;&nbsp;	at framework.framework.CommonActions.waitForElement(CommonActions.java:368)
<br />&nbsp;&nbsp;&nbsp;&nbsp;	at amazon.login.Login.launchAndLogin(Login.java:87)
<br />&nbsp;&nbsp;&nbsp;&nbsp;	at suites.appsuites.CashBackSuite.cashback(CashBackSuite.java:54)
<br />&nbsp;&nbsp;&nbsp;&nbsp;	at sun.reflect.NativeMethodAccessorImpl.invoke0(Native Method)
<br />&nbsp;&nbsp;&nbsp;&nbsp;	at sun.reflect.NativeMethodAccessorImpl.invoke(NativeMethodAccessorImpl.java:62)
<br />&nbsp;&nbsp;&nbsp;&nbsp;	at sun.reflect.DelegatingMethodAccessorImpl.invoke(DelegatingMethodAccessorImpl.java:43)
<br />&nbsp;&nbsp;&nbsp;&nbsp;	at java.lang.reflect.Method.invoke(Method.java:498)
<br />&nbsp;&nbsp;&nbsp;&nbsp;	at org.testng.internal.MethodInvocationHelper.invokeMethod(MethodInvocationHelper.java:124)
<br />&nbsp;&nbsp;&nbsp;&nbsp;	at org.testng.internal.Invoker.invokeMethod(Invoker.java:571)
<br />&nbsp;&nbsp;&nbsp;&nbsp;	at org.testng.internal.Invoker.invokeTestMethod(Invoker.java:707)
<br />&nbsp;&nbsp;&nbsp;&nbsp;	at org.testng.internal.Invoker.invokeTestMethods(Invoker.java:979)
<br />&nbsp;&nbsp;&nbsp;&nbsp;	at org.testng.internal.TestMethodWorker.invokeTestMethods(TestMethodWorker.java:125)
<br />&nbsp;&nbsp;&nbsp;&nbsp;	at org.testng.internal.TestMethodWorker.run(TestMethodWorker.java:109)
<br />&nbsp;&nbsp;&nbsp;&nbsp;	at org.testng.TestRunner.privateRun(TestRunner.java:648)
<br />&nbsp;&nbsp;&nbsp;&nbsp;	at org.testng.TestRunner.run(TestRunner.java:505)
<br />&nbsp;&nbsp;&nbsp;&nbsp;	at org.testng.SuiteRunner.runTest(SuiteRunner.java:455)
<br />&nbsp;&nbsp;&nbsp;&nbsp;	at org.testng.SuiteRunner.runSequentially(SuiteRunner.java:450)
<br />&nbsp;&nbsp;&nbsp;&nbsp;	at org.testng.SuiteRunner.privateRun(SuiteRunner.java:415)
<br />&nbsp;&nbsp;&nbsp;&nbsp;	at org.testng.SuiteRunner.run(SuiteRunner.java:364)
<br />&nbsp;&nbsp;&nbsp;&nbsp;	at org.testng.SuiteRunnerWorker.runSuite(SuiteRunnerWorker.java:52)
<br />&nbsp;&nbsp;&nbsp;&nbsp;	at org.testng.SuiteRunnerWorker.run(SuiteRunnerWorker.java:84)
<br />&nbsp;&nbsp;&nbsp;&nbsp;	at org.testng.TestNG.runSuitesSequentially(TestNG.java:1187)
<br />&nbsp;&nbsp;&nbsp;&nbsp;	at org.testng.TestNG.runSuitesLocally(TestNG.java:1116)
<br />&nbsp;&nbsp;&nbsp;&nbsp;	at org.testng.TestNG.runSuites(TestNG.java:1028)
<br />&nbsp;&nbsp;&nbsp;&nbsp;	at org.testng.TestNG.run(TestNG.java:996)
<br />&nbsp;&nbsp;&nbsp;&nbsp;	at org.testng.remote.AbstractRemoteTestNG.run(AbstractRemoteTestNG.java:115)
<br />&nbsp;&nbsp;&nbsp;&nbsp;	at org.testng.remote.RemoteTestNG.initAndRun(RemoteTestNG.java:251)
<br />&nbsp;&nbsp;&nbsp;&nbsp;	at org.testng.remote.RemoteTestNG.main(RemoteTestNG.java:77)
</td></tr>

<tr>
<td>01-02-2022 23:53:53,0694</td>
<td title="main thread">main</td>
<td title="Level"><font color="#339933">DEBUG</font></td>
<td title="suites.appsuites.CashBackSuite logger">suites.appsuites.CashBackSuite</td>
<td>Login.java:94</td>
<td title="Message">Amazon login successful</td>
</tr>

<tr>
<td>01-02-2022 23:53:53,0696</td>
<td title="main thread">main</td>
<td title="Level"><font color="#339933">DEBUG</font></td>
<td title="suites.appsuites.CashBackSuite logger">suites.appsuites.CashBackSuite</td>
<td>CommonActions.java:604</td>
<td title="Message">Switched to default content</td>
</tr>

<tr>
<td>01-02-2022 23:53:53,0701</td>
<td title="main thread">main</td>
<td title="Level"><font color="#339933">DEBUG</font></td>
<td title="suites.appsuites.CashBackSuite logger">suites.appsuites.CashBackSuite</td>
<td>CommonActions.java:268</td>
<td title="Message">Switched to given window for handle - CDwindow-0983C6B8F1536C0E252BACD55398A985</td>
</tr>

<tr>
<td>01-02-2022 23:53:53,0701</td>
<td title="main thread">main</td>
<td title="Level"><font color="#339933">DEBUG</font></td>
<td title="suites.appsuites.CashBackSuite logger">suites.appsuites.CashBackSuite</td>
<td>CommonActions.java:500</td>
<td title="Message">Switched to given window</td>
</tr>

<tr>
<td>01-02-2022 23:54:03,0950</td>
<td title="main thread">main</td>
<td title="Level"><font color="#339933">DEBUG</font></td>
<td title="suites.appsuites.CashBackSuite logger">suites.appsuites.CashBackSuite</td>
<td>CommonActions.java:161</td>
<td title="Message">URL: https://www.amazon.in/gp/flex/sign-out.html?path=%2Fgp%2Fyourstore%2Fhome&amp;useRedirectOnSuccess=1&amp;signIn=1&amp;action=sign-out&amp;ref_=nav_AccountFlyout_signout is launched</td>
</tr>

<tr>
<td>01-02-2022 23:54:03,0971</td>
<td title="main thread">main</td>
<td title="Level"><font color="#339933">DEBUG</font></td>
<td title="suites.appsuites.CashBackSuite logger">suites.appsuites.CashBackSuite</td>
<td>CommonActions.java:241</td>
<td title="Message">Wait For Page Load Status - complete</td>
</tr>

<tr>
<td>01-02-2022 23:54:03,0996</td>
<td title="main thread">main</td>
<td title="Level"><font color="#339933">DEBUG</font></td>
<td title="suites.appsuites.CashBackSuite logger">suites.appsuites.CashBackSuite</td>
<td>CommonFunctions.java:31</td>
<td title="Message">Logged out successfully</td>
</tr>

<tr>
<td>01-02-2022 23:54:04,0000</td>
<td title="main thread">main</td>
<td title="Level"><font color="#339933">DEBUG</font></td>
<td title="suites.appsuites.CashBackSuite logger">suites.appsuites.CashBackSuite</td>
<td>CommonActions.java:546</td>
<td title="Message">Writing in text file is completed successfully at path - ./status/cashback_01_February_2022.html</td>
</tr>

<tr>
<td>01-02-2022 23:54:04,0003</td>
<td title="main thread">main</td>
<td title="Level"><font color="#339933">DEBUG</font></td>
<td title="suites.appsuites.CashBackSuite logger">suites.appsuites.CashBackSuite</td>
<td>CommonActions.java:604</td>
<td title="Message">Switched to default content</td>
</tr>

<tr>
<td>01-02-2022 23:54:04,0008</td>
<td title="main thread">main</td>
<td title="Level"><font color="#339933">DEBUG</font></td>
<td title="suites.appsuites.CashBackSuite logger">suites.appsuites.CashBackSuite</td>
<td>CommonActions.java:268</td>
<td title="Message">Switched to given window for handle - CDwindow-0983C6B8F1536C0E252BACD55398A985</td>
</tr>

<tr>
<td>01-02-2022 23:54:04,0008</td>
<td title="main thread">main</td>
<td title="Level"><font color="#339933">DEBUG</font></td>
<td title="suites.appsuites.CashBackSuite logger">suites.appsuites.CashBackSuite</td>
<td>CommonActions.java:500</td>
<td title="Message">Switched to given window</td>
</tr>

<tr>
<td>01-02-2022 23:54:05,0677</td>
<td title="main thread">main</td>
<td title="Level"><font color="#339933">DEBUG</font></td>
<td title="suites.appsuites.CashBackSuite logger">suites.appsuites.CashBackSuite</td>
<td>CommonActions.java:161</td>
<td title="Message">URL: https://www.amazon.in/ap/signin?openid.pape.max_auth_age=900&amp;openid.return_to=https%3A%2F%2Fwww.amazon.in%2Fgp%2Fyourstore%2Fhome%3Fie%3DUTF8%26path%3D%252Fgp%252Fyourstore%252Fhome%26signIn%3D1%26useRedirectOnSuccess%3D1%26action%3Dsign-out%26ref_%3Dgno_signout&amp;openid.assoc_handle=inflex&amp;openid.mode=checkid_setup&amp;openid.ns=http%3A%2F%2Fspecs.openid.net%2Fauth%2F2.0 is launched</td>
</tr>

<tr>
<td>01-02-2022 23:54:05,0681</td>
<td title="main thread">main</td>
<td title="Level"><font color="#339933">DEBUG</font></td>
<td title="suites.appsuites.CashBackSuite logger">suites.appsuites.CashBackSuite</td>
<td>CommonActions.java:241</td>
<td title="Message">Wait For Page Load Status - complete</td>
</tr>

<tr>
<td>01-02-2022 23:54:05,0799</td>
<td title="main thread">main</td>
<td title="Level"><font color="#339933">DEBUG</font></td>
<td title="suites.appsuites.CashBackSuite logger">suites.appsuites.CashBackSuite</td>
<td>CommonActions.java:101</td>
<td title="Message">9130830688 is entered in 'By.name: email' Text Field</td>
</tr>

<tr>
<td>01-02-2022 23:54:06,0813</td>
<td title="main thread">main</td>
<td title="Level"><font color="#339933">DEBUG</font></td>
<td title="suites.appsuites.CashBackSuite logger">suites.appsuites.CashBackSuite</td>
<td>CommonActions.java:65</td>
<td title="Message">By.id: continue is clicked</td>
</tr>

<tr>
<td>01-02-2022 23:54:06,0837</td>
<td title="main thread">main</td>
<td title="Level"><font color="#339933">DEBUG</font></td>
<td title="suites.appsuites.CashBackSuite logger">suites.appsuites.CashBackSuite</td>
<td>CommonActions.java:241</td>
<td title="Message">Wait For Page Load Status - complete</td>
</tr>

<tr>
<td>01-02-2022 23:54:11,0955</td>
<td title="main thread">main</td>
<td title="Level"><font color="#993300"><strong>ERROR</strong></font></td>
<td title="suites.appsuites.CashBackSuite logger">suites.appsuites.CashBackSuite</td>
<td>CommonActions.java:395</td>
<td title="Message">Timed out waiting for 'visibilityOfElementLocated' on element 'By.xpath: //span[contains(text(),' country code')]' after 5 seconds</td>
</tr>
<tr><td bgcolor="#993300" style="color:White; font-size : small;" colspan="6">org.openqa.selenium.TimeoutException: Expected condition failed: waiting for visibility of element located by By.xpath: //span[contains(text(),' country code')] (tried for 5 second(s) with 500 milliseconds interval)
<br />&nbsp;&nbsp;&nbsp;&nbsp;Build info: version: '4.0.0', revision: '3a21814679'
<br />&nbsp;&nbsp;&nbsp;&nbsp;System info: host: 'LAPTOP-0GLISK19', ip: '192.168.0.105', os.name: 'Windows 10', os.arch: 'amd64', os.version: '10.0', java.version: '1.8.0-262'
<br />&nbsp;&nbsp;&nbsp;&nbsp;Driver info: org.openqa.selenium.chrome.ChromeDriver
<br />&nbsp;&nbsp;&nbsp;&nbsp;Capabilities {acceptInsecureCerts: false, browserName: chrome, browserVersion: 97.0.4692.99, chrome: {chromedriverVersion: 97.0.4692.71 (adefa7837d02a..., userDataDir: C:\Users\MAYUR\AppData\Loca...}, goog:chromeOptions: {debuggerAddress: localhost:58312}, javascriptEnabled: true, networkConnectionEnabled: false, pageLoadStrategy: normal, platform: WINDOWS, platformName: WINDOWS, proxy: Proxy(), se:cdp: ws://localhost:58312/devtoo..., se:cdpVersion: 97.0.4692.99, setWindowRect: true, strictFileInteractability: false, timeouts: {implicit: 0, pageLoad: 300000, script: 30000}, unhandledPromptBehavior: dismiss and notify, webauthn:extension:credBlob: true, webauthn:extension:largeBlob: true, webauthn:virtualAuthenticators: true}
<br />&nbsp;&nbsp;&nbsp;&nbsp;Session ID: bbdde3fb8891c3b474adc75b75894d4f
<br />&nbsp;&nbsp;&nbsp;&nbsp;	at org.openqa.selenium.support.ui.WebDriverWait.timeoutException(WebDriverWait.java:138)
<br />&nbsp;&nbsp;&nbsp;&nbsp;	at org.openqa.selenium.support.ui.FluentWait.until(FluentWait.java:231)
<br />&nbsp;&nbsp;&nbsp;&nbsp;	at framework.framework.CommonActions.waitForElement(CommonActions.java:368)
<br />&nbsp;&nbsp;&nbsp;&nbsp;	at amazon.login.Login.launchAndLogin(Login.java:46)
<br />&nbsp;&nbsp;&nbsp;&nbsp;	at suites.appsuites.CashBackSuite.cashback(CashBackSuite.java:54)
<br />&nbsp;&nbsp;&nbsp;&nbsp;	at sun.reflect.NativeMethodAccessorImpl.invoke0(Native Method)
<br />&nbsp;&nbsp;&nbsp;&nbsp;	at sun.reflect.NativeMethodAccessorImpl.invoke(NativeMethodAccessorImpl.java:62)
<br />&nbsp;&nbsp;&nbsp;&nbsp;	at sun.reflect.DelegatingMethodAccessorImpl.invoke(DelegatingMethodAccessorImpl.java:43)
<br />&nbsp;&nbsp;&nbsp;&nbsp;	at java.lang.reflect.Method.invoke(Method.java:498)
<br />&nbsp;&nbsp;&nbsp;&nbsp;	at org.testng.internal.MethodInvocationHelper.invokeMethod(MethodInvocationHelper.java:124)
<br />&nbsp;&nbsp;&nbsp;&nbsp;	at org.testng.internal.Invoker.invokeMethod(Invoker.java:571)
<br />&nbsp;&nbsp;&nbsp;&nbsp;	at org.testng.internal.Invoker.invokeTestMethod(Invoker.java:707)
<br />&nbsp;&nbsp;&nbsp;&nbsp;	at org.testng.internal.Invoker.invokeTestMethods(Invoker.java:979)
<br />&nbsp;&nbsp;&nbsp;&nbsp;	at org.testng.internal.TestMethodWorker.invokeTestMethods(TestMethodWorker.java:125)
<br />&nbsp;&nbsp;&nbsp;&nbsp;	at org.testng.internal.TestMethodWorker.run(TestMethodWorker.java:109)
<br />&nbsp;&nbsp;&nbsp;&nbsp;	at org.testng.TestRunner.privateRun(TestRunner.java:648)
<br />&nbsp;&nbsp;&nbsp;&nbsp;	at org.testng.TestRunner.run(TestRunner.java:505)
<br />&nbsp;&nbsp;&nbsp;&nbsp;	at org.testng.SuiteRunner.runTest(SuiteRunner.java:455)
<br />&nbsp;&nbsp;&nbsp;&nbsp;	at org.testng.SuiteRunner.runSequentially(SuiteRunner.java:450)
<br />&nbsp;&nbsp;&nbsp;&nbsp;	at org.testng.SuiteRunner.privateRun(SuiteRunner.java:415)
<br />&nbsp;&nbsp;&nbsp;&nbsp;	at org.testng.SuiteRunner.run(SuiteRunner.java:364)
<br />&nbsp;&nbsp;&nbsp;&nbsp;	at org.testng.SuiteRunnerWorker.runSuite(SuiteRunnerWorker.java:52)
<br />&nbsp;&nbsp;&nbsp;&nbsp;	at org.testng.SuiteRunnerWorker.run(SuiteRunnerWorker.java:84)
<br />&nbsp;&nbsp;&nbsp;&nbsp;	at org.testng.TestNG.runSuitesSequentially(TestNG.java:1187)
<br />&nbsp;&nbsp;&nbsp;&nbsp;	at org.testng.TestNG.runSuitesLocally(TestNG.java:1116)
<br />&nbsp;&nbsp;&nbsp;&nbsp;	at org.testng.TestNG.runSuites(TestNG.java:1028)
<br />&nbsp;&nbsp;&nbsp;&nbsp;	at org.testng.TestNG.run(TestNG.java:996)
<br />&nbsp;&nbsp;&nbsp;&nbsp;	at org.testng.remote.AbstractRemoteTestNG.run(AbstractRemoteTestNG.java:115)
<br />&nbsp;&nbsp;&nbsp;&nbsp;	at org.testng.remote.RemoteTestNG.initAndRun(RemoteTestNG.java:251)
<br />&nbsp;&nbsp;&nbsp;&nbsp;	at org.testng.remote.RemoteTestNG.main(RemoteTestNG.java:77)
</td></tr>

<tr>
<td>01-02-2022 23:54:22,0204</td>
<td title="main thread">main</td>
<td title="Level"><font color="#993300"><strong>ERROR</strong></font></td>
<td title="suites.appsuites.CashBackSuite logger">suites.appsuites.CashBackSuite</td>
<td>CommonActions.java:395</td>
<td title="Message">Timed out waiting for 'visibilityOfElementLocated' on element 'By.xpath: //*[normalize-space(text())='Incorrect phone number']' after 10 seconds</td>
</tr>
<tr><td bgcolor="#993300" style="color:White; font-size : small;" colspan="6">org.openqa.selenium.TimeoutException: Expected condition failed: waiting for visibility of element located by By.xpath: //*[normalize-space(text())='Incorrect phone number'] (tried for 10 second(s) with 500 milliseconds interval)
<br />&nbsp;&nbsp;&nbsp;&nbsp;Build info: version: '4.0.0', revision: '3a21814679'
<br />&nbsp;&nbsp;&nbsp;&nbsp;System info: host: 'LAPTOP-0GLISK19', ip: '192.168.0.105', os.name: 'Windows 10', os.arch: 'amd64', os.version: '10.0', java.version: '1.8.0-262'
<br />&nbsp;&nbsp;&nbsp;&nbsp;Driver info: org.openqa.selenium.chrome.ChromeDriver
<br />&nbsp;&nbsp;&nbsp;&nbsp;Capabilities {acceptInsecureCerts: false, browserName: chrome, browserVersion: 97.0.4692.99, chrome: {chromedriverVersion: 97.0.4692.71 (adefa7837d02a..., userDataDir: C:\Users\MAYUR\AppData\Loca...}, goog:chromeOptions: {debuggerAddress: localhost:58312}, javascriptEnabled: true, networkConnectionEnabled: false, pageLoadStrategy: normal, platform: WINDOWS, platformName: WINDOWS, proxy: Proxy(), se:cdp: ws://localhost:58312/devtoo..., se:cdpVersion: 97.0.4692.99, setWindowRect: true, strictFileInteractability: false, timeouts: {implicit: 0, pageLoad: 300000, script: 30000}, unhandledPromptBehavior: dismiss and notify, webauthn:extension:credBlob: true, webauthn:extension:largeBlob: true, webauthn:virtualAuthenticators: true}
<br />&nbsp;&nbsp;&nbsp;&nbsp;Session ID: bbdde3fb8891c3b474adc75b75894d4f
<br />&nbsp;&nbsp;&nbsp;&nbsp;	at org.openqa.selenium.support.ui.WebDriverWait.timeoutException(WebDriverWait.java:138)
<br />&nbsp;&nbsp;&nbsp;&nbsp;	at org.openqa.selenium.support.ui.FluentWait.until(FluentWait.java:231)
<br />&nbsp;&nbsp;&nbsp;&nbsp;	at framework.framework.CommonActions.waitForElement(CommonActions.java:368)
<br />&nbsp;&nbsp;&nbsp;&nbsp;	at amazon.login.Login.launchAndLogin(Login.java:60)
<br />&nbsp;&nbsp;&nbsp;&nbsp;	at suites.appsuites.CashBackSuite.cashback(CashBackSuite.java:54)
<br />&nbsp;&nbsp;&nbsp;&nbsp;	at sun.reflect.NativeMethodAccessorImpl.invoke0(Native Method)
<br />&nbsp;&nbsp;&nbsp;&nbsp;	at sun.reflect.NativeMethodAccessorImpl.invoke(NativeMethodAccessorImpl.java:62)
<br />&nbsp;&nbsp;&nbsp;&nbsp;	at sun.reflect.DelegatingMethodAccessorImpl.invoke(DelegatingMethodAccessorImpl.java:43)
<br />&nbsp;&nbsp;&nbsp;&nbsp;	at java.lang.reflect.Method.invoke(Method.java:498)
<br />&nbsp;&nbsp;&nbsp;&nbsp;	at org.testng.internal.MethodInvocationHelper.invokeMethod(MethodInvocationHelper.java:124)
<br />&nbsp;&nbsp;&nbsp;&nbsp;	at org.testng.internal.Invoker.invokeMethod(Invoker.java:571)
<br />&nbsp;&nbsp;&nbsp;&nbsp;	at org.testng.internal.Invoker.invokeTestMethod(Invoker.java:707)
<br />&nbsp;&nbsp;&nbsp;&nbsp;	at org.testng.internal.Invoker.invokeTestMethods(Invoker.java:979)
<br />&nbsp;&nbsp;&nbsp;&nbsp;	at org.testng.internal.TestMethodWorker.invokeTestMethods(TestMethodWorker.java:125)
<br />&nbsp;&nbsp;&nbsp;&nbsp;	at org.testng.internal.TestMethodWorker.run(TestMethodWorker.java:109)
<br />&nbsp;&nbsp;&nbsp;&nbsp;	at org.testng.TestRunner.privateRun(TestRunner.java:648)
<br />&nbsp;&nbsp;&nbsp;&nbsp;	at org.testng.TestRunner.run(TestRunner.java:505)
<br />&nbsp;&nbsp;&nbsp;&nbsp;	at org.testng.SuiteRunner.runTest(SuiteRunner.java:455)
<br />&nbsp;&nbsp;&nbsp;&nbsp;	at org.testng.SuiteRunner.runSequentially(SuiteRunner.java:450)
<br />&nbsp;&nbsp;&nbsp;&nbsp;	at org.testng.SuiteRunner.privateRun(SuiteRunner.java:415)
<br />&nbsp;&nbsp;&nbsp;&nbsp;	at org.testng.SuiteRunner.run(SuiteRunner.java:364)
<br />&nbsp;&nbsp;&nbsp;&nbsp;	at org.testng.SuiteRunnerWorker.runSuite(SuiteRunnerWorker.java:52)
<br />&nbsp;&nbsp;&nbsp;&nbsp;	at org.testng.SuiteRunnerWorker.run(SuiteRunnerWorker.java:84)
<br />&nbsp;&nbsp;&nbsp;&nbsp;	at org.testng.TestNG.runSuitesSequentially(TestNG.java:1187)
<br />&nbsp;&nbsp;&nbsp;&nbsp;	at org.testng.TestNG.runSuitesLocally(TestNG.java:1116)
<br />&nbsp;&nbsp;&nbsp;&nbsp;	at org.testng.TestNG.runSuites(TestNG.java:1028)
<br />&nbsp;&nbsp;&nbsp;&nbsp;	at org.testng.TestNG.run(TestNG.java:996)
<br />&nbsp;&nbsp;&nbsp;&nbsp;	at org.testng.remote.AbstractRemoteTestNG.run(AbstractRemoteTestNG.java:115)
<br />&nbsp;&nbsp;&nbsp;&nbsp;	at org.testng.remote.RemoteTestNG.initAndRun(RemoteTestNG.java:251)
<br />&nbsp;&nbsp;&nbsp;&nbsp;	at org.testng.remote.RemoteTestNG.main(RemoteTestNG.java:77)
</td></tr>

<tr>
<td>01-02-2022 23:54:22,0309</td>
<td title="main thread">main</td>
<td title="Level"><font color="#339933">DEBUG</font></td>
<td title="suites.appsuites.CashBackSuite logger">suites.appsuites.CashBackSuite</td>
<td>CommonActions.java:101</td>
<td title="Message">9130830688 is entered in 'By.name: password' Text Field</td>
</tr>

<tr>
<td>01-02-2022 23:54:22,0393</td>
<td title="main thread">main</td>
<td title="Level"><font color="#339933">DEBUG</font></td>
<td title="suites.appsuites.CashBackSuite logger">suites.appsuites.CashBackSuite</td>
<td>CommonActions.java:65</td>
<td title="Message">By.id: signInSubmit is clicked</td>
</tr>

<tr>
<td>01-02-2022 23:54:33,0730</td>
<td title="main thread">main</td>
<td title="Level"><font color="#339933">DEBUG</font></td>
<td title="suites.appsuites.CashBackSuite logger">suites.appsuites.CashBackSuite</td>
<td>CommonActions.java:241</td>
<td title="Message">Wait For Page Load Status - complete</td>
</tr>
