<!DOCTYPE HTML PUBLIC "-//W3C//DTD HTML 4.01 Transitional//EN" "http://www.w3.org/TR/html4/loose.dtd">
<html>
<head>
<meta charset="UTF-8"/>
<title>Automation Execution Logs</title>
<style type="text/css">
<!--
body, table {font-family:arial,sans-serif; font-size: medium
;}th {background: #336699; color: #FFFFFF; text-align: left;}
-->
</style>
</head>
<body bgcolor="#FFFFFF" topmargin="6" leftmargin="6">
<hr size="1" noshade="noshade">
Log session start time Sun Jan 30 15:26:33 IST 2022<br>
<br>
<table cellspacing="0" cellpadding="4" border="1" bordercolor="#224466" width="100%">
<tr>
<th>Time</th>
<th>Thread</th>
<th>Level</th>
<th>Logger</th>
<th>File:Line</th>
<th>Message</th>
</tr>

<tr>
<td>30-01-2022 15:26:34,0834</td>
<td title="main thread">main</td>
<td title="Level"><font color="#339933">DEBUG</font></td>
<td title="io.netty.util.internal.logging.InternalLoggerFactory logger">io.netty.util.internal.logging.InternalLoggerFactory</td>
<td>InternalLoggerFactory.java:76</td>
<td title="Message">Using Log4J2 as the default logging framework</td>
</tr>

<tr>
<td>30-01-2022 15:26:34,0840</td>
<td title="main thread">main</td>
<td title="Level"><font color="#339933">DEBUG</font></td>
<td title="io.netty.util.ResourceLeakDetector logger">io.netty.util.ResourceLeakDetector</td>
<td>ResourceLeakDetector.java:129</td>
<td title="Message">-Dio.netty.leakDetection.level: simple</td>
</tr>

<tr>
<td>30-01-2022 15:26:34,0840</td>
<td title="main thread">main</td>
<td title="Level"><font color="#339933">DEBUG</font></td>
<td title="io.netty.util.ResourceLeakDetector logger">io.netty.util.ResourceLeakDetector</td>
<td>ResourceLeakDetector.java:130</td>
<td title="Message">-Dio.netty.leakDetection.targetRecords: 4</td>
</tr>

<tr>
<td>30-01-2022 15:26:34,0844</td>
<td title="main thread">main</td>
<td title="Level"><font color="#339933">DEBUG</font></td>
<td title="io.netty.util.ResourceLeakDetectorFactory logger">io.netty.util.ResourceLeakDetectorFactory</td>
<td>ResourceLeakDetectorFactory.java:196</td>
<td title="Message">Loaded default ResourceLeakDetector: io.netty.util.ResourceLeakDetector@5c42d2b7</td>
</tr>

<tr>
<td>30-01-2022 15:26:34,0856</td>
<td title="main thread">main</td>
<td title="Level"><font color="#339933">DEBUG</font></td>
<td title="io.netty.util.internal.PlatformDependent0 logger">io.netty.util.internal.PlatformDependent0</td>
<td>PlatformDependent0.java:460</td>
<td title="Message">-Dio.netty.noUnsafe: false</td>
</tr>

<tr>
<td>30-01-2022 15:26:34,0856</td>
<td title="main thread">main</td>
<td title="Level"><font color="#339933">DEBUG</font></td>
<td title="io.netty.util.internal.PlatformDependent0 logger">io.netty.util.internal.PlatformDependent0</td>
<td>PlatformDependent0.java:954</td>
<td title="Message">Java version: 8</td>
</tr>

<tr>
<td>30-01-2022 15:26:34,0857</td>
<td title="main thread">main</td>
<td title="Level"><font color="#339933">DEBUG</font></td>
<td title="io.netty.util.internal.PlatformDependent0 logger">io.netty.util.internal.PlatformDependent0</td>
<td>PlatformDependent0.java:135</td>
<td title="Message">sun.misc.Unsafe.theUnsafe: available</td>
</tr>

<tr>
<td>30-01-2022 15:26:34,0858</td>
<td title="main thread">main</td>
<td title="Level"><font color="#339933">DEBUG</font></td>
<td title="io.netty.util.internal.PlatformDependent0 logger">io.netty.util.internal.PlatformDependent0</td>
<td>PlatformDependent0.java:159</td>
<td title="Message">sun.misc.Unsafe.copyMemory: available</td>
</tr>

<tr>
<td>30-01-2022 15:26:34,0858</td>
<td title="main thread">main</td>
<td title="Level"><font color="#339933">DEBUG</font></td>
<td title="io.netty.util.internal.PlatformDependent0 logger">io.netty.util.internal.PlatformDependent0</td>
<td>PlatformDependent0.java:202</td>
<td title="Message">java.nio.Buffer.address: available</td>
</tr>

<tr>
<td>30-01-2022 15:26:34,0859</td>
<td title="main thread">main</td>
<td title="Level"><font color="#339933">DEBUG</font></td>
<td title="io.netty.util.internal.PlatformDependent0 logger">io.netty.util.internal.PlatformDependent0</td>
<td>PlatformDependent0.java:272</td>
<td title="Message">direct buffer constructor: available</td>
</tr>

<tr>
<td>30-01-2022 15:26:34,0860</td>
<td title="main thread">main</td>
<td title="Level"><font color="#339933">DEBUG</font></td>
<td title="io.netty.util.internal.PlatformDependent0 logger">io.netty.util.internal.PlatformDependent0</td>
<td>PlatformDependent0.java:350</td>
<td title="Message">java.nio.Bits.unaligned: available, true</td>
</tr>

<tr>
<td>30-01-2022 15:26:34,0860</td>
<td title="main thread">main</td>
<td title="Level"><font color="#339933">DEBUG</font></td>
<td title="io.netty.util.internal.PlatformDependent0 logger">io.netty.util.internal.PlatformDependent0</td>
<td>PlatformDependent0.java:424</td>
<td title="Message">jdk.internal.misc.Unsafe.allocateUninitializedArray(int): unavailable prior to Java9</td>
</tr>

<tr>
<td>30-01-2022 15:26:34,0860</td>
<td title="main thread">main</td>
<td title="Level"><font color="#339933">DEBUG</font></td>
<td title="io.netty.util.internal.PlatformDependent0 logger">io.netty.util.internal.PlatformDependent0</td>
<td>PlatformDependent0.java:446</td>
<td title="Message">java.nio.DirectByteBuffer.&lt;init&gt;(long, int): available</td>
</tr>

<tr>
<td>30-01-2022 15:26:34,0860</td>
<td title="main thread">main</td>
<td title="Level"><font color="#339933">DEBUG</font></td>
<td title="io.netty.util.internal.PlatformDependent logger">io.netty.util.internal.PlatformDependent</td>
<td>PlatformDependent.java:1103</td>
<td title="Message">sun.misc.Unsafe: available</td>
</tr>

<tr>
<td>30-01-2022 15:26:34,0861</td>
<td title="main thread">main</td>
<td title="Level"><font color="#339933">DEBUG</font></td>
<td title="io.netty.util.internal.PlatformDependent logger">io.netty.util.internal.PlatformDependent</td>
<td>PlatformDependent.java:1224</td>
<td title="Message">-Dio.netty.tmpdir: C:\Users\MAYUR\AppData\Local\Temp (java.io.tmpdir)</td>
</tr>

<tr>
<td>30-01-2022 15:26:34,0861</td>
<td title="main thread">main</td>
<td title="Level"><font color="#339933">DEBUG</font></td>
<td title="io.netty.util.internal.PlatformDependent logger">io.netty.util.internal.PlatformDependent</td>
<td>PlatformDependent.java:1303</td>
<td title="Message">-Dio.netty.bitMode: 64 (sun.arch.data.model)</td>
</tr>

<tr>
<td>30-01-2022 15:26:34,0862</td>
<td title="main thread">main</td>
<td title="Level"><font color="#339933">DEBUG</font></td>
<td title="io.netty.util.internal.PlatformDependent logger">io.netty.util.internal.PlatformDependent</td>
<td>PlatformDependent.java:1063</td>
<td title="Message">Platform: Windows</td>
</tr>

<tr>
<td>30-01-2022 15:26:34,0862</td>
<td title="main thread">main</td>
<td title="Level"><font color="#339933">DEBUG</font></td>
<td title="io.netty.util.internal.PlatformDependent logger">io.netty.util.internal.PlatformDependent</td>
<td>PlatformDependent.java:178</td>
<td title="Message">-Dio.netty.maxDirectMemory: 1760034816 bytes</td>
</tr>

<tr>
<td>30-01-2022 15:26:34,0862</td>
<td title="main thread">main</td>
<td title="Level"><font color="#339933">DEBUG</font></td>
<td title="io.netty.util.internal.PlatformDependent logger">io.netty.util.internal.PlatformDependent</td>
<td>PlatformDependent.java:185</td>
<td title="Message">-Dio.netty.uninitializedArrayAllocationThreshold: -1</td>
</tr>

<tr>
<td>30-01-2022 15:26:34,0863</td>
<td title="main thread">main</td>
<td title="Level"><font color="#339933">DEBUG</font></td>
<td title="io.netty.util.internal.CleanerJava6 logger">io.netty.util.internal.CleanerJava6</td>
<td>CleanerJava6.java:92</td>
<td title="Message">java.nio.ByteBuffer.cleaner(): available</td>
</tr>

<tr>
<td>30-01-2022 15:26:34,0864</td>
<td title="main thread">main</td>
<td title="Level"><font color="#339933">DEBUG</font></td>
<td title="io.netty.util.internal.PlatformDependent logger">io.netty.util.internal.PlatformDependent</td>
<td>PlatformDependent.java:205</td>
<td title="Message">-Dio.netty.noPreferDirect: false</td>
</tr>

<tr>
<td>30-01-2022 15:26:34,0870</td>
<td title="main thread">main</td>
<td title="Level"><font color="#339933">DEBUG</font></td>
<td title="io.netty.util.internal.PlatformDependent logger">io.netty.util.internal.PlatformDependent</td>
<td>PlatformDependent.java:967</td>
<td title="Message">org.jctools-core.MpscChunkedArrayQueue: available</td>
</tr>

<tr>
<td>30-01-2022 15:26:34,0883</td>
<td title="main thread">main</td>
<td title="Level"><font color="#339933">DEBUG</font></td>
<td title="io.netty.util.internal.InternalThreadLocalMap logger">io.netty.util.internal.InternalThreadLocalMap</td>
<td>InternalThreadLocalMap.java:83</td>
<td title="Message">-Dio.netty.threadLocalMap.stringBuilder.initialSize: 1024</td>
</tr>

<tr>
<td>30-01-2022 15:26:34,0883</td>
<td title="main thread">main</td>
<td title="Level"><font color="#339933">DEBUG</font></td>
<td title="io.netty.util.internal.InternalThreadLocalMap logger">io.netty.util.internal.InternalThreadLocalMap</td>
<td>InternalThreadLocalMap.java:86</td>
<td title="Message">-Dio.netty.threadLocalMap.stringBuilder.maxSize: 4096</td>
</tr>

<tr>
<td>30-01-2022 15:26:34,0893</td>
<td title="main thread">main</td>
<td title="Level"><font color="#339933">DEBUG</font></td>
<td title="io.netty.handler.ssl.JdkSslContext logger">io.netty.handler.ssl.JdkSslContext</td>
<td>JdkSslContext.java:97</td>
<td title="Message">Default protocols (JDK): [TLSv1.2, TLSv1.1, TLSv1] </td>
</tr>

<tr>
<td>30-01-2022 15:26:34,0893</td>
<td title="main thread">main</td>
<td title="Level"><font color="#339933">DEBUG</font></td>
<td title="io.netty.handler.ssl.JdkSslContext logger">io.netty.handler.ssl.JdkSslContext</td>
<td>JdkSslContext.java:98</td>
<td title="Message">Default cipher suites (JDK): [TLS_ECDHE_ECDSA_WITH_AES_256_GCM_SHA384, TLS_ECDHE_ECDSA_WITH_AES_128_GCM_SHA256, TLS_ECDHE_RSA_WITH_AES_128_GCM_SHA256, TLS_ECDHE_RSA_WITH_AES_256_GCM_SHA384, TLS_ECDHE_RSA_WITH_AES_128_CBC_SHA, TLS_ECDHE_RSA_WITH_AES_256_CBC_SHA, TLS_RSA_WITH_AES_128_GCM_SHA256, TLS_RSA_WITH_AES_128_CBC_SHA, TLS_RSA_WITH_AES_256_CBC_SHA]</td>
</tr>

<tr>
<td>30-01-2022 15:26:34,0911</td>
<td title="main thread">main</td>
<td title="Level"><font color="#339933">DEBUG</font></td>
<td title="io.netty.channel.MultithreadEventLoopGroup logger">io.netty.channel.MultithreadEventLoopGroup</td>
<td>MultithreadEventLoopGroup.java:44</td>
<td title="Message">-Dio.netty.eventLoopThreads: 24</td>
</tr>

<tr>
<td>30-01-2022 15:26:34,0917</td>
<td title="main thread">main</td>
<td title="Level"><font color="#339933">DEBUG</font></td>
<td title="io.netty.channel.nio.NioEventLoop logger">io.netty.channel.nio.NioEventLoop</td>
<td>NioEventLoop.java:106</td>
<td title="Message">-Dio.netty.noKeySetOptimization: false</td>
</tr>

<tr>
<td>30-01-2022 15:26:34,0917</td>
<td title="main thread">main</td>
<td title="Level"><font color="#339933">DEBUG</font></td>
<td title="io.netty.channel.nio.NioEventLoop logger">io.netty.channel.nio.NioEventLoop</td>
<td>NioEventLoop.java:107</td>
<td title="Message">-Dio.netty.selectorAutoRebuildThreshold: 512</td>
</tr>

<tr>
<td>30-01-2022 15:26:34,0926</td>
<td title="main thread">main</td>
<td title="Level">TRACE</td>
<td title="io.netty.channel.nio.NioEventLoop logger">io.netty.channel.nio.NioEventLoop</td>
<td>NioEventLoop.java:260</td>
<td title="Message">instrumented a special java.util.Set into: sun.nio.ch.WindowsSelectorImpl@1991f767</td>
</tr>

<tr>
<td>30-01-2022 15:26:34,0928</td>
<td title="main thread">main</td>
<td title="Level">TRACE</td>
<td title="io.netty.channel.nio.NioEventLoop logger">io.netty.channel.nio.NioEventLoop</td>
<td>NioEventLoop.java:260</td>
<td title="Message">instrumented a special java.util.Set into: sun.nio.ch.WindowsSelectorImpl@10650953</td>
</tr>

<tr>
<td>30-01-2022 15:26:34,0928</td>
<td title="main thread">main</td>
<td title="Level">TRACE</td>
<td title="io.netty.channel.nio.NioEventLoop logger">io.netty.channel.nio.NioEventLoop</td>
<td>NioEventLoop.java:260</td>
<td title="Message">instrumented a special java.util.Set into: sun.nio.ch.WindowsSelectorImpl@659eef7</td>
</tr>

<tr>
<td>30-01-2022 15:26:34,0929</td>
<td title="main thread">main</td>
<td title="Level">TRACE</td>
<td title="io.netty.channel.nio.NioEventLoop logger">io.netty.channel.nio.NioEventLoop</td>
<td>NioEventLoop.java:260</td>
<td title="Message">instrumented a special java.util.Set into: sun.nio.ch.WindowsSelectorImpl@162be91c</td>
</tr>

<tr>
<td>30-01-2022 15:26:34,0930</td>
<td title="main thread">main</td>
<td title="Level">TRACE</td>
<td title="io.netty.channel.nio.NioEventLoop logger">io.netty.channel.nio.NioEventLoop</td>
<td>NioEventLoop.java:260</td>
<td title="Message">instrumented a special java.util.Set into: sun.nio.ch.WindowsSelectorImpl@2488b073</td>
</tr>

<tr>
<td>30-01-2022 15:26:34,0931</td>
<td title="main thread">main</td>
<td title="Level">TRACE</td>
<td title="io.netty.channel.nio.NioEventLoop logger">io.netty.channel.nio.NioEventLoop</td>
<td>NioEventLoop.java:260</td>
<td title="Message">instrumented a special java.util.Set into: sun.nio.ch.WindowsSelectorImpl@1c9f0a20</td>
</tr>

<tr>
<td>30-01-2022 15:26:34,0932</td>
<td title="main thread">main</td>
<td title="Level">TRACE</td>
<td title="io.netty.channel.nio.NioEventLoop logger">io.netty.channel.nio.NioEventLoop</td>
<td>NioEventLoop.java:260</td>
<td title="Message">instrumented a special java.util.Set into: sun.nio.ch.WindowsSelectorImpl@55787112</td>
</tr>

<tr>
<td>30-01-2022 15:26:34,0933</td>
<td title="main thread">main</td>
<td title="Level">TRACE</td>
<td title="io.netty.channel.nio.NioEventLoop logger">io.netty.channel.nio.NioEventLoop</td>
<td>NioEventLoop.java:260</td>
<td title="Message">instrumented a special java.util.Set into: sun.nio.ch.WindowsSelectorImpl@1cd201a8</td>
</tr>

<tr>
<td>30-01-2022 15:26:34,0934</td>
<td title="main thread">main</td>
<td title="Level">TRACE</td>
<td title="io.netty.channel.nio.NioEventLoop logger">io.netty.channel.nio.NioEventLoop</td>
<td>NioEventLoop.java:260</td>
<td title="Message">instrumented a special java.util.Set into: sun.nio.ch.WindowsSelectorImpl@7db82169</td>
</tr>

<tr>
<td>30-01-2022 15:26:34,0934</td>
<td title="main thread">main</td>
<td title="Level">TRACE</td>
<td title="io.netty.channel.nio.NioEventLoop logger">io.netty.channel.nio.NioEventLoop</td>
<td>NioEventLoop.java:260</td>
<td title="Message">instrumented a special java.util.Set into: sun.nio.ch.WindowsSelectorImpl@1992eaf4</td>
</tr>

<tr>
<td>30-01-2022 15:26:34,0935</td>
<td title="main thread">main</td>
<td title="Level">TRACE</td>
<td title="io.netty.channel.nio.NioEventLoop logger">io.netty.channel.nio.NioEventLoop</td>
<td>NioEventLoop.java:260</td>
<td title="Message">instrumented a special java.util.Set into: sun.nio.ch.WindowsSelectorImpl@f74e835</td>
</tr>

<tr>
<td>30-01-2022 15:26:34,0936</td>
<td title="main thread">main</td>
<td title="Level">TRACE</td>
<td title="io.netty.channel.nio.NioEventLoop logger">io.netty.channel.nio.NioEventLoop</td>
<td>NioEventLoop.java:260</td>
<td title="Message">instrumented a special java.util.Set into: sun.nio.ch.WindowsSelectorImpl@3276732</td>
</tr>

<tr>
<td>30-01-2022 15:26:34,0936</td>
<td title="main thread">main</td>
<td title="Level">TRACE</td>
<td title="io.netty.channel.nio.NioEventLoop logger">io.netty.channel.nio.NioEventLoop</td>
<td>NioEventLoop.java:260</td>
<td title="Message">instrumented a special java.util.Set into: sun.nio.ch.WindowsSelectorImpl@3f28bd56</td>
</tr>

<tr>
<td>30-01-2022 15:26:34,0938</td>
<td title="main thread">main</td>
<td title="Level">TRACE</td>
<td title="io.netty.channel.nio.NioEventLoop logger">io.netty.channel.nio.NioEventLoop</td>
<td>NioEventLoop.java:260</td>
<td title="Message">instrumented a special java.util.Set into: sun.nio.ch.WindowsSelectorImpl@31e3250d</td>
</tr>

<tr>
<td>30-01-2022 15:26:34,0939</td>
<td title="main thread">main</td>
<td title="Level">TRACE</td>
<td title="io.netty.channel.nio.NioEventLoop logger">io.netty.channel.nio.NioEventLoop</td>
<td>NioEventLoop.java:260</td>
<td title="Message">instrumented a special java.util.Set into: sun.nio.ch.WindowsSelectorImpl@19fe4644</td>
</tr>

<tr>
<td>30-01-2022 15:26:34,0941</td>
<td title="main thread">main</td>
<td title="Level">TRACE</td>
<td title="io.netty.channel.nio.NioEventLoop logger">io.netty.channel.nio.NioEventLoop</td>
<td>NioEventLoop.java:260</td>
<td title="Message">instrumented a special java.util.Set into: sun.nio.ch.WindowsSelectorImpl@21d8bcbe</td>
</tr>

<tr>
<td>30-01-2022 15:26:34,0942</td>
<td title="main thread">main</td>
<td title="Level">TRACE</td>
<td title="io.netty.channel.nio.NioEventLoop logger">io.netty.channel.nio.NioEventLoop</td>
<td>NioEventLoop.java:260</td>
<td title="Message">instrumented a special java.util.Set into: sun.nio.ch.WindowsSelectorImpl@5be067de</td>
</tr>

<tr>
<td>30-01-2022 15:26:34,0943</td>
<td title="main thread">main</td>
<td title="Level">TRACE</td>
<td title="io.netty.channel.nio.NioEventLoop logger">io.netty.channel.nio.NioEventLoop</td>
<td>NioEventLoop.java:260</td>
<td title="Message">instrumented a special java.util.Set into: sun.nio.ch.WindowsSelectorImpl@7383eae2</td>
</tr>

<tr>
<td>30-01-2022 15:26:34,0945</td>
<td title="main thread">main</td>
<td title="Level">TRACE</td>
<td title="io.netty.channel.nio.NioEventLoop logger">io.netty.channel.nio.NioEventLoop</td>
<td>NioEventLoop.java:260</td>
<td title="Message">instrumented a special java.util.Set into: sun.nio.ch.WindowsSelectorImpl@18245eb0</td>
</tr>

<tr>
<td>30-01-2022 15:26:34,0946</td>
<td title="main thread">main</td>
<td title="Level">TRACE</td>
<td title="io.netty.channel.nio.NioEventLoop logger">io.netty.channel.nio.NioEventLoop</td>
<td>NioEventLoop.java:260</td>
<td title="Message">instrumented a special java.util.Set into: sun.nio.ch.WindowsSelectorImpl@7c7d3c46</td>
</tr>

<tr>
<td>30-01-2022 15:26:34,0947</td>
<td title="main thread">main</td>
<td title="Level">TRACE</td>
<td title="io.netty.channel.nio.NioEventLoop logger">io.netty.channel.nio.NioEventLoop</td>
<td>NioEventLoop.java:260</td>
<td title="Message">instrumented a special java.util.Set into: sun.nio.ch.WindowsSelectorImpl@24fb6a80</td>
</tr>

<tr>
<td>30-01-2022 15:26:34,0947</td>
<td title="main thread">main</td>
<td title="Level">TRACE</td>
<td title="io.netty.channel.nio.NioEventLoop logger">io.netty.channel.nio.NioEventLoop</td>
<td>NioEventLoop.java:260</td>
<td title="Message">instrumented a special java.util.Set into: sun.nio.ch.WindowsSelectorImpl@48c35007</td>
</tr>

<tr>
<td>30-01-2022 15:26:34,0949</td>
<td title="main thread">main</td>
<td title="Level">TRACE</td>
<td title="io.netty.channel.nio.NioEventLoop logger">io.netty.channel.nio.NioEventLoop</td>
<td>NioEventLoop.java:260</td>
<td title="Message">instrumented a special java.util.Set into: sun.nio.ch.WindowsSelectorImpl@72a85671</td>
</tr>

<tr>
<td>30-01-2022 15:26:34,0950</td>
<td title="main thread">main</td>
<td title="Level">TRACE</td>
<td title="io.netty.channel.nio.NioEventLoop logger">io.netty.channel.nio.NioEventLoop</td>
<td>NioEventLoop.java:260</td>
<td title="Message">instrumented a special java.util.Set into: sun.nio.ch.WindowsSelectorImpl@6722db6e</td>
</tr>

<tr>
<td>30-01-2022 15:26:34,0967</td>
<td title="main thread">main</td>
<td title="Level"><font color="#339933">DEBUG</font></td>
<td title="io.netty.buffer.PooledByteBufAllocator logger">io.netty.buffer.PooledByteBufAllocator</td>
<td>PooledByteBufAllocator.java:155</td>
<td title="Message">-Dio.netty.allocator.numHeapArenas: 17</td>
</tr>

<tr>
<td>30-01-2022 15:26:34,0967</td>
<td title="main thread">main</td>
<td title="Level"><font color="#339933">DEBUG</font></td>
<td title="io.netty.buffer.PooledByteBufAllocator logger">io.netty.buffer.PooledByteBufAllocator</td>
<td>PooledByteBufAllocator.java:156</td>
<td title="Message">-Dio.netty.allocator.numDirectArenas: 17</td>
</tr>

<tr>
<td>30-01-2022 15:26:34,0967</td>
<td title="main thread">main</td>
<td title="Level"><font color="#339933">DEBUG</font></td>
<td title="io.netty.buffer.PooledByteBufAllocator logger">io.netty.buffer.PooledByteBufAllocator</td>
<td>PooledByteBufAllocator.java:158</td>
<td title="Message">-Dio.netty.allocator.pageSize: 8192</td>
</tr>

<tr>
<td>30-01-2022 15:26:34,0967</td>
<td title="main thread">main</td>
<td title="Level"><font color="#339933">DEBUG</font></td>
<td title="io.netty.buffer.PooledByteBufAllocator logger">io.netty.buffer.PooledByteBufAllocator</td>
<td>PooledByteBufAllocator.java:163</td>
<td title="Message">-Dio.netty.allocator.maxOrder: 11</td>
</tr>

<tr>
<td>30-01-2022 15:26:34,0967</td>
<td title="main thread">main</td>
<td title="Level"><font color="#339933">DEBUG</font></td>
<td title="io.netty.buffer.PooledByteBufAllocator logger">io.netty.buffer.PooledByteBufAllocator</td>
<td>PooledByteBufAllocator.java:167</td>
<td title="Message">-Dio.netty.allocator.chunkSize: 16777216</td>
</tr>

<tr>
<td>30-01-2022 15:26:34,0968</td>
<td title="main thread">main</td>
<td title="Level"><font color="#339933">DEBUG</font></td>
<td title="io.netty.buffer.PooledByteBufAllocator logger">io.netty.buffer.PooledByteBufAllocator</td>
<td>PooledByteBufAllocator.java:168</td>
<td title="Message">-Dio.netty.allocator.smallCacheSize: 256</td>
</tr>

<tr>
<td>30-01-2022 15:26:34,0968</td>
<td title="main thread">main</td>
<td title="Level"><font color="#339933">DEBUG</font></td>
<td title="io.netty.buffer.PooledByteBufAllocator logger">io.netty.buffer.PooledByteBufAllocator</td>
<td>PooledByteBufAllocator.java:169</td>
<td title="Message">-Dio.netty.allocator.normalCacheSize: 64</td>
</tr>

<tr>
<td>30-01-2022 15:26:34,0968</td>
<td title="main thread">main</td>
<td title="Level"><font color="#339933">DEBUG</font></td>
<td title="io.netty.buffer.PooledByteBufAllocator logger">io.netty.buffer.PooledByteBufAllocator</td>
<td>PooledByteBufAllocator.java:170</td>
<td title="Message">-Dio.netty.allocator.maxCachedBufferCapacity: 32768</td>
</tr>

<tr>
<td>30-01-2022 15:26:34,0968</td>
<td title="main thread">main</td>
<td title="Level"><font color="#339933">DEBUG</font></td>
<td title="io.netty.buffer.PooledByteBufAllocator logger">io.netty.buffer.PooledByteBufAllocator</td>
<td>PooledByteBufAllocator.java:171</td>
<td title="Message">-Dio.netty.allocator.cacheTrimInterval: 8192</td>
</tr>

<tr>
<td>30-01-2022 15:26:34,0968</td>
<td title="main thread">main</td>
<td title="Level"><font color="#339933">DEBUG</font></td>
<td title="io.netty.buffer.PooledByteBufAllocator logger">io.netty.buffer.PooledByteBufAllocator</td>
<td>PooledByteBufAllocator.java:172</td>
<td title="Message">-Dio.netty.allocator.cacheTrimIntervalMillis: 0</td>
</tr>

<tr>
<td>30-01-2022 15:26:34,0969</td>
<td title="main thread">main</td>
<td title="Level"><font color="#339933">DEBUG</font></td>
<td title="io.netty.buffer.PooledByteBufAllocator logger">io.netty.buffer.PooledByteBufAllocator</td>
<td>PooledByteBufAllocator.java:173</td>
<td title="Message">-Dio.netty.allocator.useCacheForAllThreads: true</td>
</tr>

<tr>
<td>30-01-2022 15:26:34,0969</td>
<td title="main thread">main</td>
<td title="Level"><font color="#339933">DEBUG</font></td>
<td title="io.netty.buffer.PooledByteBufAllocator logger">io.netty.buffer.PooledByteBufAllocator</td>
<td>PooledByteBufAllocator.java:174</td>
<td title="Message">-Dio.netty.allocator.maxCachedByteBuffersPerChunk: 1023</td>
</tr>

<tr>
<td>30-01-2022 15:26:34,0977</td>
<td title="main thread">main</td>
<td title="Level"><font color="#339933">DEBUG</font></td>
<td title="io.netty.buffer.ByteBufUtil logger">io.netty.buffer.ByteBufUtil</td>
<td>ByteBufUtil.java:87</td>
<td title="Message">-Dio.netty.allocator.type: pooled</td>
</tr>

<tr>
<td>30-01-2022 15:26:34,0977</td>
<td title="main thread">main</td>
<td title="Level"><font color="#339933">DEBUG</font></td>
<td title="io.netty.buffer.ByteBufUtil logger">io.netty.buffer.ByteBufUtil</td>
<td>ByteBufUtil.java:96</td>
<td title="Message">-Dio.netty.threadLocalDirectBufferSize: 0</td>
</tr>

<tr>
<td>30-01-2022 15:26:34,0978</td>
<td title="main thread">main</td>
<td title="Level"><font color="#339933">DEBUG</font></td>
<td title="io.netty.buffer.ByteBufUtil logger">io.netty.buffer.ByteBufUtil</td>
<td>ByteBufUtil.java:99</td>
<td title="Message">-Dio.netty.maxThreadLocalCharBufferSize: 16384</td>
</tr>

<tr>
<td>30-01-2022 15:26:35,0688</td>
<td title="main thread">main</td>
<td title="Level"><font color="#339933">DEBUG</font></td>
<td title="io.netty.channel.DefaultChannelId logger">io.netty.channel.DefaultChannelId</td>
<td>DefaultChannelId.java:79</td>
<td title="Message">-Dio.netty.processId: 14636 (auto-detected)</td>
</tr>

<tr>
<td>30-01-2022 15:26:35,0690</td>
<td title="main thread">main</td>
<td title="Level"><font color="#339933">DEBUG</font></td>
<td title="io.netty.util.NetUtil logger">io.netty.util.NetUtil</td>
<td>NetUtil.java:135</td>
<td title="Message">-Djava.net.preferIPv4Stack: false</td>
</tr>

<tr>
<td>30-01-2022 15:26:35,0690</td>
<td title="main thread">main</td>
<td title="Level"><font color="#339933">DEBUG</font></td>
<td title="io.netty.util.NetUtil logger">io.netty.util.NetUtil</td>
<td>NetUtil.java:136</td>
<td title="Message">-Djava.net.preferIPv6Addresses: false</td>
</tr>

<tr>
<td>30-01-2022 15:26:35,0785</td>
<td title="main thread">main</td>
<td title="Level"><font color="#339933">DEBUG</font></td>
<td title="io.netty.util.NetUtilInitializations logger">io.netty.util.NetUtilInitializations</td>
<td>NetUtilInitializations.java:129</td>
<td title="Message">Loopback interface: lo (Software Loopback Interface 1, 127.0.0.1)</td>
</tr>

<tr>
<td>30-01-2022 15:26:35,0786</td>
<td title="main thread">main</td>
<td title="Level"><font color="#339933">DEBUG</font></td>
<td title="io.netty.util.NetUtil logger">io.netty.util.NetUtil</td>
<td>NetUtil.java:187</td>
<td title="Message">Failed to get SOMAXCONN from sysctl and file \proc\sys\net\core\somaxconn. Default: 200</td>
</tr>

<tr>
<td>30-01-2022 15:26:35,0891</td>
<td title="main thread">main</td>
<td title="Level"><font color="#339933">DEBUG</font></td>
<td title="io.netty.channel.DefaultChannelId logger">io.netty.channel.DefaultChannelId</td>
<td>DefaultChannelId.java:101</td>
<td title="Message">-Dio.netty.machineId: 38:fc:98:ff:fe:8b:87:ce (auto-detected)</td>
</tr>

<tr>
<td>30-01-2022 15:26:35,0946</td>
<td title="AsyncHttpClient-1-2 thread">AsyncHttpClient-1-2</td>
<td title="Level"><font color="#339933">DEBUG</font></td>
<td title="io.netty.buffer.AbstractByteBuf logger">io.netty.buffer.AbstractByteBuf</td>
<td>AbstractByteBuf.java:63</td>
<td title="Message">-Dio.netty.buffer.checkAccessible: true</td>
</tr>

<tr>
<td>30-01-2022 15:26:35,0947</td>
<td title="AsyncHttpClient-1-2 thread">AsyncHttpClient-1-2</td>
<td title="Level"><font color="#339933">DEBUG</font></td>
<td title="io.netty.buffer.AbstractByteBuf logger">io.netty.buffer.AbstractByteBuf</td>
<td>AbstractByteBuf.java:64</td>
<td title="Message">-Dio.netty.buffer.checkBounds: true</td>
</tr>

<tr>
<td>30-01-2022 15:26:35,0947</td>
<td title="AsyncHttpClient-1-2 thread">AsyncHttpClient-1-2</td>
<td title="Level"><font color="#339933">DEBUG</font></td>
<td title="io.netty.util.ResourceLeakDetectorFactory logger">io.netty.util.ResourceLeakDetectorFactory</td>
<td>ResourceLeakDetectorFactory.java:196</td>
<td title="Message">Loaded default ResourceLeakDetector: io.netty.util.ResourceLeakDetector@1465ff91</td>
</tr>

<tr>
<td>30-01-2022 15:26:35,0965</td>
<td title="AsyncHttpClient-1-2 thread">AsyncHttpClient-1-2</td>
<td title="Level"><font color="#339933">DEBUG</font></td>
<td title="io.netty.util.Recycler logger">io.netty.util.Recycler</td>
<td>Recycler.java:103</td>
<td title="Message">-Dio.netty.recycler.maxCapacityPerThread: 4096</td>
</tr>

<tr>
<td>30-01-2022 15:26:35,0966</td>
<td title="AsyncHttpClient-1-2 thread">AsyncHttpClient-1-2</td>
<td title="Level"><font color="#339933">DEBUG</font></td>
<td title="io.netty.util.Recycler logger">io.netty.util.Recycler</td>
<td>Recycler.java:104</td>
<td title="Message">-Dio.netty.recycler.maxSharedCapacityFactor: 2</td>
</tr>

<tr>
<td>30-01-2022 15:26:35,0966</td>
<td title="AsyncHttpClient-1-2 thread">AsyncHttpClient-1-2</td>
<td title="Level"><font color="#339933">DEBUG</font></td>
<td title="io.netty.util.Recycler logger">io.netty.util.Recycler</td>
<td>Recycler.java:105</td>
<td title="Message">-Dio.netty.recycler.linkCapacity: 16</td>
</tr>

<tr>
<td>30-01-2022 15:26:35,0966</td>
<td title="AsyncHttpClient-1-2 thread">AsyncHttpClient-1-2</td>
<td title="Level"><font color="#339933">DEBUG</font></td>
<td title="io.netty.util.Recycler logger">io.netty.util.Recycler</td>
<td>Recycler.java:106</td>
<td title="Message">-Dio.netty.recycler.ratio: 8</td>
</tr>

<tr>
<td>30-01-2022 15:26:35,0967</td>
<td title="AsyncHttpClient-1-2 thread">AsyncHttpClient-1-2</td>
<td title="Level"><font color="#339933">DEBUG</font></td>
<td title="io.netty.util.Recycler logger">io.netty.util.Recycler</td>
<td>Recycler.java:107</td>
<td title="Message">-Dio.netty.recycler.delayedQueue.ratio: 8</td>
</tr>

<tr>
<td>30-01-2022 15:26:36,0551</td>
<td title="AsyncHttpClient-1-2 thread">AsyncHttpClient-1-2</td>
<td title="Level"><font color="#339933">DEBUG</font></td>
<td title="io.netty.handler.codec.compression.Brotli logger">io.netty.handler.codec.compression.Brotli</td>
<td>Brotli.java:38</td>
<td title="Message">brotli4j not in the classpath; Brotli support will be unavailable.</td>
</tr>

<tr>
<td>30-01-2022 15:26:36,0686</td>
<td title="main thread">main</td>
<td title="Level"><font color="#339933">DEBUG</font></td>
<td title="io.netty.util.internal.ThreadLocalRandom logger">io.netty.util.internal.ThreadLocalRandom</td>
<td>ThreadLocalRandom.java:214</td>
<td title="Message">-Dio.netty.initialSeedUniquifier: 0x30feeb2148b72281</td>
</tr>

<tr>
<td>30-01-2022 15:26:36,0899</td>
<td title="main thread">main</td>
<td title="Level"><font color="#339933">DEBUG</font></td>
<td title="suites.appsuites.CashBackSuite logger">suites.appsuites.CashBackSuite</td>
<td>FrameworkBaseSuite.java:23</td>
<td title="Message">Getting global parent window handle</td>
</tr>

<tr>
<td>30-01-2022 15:26:36,0903</td>
<td title="main thread">main</td>
<td title="Level"><font color="#339933">DEBUG</font></td>
<td title="suites.appsuites.CashBackSuite logger">suites.appsuites.CashBackSuite</td>
<td>FrameworkBaseSuite.java:25</td>
<td title="Message">Global parent window handle - CDwindow-E0709854D11C794FB9F8E668998C8247</td>
</tr>

<tr>
<td>30-01-2022 15:26:36,0905</td>
<td title="main thread">main</td>
<td title="Level"><font color="#339933">DEBUG</font></td>
<td title="suites.appsuites.CashBackSuite logger">suites.appsuites.CashBackSuite</td>
<td>CommonFunctions.java:123</td>
<td title="Message">Reading csv file at path - ./cashback.csv</td>
</tr>

<tr>
<td>30-01-2022 15:26:36,0912</td>
<td title="main thread">main</td>
<td title="Level"><font color="#339933">DEBUG</font></td>
<td title="suites.appsuites.CashBackSuite logger">suites.appsuites.CashBackSuite</td>
<td>CommonFunctions.java:138</td>
<td title="Message">Data from csv at path - ./cashback.csv - &quot;AMAZON ID	AMAZON PWD	RAZOR PAY MOBILE NUMBER	RAZOR PAY EMAIL	RAZOR PAY AMOUNT&quot;<br />9787626681,9787626681,9825000536,SANJAY_MADHWANI1979@YAHOO.COM,50<br />9130830688,9130830688,9825000536,SANJAY_MADHWANI1979@YAHOO.COM,50<br />6266329064,6266329064,9825000536,SANJAY_MADHWANI1979@YAHOO.COM,50</td>
</tr>

<tr>
<td>30-01-2022 15:26:36,0931</td>
<td title="main thread">main</td>
<td title="Level"><font color="#339933">DEBUG</font></td>
<td title="suites.appsuites.CashBackSuite logger">suites.appsuites.CashBackSuite</td>
<td>CommonActions.java:604</td>
<td title="Message">Switched to default content</td>
</tr>

<tr>
<td>30-01-2022 15:26:36,0941</td>
<td title="main thread">main</td>
<td title="Level"><font color="#339933">DEBUG</font></td>
<td title="suites.appsuites.CashBackSuite logger">suites.appsuites.CashBackSuite</td>
<td>CommonActions.java:268</td>
<td title="Message">Switched to given window for handle - CDwindow-E0709854D11C794FB9F8E668998C8247</td>
</tr>

<tr>
<td>30-01-2022 15:26:36,0941</td>
<td title="main thread">main</td>
<td title="Level"><font color="#339933">DEBUG</font></td>
<td title="suites.appsuites.CashBackSuite logger">suites.appsuites.CashBackSuite</td>
<td>CommonActions.java:500</td>
<td title="Message">Switched to given window</td>
</tr>

<tr>
<td>30-01-2022 15:26:38,0548</td>
<td title="main thread">main</td>
<td title="Level"><font color="#339933">DEBUG</font></td>
<td title="suites.appsuites.CashBackSuite logger">suites.appsuites.CashBackSuite</td>
<td>CommonActions.java:161</td>
<td title="Message">URL: https://www.amazon.in/ap/signin?openid.pape.max_auth_age=900&amp;openid.return_to=https%3A%2F%2Fwww.amazon.in%2Fgp%2Fyourstore%2Fhome%3Fie%3DUTF8%26path%3D%252Fgp%252Fyourstore%252Fhome%26signIn%3D1%26useRedirectOnSuccess%3D1%26action%3Dsign-out%26ref_%3Dgno_signout&amp;openid.assoc_handle=inflex&amp;openid.mode=checkid_setup&amp;openid.ns=http%3A%2F%2Fspecs.openid.net%2Fauth%2F2.0 is launched</td>
</tr>

<tr>
<td>30-01-2022 15:26:38,0554</td>
<td title="main thread">main</td>
<td title="Level"><font color="#339933">DEBUG</font></td>
<td title="suites.appsuites.CashBackSuite logger">suites.appsuites.CashBackSuite</td>
<td>CommonActions.java:241</td>
<td title="Message">Wait For Page Load Status - complete</td>
</tr>

<tr>
<td>30-01-2022 15:26:38,0716</td>
<td title="main thread">main</td>
<td title="Level"><font color="#339933">DEBUG</font></td>
<td title="suites.appsuites.CashBackSuite logger">suites.appsuites.CashBackSuite</td>
<td>CommonActions.java:101</td>
<td title="Message">9787626681 is entered in 'By.name: email' Text Field</td>
</tr>

<tr>
<td>30-01-2022 15:26:39,0728</td>
<td title="main thread">main</td>
<td title="Level"><font color="#339933">DEBUG</font></td>
<td title="suites.appsuites.CashBackSuite logger">suites.appsuites.CashBackSuite</td>
<td>CommonActions.java:65</td>
<td title="Message">By.id: continue is clicked</td>
</tr>

<tr>
<td>30-01-2022 15:26:39,0733</td>
<td title="main thread">main</td>
<td title="Level"><font color="#339933">DEBUG</font></td>
<td title="suites.appsuites.CashBackSuite logger">suites.appsuites.CashBackSuite</td>
<td>CommonActions.java:241</td>
<td title="Message">Wait For Page Load Status - complete</td>
</tr>

<tr>
<td>30-01-2022 15:26:44,0900</td>
<td title="main thread">main</td>
<td title="Level"><font color="#993300"><strong>ERROR</strong></font></td>
<td title="suites.appsuites.CashBackSuite logger">suites.appsuites.CashBackSuite</td>
<td>CommonActions.java:395</td>
<td title="Message">Timed out waiting for 'visibilityOfElementLocated' on element 'By.xpath: //span[contains(text(),' country code')]' after 5 seconds</td>
</tr>
<tr><td bgcolor="#993300" style="color:White; font-size : small;" colspan="6">org.openqa.selenium.TimeoutException: Expected condition failed: waiting for visibility of element located by By.xpath: //span[contains(text(),' country code')] (tried for 5 second(s) with 500 milliseconds interval)
<br />&nbsp;&nbsp;&nbsp;&nbsp;Build info: version: '4.0.0', revision: '3a21814679'
<br />&nbsp;&nbsp;&nbsp;&nbsp;System info: host: 'LAPTOP-0GLISK19', ip: '192.168.0.122', os.name: 'Windows 10', os.arch: 'amd64', os.version: '10.0', java.version: '1.8.0-262'
<br />&nbsp;&nbsp;&nbsp;&nbsp;Driver info: org.openqa.selenium.chrome.ChromeDriver
<br />&nbsp;&nbsp;&nbsp;&nbsp;Capabilities {acceptInsecureCerts: false, browserName: chrome, browserVersion: 97.0.4692.99, chrome: {chromedriverVersion: 97.0.4692.71 (adefa7837d02a..., userDataDir: C:\Users\MAYUR\AppData\Loca...}, goog:chromeOptions: {debuggerAddress: localhost:61355}, javascriptEnabled: true, networkConnectionEnabled: false, pageLoadStrategy: normal, platform: WINDOWS, platformName: WINDOWS, proxy: Proxy(), se:cdp: ws://localhost:61355/devtoo..., se:cdpVersion: 97.0.4692.99, setWindowRect: true, strictFileInteractability: false, timeouts: {implicit: 0, pageLoad: 300000, script: 30000}, unhandledPromptBehavior: dismiss and notify, webauthn:extension:credBlob: true, webauthn:extension:largeBlob: true, webauthn:virtualAuthenticators: true}
<br />&nbsp;&nbsp;&nbsp;&nbsp;Session ID: ced407cdb324cbfa66d04fe015580f72
<br />&nbsp;&nbsp;&nbsp;&nbsp;	at org.openqa.selenium.support.ui.WebDriverWait.timeoutException(WebDriverWait.java:138)
<br />&nbsp;&nbsp;&nbsp;&nbsp;	at org.openqa.selenium.support.ui.FluentWait.until(FluentWait.java:231)
<br />&nbsp;&nbsp;&nbsp;&nbsp;	at framework.framework.CommonActions.waitForElement(CommonActions.java:368)
<br />&nbsp;&nbsp;&nbsp;&nbsp;	at amazon.login.Login.launchAndLogin(Login.java:46)
<br />&nbsp;&nbsp;&nbsp;&nbsp;	at suites.appsuites.CashBackSuite.cashback(CashBackSuite.java:55)
<br />&nbsp;&nbsp;&nbsp;&nbsp;	at sun.reflect.NativeMethodAccessorImpl.invoke0(Native Method)
<br />&nbsp;&nbsp;&nbsp;&nbsp;	at sun.reflect.NativeMethodAccessorImpl.invoke(NativeMethodAccessorImpl.java:62)
<br />&nbsp;&nbsp;&nbsp;&nbsp;	at sun.reflect.DelegatingMethodAccessorImpl.invoke(DelegatingMethodAccessorImpl.java:43)
<br />&nbsp;&nbsp;&nbsp;&nbsp;	at java.lang.reflect.Method.invoke(Method.java:498)
<br />&nbsp;&nbsp;&nbsp;&nbsp;	at org.testng.internal.MethodInvocationHelper.invokeMethod(MethodInvocationHelper.java:124)
<br />&nbsp;&nbsp;&nbsp;&nbsp;	at org.testng.internal.Invoker.invokeMethod(Invoker.java:571)
<br />&nbsp;&nbsp;&nbsp;&nbsp;	at org.testng.internal.Invoker.invokeTestMethod(Invoker.java:707)
<br />&nbsp;&nbsp;&nbsp;&nbsp;	at org.testng.internal.Invoker.invokeTestMethods(Invoker.java:979)
<br />&nbsp;&nbsp;&nbsp;&nbsp;	at org.testng.internal.TestMethodWorker.invokeTestMethods(TestMethodWorker.java:125)
<br />&nbsp;&nbsp;&nbsp;&nbsp;	at org.testng.internal.TestMethodWorker.run(TestMethodWorker.java:109)
<br />&nbsp;&nbsp;&nbsp;&nbsp;	at org.testng.TestRunner.privateRun(TestRunner.java:648)
<br />&nbsp;&nbsp;&nbsp;&nbsp;	at org.testng.TestRunner.run(TestRunner.java:505)
<br />&nbsp;&nbsp;&nbsp;&nbsp;	at org.testng.SuiteRunner.runTest(SuiteRunner.java:455)
<br />&nbsp;&nbsp;&nbsp;&nbsp;	at org.testng.SuiteRunner.runSequentially(SuiteRunner.java:450)
<br />&nbsp;&nbsp;&nbsp;&nbsp;	at org.testng.SuiteRunner.privateRun(SuiteRunner.java:415)
<br />&nbsp;&nbsp;&nbsp;&nbsp;	at org.testng.SuiteRunner.run(SuiteRunner.java:364)
<br />&nbsp;&nbsp;&nbsp;&nbsp;	at org.testng.SuiteRunnerWorker.runSuite(SuiteRunnerWorker.java:52)
<br />&nbsp;&nbsp;&nbsp;&nbsp;	at org.testng.SuiteRunnerWorker.run(SuiteRunnerWorker.java:84)
<br />&nbsp;&nbsp;&nbsp;&nbsp;	at org.testng.TestNG.runSuitesSequentially(TestNG.java:1187)
<br />&nbsp;&nbsp;&nbsp;&nbsp;	at org.testng.TestNG.runSuitesLocally(TestNG.java:1116)
<br />&nbsp;&nbsp;&nbsp;&nbsp;	at org.testng.TestNG.runSuites(TestNG.java:1028)
<br />&nbsp;&nbsp;&nbsp;&nbsp;	at org.testng.TestNG.run(TestNG.java:996)
<br />&nbsp;&nbsp;&nbsp;&nbsp;	at org.testng.remote.AbstractRemoteTestNG.run(AbstractRemoteTestNG.java:115)
<br />&nbsp;&nbsp;&nbsp;&nbsp;	at org.testng.remote.RemoteTestNG.initAndRun(RemoteTestNG.java:251)
<br />&nbsp;&nbsp;&nbsp;&nbsp;	at org.testng.remote.RemoteTestNG.main(RemoteTestNG.java:77)
</td></tr>

<tr>
<td>30-01-2022 15:26:55,0200</td>
<td title="main thread">main</td>
<td title="Level"><font color="#993300"><strong>ERROR</strong></font></td>
<td title="suites.appsuites.CashBackSuite logger">suites.appsuites.CashBackSuite</td>
<td>CommonActions.java:395</td>
<td title="Message">Timed out waiting for 'visibilityOfElementLocated' on element 'By.xpath: //*[normalize-space(text())='Incorrect phone number']' after 10 seconds</td>
</tr>
<tr><td bgcolor="#993300" style="color:White; font-size : small;" colspan="6">org.openqa.selenium.TimeoutException: Expected condition failed: waiting for visibility of element located by By.xpath: //*[normalize-space(text())='Incorrect phone number'] (tried for 10 second(s) with 500 milliseconds interval)
<br />&nbsp;&nbsp;&nbsp;&nbsp;Build info: version: '4.0.0', revision: '3a21814679'
<br />&nbsp;&nbsp;&nbsp;&nbsp;System info: host: 'LAPTOP-0GLISK19', ip: '192.168.0.122', os.name: 'Windows 10', os.arch: 'amd64', os.version: '10.0', java.version: '1.8.0-262'
<br />&nbsp;&nbsp;&nbsp;&nbsp;Driver info: org.openqa.selenium.chrome.ChromeDriver
<br />&nbsp;&nbsp;&nbsp;&nbsp;Capabilities {acceptInsecureCerts: false, browserName: chrome, browserVersion: 97.0.4692.99, chrome: {chromedriverVersion: 97.0.4692.71 (adefa7837d02a..., userDataDir: C:\Users\MAYUR\AppData\Loca...}, goog:chromeOptions: {debuggerAddress: localhost:61355}, javascriptEnabled: true, networkConnectionEnabled: false, pageLoadStrategy: normal, platform: WINDOWS, platformName: WINDOWS, proxy: Proxy(), se:cdp: ws://localhost:61355/devtoo..., se:cdpVersion: 97.0.4692.99, setWindowRect: true, strictFileInteractability: false, timeouts: {implicit: 0, pageLoad: 300000, script: 30000}, unhandledPromptBehavior: dismiss and notify, webauthn:extension:credBlob: true, webauthn:extension:largeBlob: true, webauthn:virtualAuthenticators: true}
<br />&nbsp;&nbsp;&nbsp;&nbsp;Session ID: ced407cdb324cbfa66d04fe015580f72
<br />&nbsp;&nbsp;&nbsp;&nbsp;	at org.openqa.selenium.support.ui.WebDriverWait.timeoutException(WebDriverWait.java:138)
<br />&nbsp;&nbsp;&nbsp;&nbsp;	at org.openqa.selenium.support.ui.FluentWait.until(FluentWait.java:231)
<br />&nbsp;&nbsp;&nbsp;&nbsp;	at framework.framework.CommonActions.waitForElement(CommonActions.java:368)
<br />&nbsp;&nbsp;&nbsp;&nbsp;	at amazon.login.Login.launchAndLogin(Login.java:60)
<br />&nbsp;&nbsp;&nbsp;&nbsp;	at suites.appsuites.CashBackSuite.cashback(CashBackSuite.java:55)
<br />&nbsp;&nbsp;&nbsp;&nbsp;	at sun.reflect.NativeMethodAccessorImpl.invoke0(Native Method)
<br />&nbsp;&nbsp;&nbsp;&nbsp;	at sun.reflect.NativeMethodAccessorImpl.invoke(NativeMethodAccessorImpl.java:62)
<br />&nbsp;&nbsp;&nbsp;&nbsp;	at sun.reflect.DelegatingMethodAccessorImpl.invoke(DelegatingMethodAccessorImpl.java:43)
<br />&nbsp;&nbsp;&nbsp;&nbsp;	at java.lang.reflect.Method.invoke(Method.java:498)
<br />&nbsp;&nbsp;&nbsp;&nbsp;	at org.testng.internal.MethodInvocationHelper.invokeMethod(MethodInvocationHelper.java:124)
<br />&nbsp;&nbsp;&nbsp;&nbsp;	at org.testng.internal.Invoker.invokeMethod(Invoker.java:571)
<br />&nbsp;&nbsp;&nbsp;&nbsp;	at org.testng.internal.Invoker.invokeTestMethod(Invoker.java:707)
<br />&nbsp;&nbsp;&nbsp;&nbsp;	at org.testng.internal.Invoker.invokeTestMethods(Invoker.java:979)
<br />&nbsp;&nbsp;&nbsp;&nbsp;	at org.testng.internal.TestMethodWorker.invokeTestMethods(TestMethodWorker.java:125)
<br />&nbsp;&nbsp;&nbsp;&nbsp;	at org.testng.internal.TestMethodWorker.run(TestMethodWorker.java:109)
<br />&nbsp;&nbsp;&nbsp;&nbsp;	at org.testng.TestRunner.privateRun(TestRunner.java:648)
<br />&nbsp;&nbsp;&nbsp;&nbsp;	at org.testng.TestRunner.run(TestRunner.java:505)
<br />&nbsp;&nbsp;&nbsp;&nbsp;	at org.testng.SuiteRunner.runTest(SuiteRunner.java:455)
<br />&nbsp;&nbsp;&nbsp;&nbsp;	at org.testng.SuiteRunner.runSequentially(SuiteRunner.java:450)
<br />&nbsp;&nbsp;&nbsp;&nbsp;	at org.testng.SuiteRunner.privateRun(SuiteRunner.java:415)
<br />&nbsp;&nbsp;&nbsp;&nbsp;	at org.testng.SuiteRunner.run(SuiteRunner.java:364)
<br />&nbsp;&nbsp;&nbsp;&nbsp;	at org.testng.SuiteRunnerWorker.runSuite(SuiteRunnerWorker.java:52)
<br />&nbsp;&nbsp;&nbsp;&nbsp;	at org.testng.SuiteRunnerWorker.run(SuiteRunnerWorker.java:84)
<br />&nbsp;&nbsp;&nbsp;&nbsp;	at org.testng.TestNG.runSuitesSequentially(TestNG.java:1187)
<br />&nbsp;&nbsp;&nbsp;&nbsp;	at org.testng.TestNG.runSuitesLocally(TestNG.java:1116)
<br />&nbsp;&nbsp;&nbsp;&nbsp;	at org.testng.TestNG.runSuites(TestNG.java:1028)
<br />&nbsp;&nbsp;&nbsp;&nbsp;	at org.testng.TestNG.run(TestNG.java:996)
<br />&nbsp;&nbsp;&nbsp;&nbsp;	at org.testng.remote.AbstractRemoteTestNG.run(AbstractRemoteTestNG.java:115)
<br />&nbsp;&nbsp;&nbsp;&nbsp;	at org.testng.remote.RemoteTestNG.initAndRun(RemoteTestNG.java:251)
<br />&nbsp;&nbsp;&nbsp;&nbsp;	at org.testng.remote.RemoteTestNG.main(RemoteTestNG.java:77)
</td></tr>

<tr>
<td>30-01-2022 15:26:55,0305</td>
<td title="main thread">main</td>
<td title="Level"><font color="#339933">DEBUG</font></td>
<td title="suites.appsuites.CashBackSuite logger">suites.appsuites.CashBackSuite</td>
<td>CommonActions.java:101</td>
<td title="Message">9787626681 is entered in 'By.name: password' Text Field</td>
</tr>

<tr>
<td>30-01-2022 15:26:55,0396</td>
<td title="main thread">main</td>
<td title="Level"><font color="#339933">DEBUG</font></td>
<td title="suites.appsuites.CashBackSuite logger">suites.appsuites.CashBackSuite</td>
<td>CommonActions.java:65</td>
<td title="Message">By.id: signInSubmit is clicked</td>
</tr>

<tr>
<td>30-01-2022 15:26:57,0303</td>
<td title="main thread">main</td>
<td title="Level"><font color="#339933">DEBUG</font></td>
<td title="suites.appsuites.CashBackSuite logger">suites.appsuites.CashBackSuite</td>
<td>CommonActions.java:241</td>
<td title="Message">Wait For Page Load Status - complete</td>
</tr>

<tr>
<td>30-01-2022 15:27:07,0612</td>
<td title="main thread">main</td>
<td title="Level"><font color="#993300"><strong>ERROR</strong></font></td>
<td title="suites.appsuites.CashBackSuite logger">suites.appsuites.CashBackSuite</td>
<td>CommonActions.java:395</td>
<td title="Message">Timed out waiting for 'visibilityOfElementLocated' on element 'By.xpath: //*[normalize-space(text())='Your password is incorrect']' after 10 seconds</td>
</tr>
<tr><td bgcolor="#993300" style="color:White; font-size : small;" colspan="6">org.openqa.selenium.TimeoutException: Expected condition failed: waiting for visibility of element located by By.xpath: //*[normalize-space(text())='Your password is incorrect'] (tried for 10 second(s) with 500 milliseconds interval)
<br />&nbsp;&nbsp;&nbsp;&nbsp;Build info: version: '4.0.0', revision: '3a21814679'
<br />&nbsp;&nbsp;&nbsp;&nbsp;System info: host: 'LAPTOP-0GLISK19', ip: '192.168.0.122', os.name: 'Windows 10', os.arch: 'amd64', os.version: '10.0', java.version: '1.8.0-262'
<br />&nbsp;&nbsp;&nbsp;&nbsp;Driver info: org.openqa.selenium.chrome.ChromeDriver
<br />&nbsp;&nbsp;&nbsp;&nbsp;Capabilities {acceptInsecureCerts: false, browserName: chrome, browserVersion: 97.0.4692.99, chrome: {chromedriverVersion: 97.0.4692.71 (adefa7837d02a..., userDataDir: C:\Users\MAYUR\AppData\Loca...}, goog:chromeOptions: {debuggerAddress: localhost:61355}, javascriptEnabled: true, networkConnectionEnabled: false, pageLoadStrategy: normal, platform: WINDOWS, platformName: WINDOWS, proxy: Proxy(), se:cdp: ws://localhost:61355/devtoo..., se:cdpVersion: 97.0.4692.99, setWindowRect: true, strictFileInteractability: false, timeouts: {implicit: 0, pageLoad: 300000, script: 30000}, unhandledPromptBehavior: dismiss and notify, webauthn:extension:credBlob: true, webauthn:extension:largeBlob: true, webauthn:virtualAuthenticators: true}
<br />&nbsp;&nbsp;&nbsp;&nbsp;Session ID: ced407cdb324cbfa66d04fe015580f72
<br />&nbsp;&nbsp;&nbsp;&nbsp;	at org.openqa.selenium.support.ui.WebDriverWait.timeoutException(WebDriverWait.java:138)
<br />&nbsp;&nbsp;&nbsp;&nbsp;	at org.openqa.selenium.support.ui.FluentWait.until(FluentWait.java:231)
<br />&nbsp;&nbsp;&nbsp;&nbsp;	at framework.framework.CommonActions.waitForElement(CommonActions.java:368)
<br />&nbsp;&nbsp;&nbsp;&nbsp;	at amazon.login.Login.launchAndLogin(Login.java:81)
<br />&nbsp;&nbsp;&nbsp;&nbsp;	at suites.appsuites.CashBackSuite.cashback(CashBackSuite.java:55)
<br />&nbsp;&nbsp;&nbsp;&nbsp;	at sun.reflect.NativeMethodAccessorImpl.invoke0(Native Method)
<br />&nbsp;&nbsp;&nbsp;&nbsp;	at sun.reflect.NativeMethodAccessorImpl.invoke(NativeMethodAccessorImpl.java:62)
<br />&nbsp;&nbsp;&nbsp;&nbsp;	at sun.reflect.DelegatingMethodAccessorImpl.invoke(DelegatingMethodAccessorImpl.java:43)
<br />&nbsp;&nbsp;&nbsp;&nbsp;	at java.lang.reflect.Method.invoke(Method.java:498)
<br />&nbsp;&nbsp;&nbsp;&nbsp;	at org.testng.internal.MethodInvocationHelper.invokeMethod(MethodInvocationHelper.java:124)
<br />&nbsp;&nbsp;&nbsp;&nbsp;	at org.testng.internal.Invoker.invokeMethod(Invoker.java:571)
<br />&nbsp;&nbsp;&nbsp;&nbsp;	at org.testng.internal.Invoker.invokeTestMethod(Invoker.java:707)
<br />&nbsp;&nbsp;&nbsp;&nbsp;	at org.testng.internal.Invoker.invokeTestMethods(Invoker.java:979)
<br />&nbsp;&nbsp;&nbsp;&nbsp;	at org.testng.internal.TestMethodWorker.invokeTestMethods(TestMethodWorker.java:125)
<br />&nbsp;&nbsp;&nbsp;&nbsp;	at org.testng.internal.TestMethodWorker.run(TestMethodWorker.java:109)
<br />&nbsp;&nbsp;&nbsp;&nbsp;	at org.testng.TestRunner.privateRun(TestRunner.java:648)
<br />&nbsp;&nbsp;&nbsp;&nbsp;	at org.testng.TestRunner.run(TestRunner.java:505)
<br />&nbsp;&nbsp;&nbsp;&nbsp;	at org.testng.SuiteRunner.runTest(SuiteRunner.java:455)
<br />&nbsp;&nbsp;&nbsp;&nbsp;	at org.testng.SuiteRunner.runSequentially(SuiteRunner.java:450)
<br />&nbsp;&nbsp;&nbsp;&nbsp;	at org.testng.SuiteRunner.privateRun(SuiteRunner.java:415)
<br />&nbsp;&nbsp;&nbsp;&nbsp;	at org.testng.SuiteRunner.run(SuiteRunner.java:364)
<br />&nbsp;&nbsp;&nbsp;&nbsp;	at org.testng.SuiteRunnerWorker.runSuite(SuiteRunnerWorker.java:52)
<br />&nbsp;&nbsp;&nbsp;&nbsp;	at org.testng.SuiteRunnerWorker.run(SuiteRunnerWorker.java:84)
<br />&nbsp;&nbsp;&nbsp;&nbsp;	at org.testng.TestNG.runSuitesSequentially(TestNG.java:1187)
<br />&nbsp;&nbsp;&nbsp;&nbsp;	at org.testng.TestNG.runSuitesLocally(TestNG.java:1116)
<br />&nbsp;&nbsp;&nbsp;&nbsp;	at org.testng.TestNG.runSuites(TestNG.java:1028)
<br />&nbsp;&nbsp;&nbsp;&nbsp;	at org.testng.TestNG.run(TestNG.java:996)
<br />&nbsp;&nbsp;&nbsp;&nbsp;	at org.testng.remote.AbstractRemoteTestNG.run(AbstractRemoteTestNG.java:115)
<br />&nbsp;&nbsp;&nbsp;&nbsp;	at org.testng.remote.RemoteTestNG.initAndRun(RemoteTestNG.java:251)
<br />&nbsp;&nbsp;&nbsp;&nbsp;	at org.testng.remote.RemoteTestNG.main(RemoteTestNG.java:77)
</td></tr>

<tr>
<td>30-01-2022 15:27:07,0637</td>
<td title="main thread">main</td>
<td title="Level"><font color="#993300"><strong>ERROR</strong></font></td>
<td title="suites.appsuites.CashBackSuite logger">suites.appsuites.CashBackSuite</td>
<td>Login.java:89</td>
<td title="Message">Clear cookies</td>
</tr>

<tr>
<td>30-01-2022 15:27:08,0270</td>
<td title="main thread">main</td>
<td title="Level"><font color="#339933">DEBUG</font></td>
<td title="suites.appsuites.CashBackSuite logger">suites.appsuites.CashBackSuite</td>
<td>CommonActions.java:241</td>
<td title="Message">Wait For Page Load Status - complete</td>
</tr>

<tr>
<td>30-01-2022 15:27:08,0635</td>
<td title="main thread">main</td>
<td title="Level"><font color="#339933">DEBUG</font></td>
<td title="suites.appsuites.CashBackSuite logger">suites.appsuites.CashBackSuite</td>
<td>CommonActions.java:161</td>
<td title="Message">URL: https://www.amazon.in/ap/signin?openid.pape.max_auth_age=900&amp;openid.return_to=https%3A%2F%2Fwww.amazon.in%2Fgp%2Fyourstore%2Fhome%3Fie%3DUTF8%26path%3D%252Fgp%252Fyourstore%252Fhome%26signIn%3D1%26useRedirectOnSuccess%3D1%26action%3Dsign-out%26ref_%3Dgno_signout&amp;openid.assoc_handle=inflex&amp;openid.mode=checkid_setup&amp;openid.ns=http%3A%2F%2Fspecs.openid.net%2Fauth%2F2.0 is launched</td>
</tr>

<tr>
<td>30-01-2022 15:27:08,0639</td>
<td title="main thread">main</td>
<td title="Level"><font color="#339933">DEBUG</font></td>
<td title="suites.appsuites.CashBackSuite logger">suites.appsuites.CashBackSuite</td>
<td>CommonActions.java:241</td>
<td title="Message">Wait For Page Load Status - complete</td>
</tr>

<tr>
<td>30-01-2022 15:27:08,0758</td>
<td title="main thread">main</td>
<td title="Level"><font color="#339933">DEBUG</font></td>
<td title="suites.appsuites.CashBackSuite logger">suites.appsuites.CashBackSuite</td>
<td>CommonActions.java:101</td>
<td title="Message">9787626681 is entered in 'By.name: email' Text Field</td>
</tr>

<tr>
<td>30-01-2022 15:27:09,0414</td>
<td title="main thread">main</td>
<td title="Level"><font color="#339933">DEBUG</font></td>
<td title="suites.appsuites.CashBackSuite logger">suites.appsuites.CashBackSuite</td>
<td>CommonActions.java:65</td>
<td title="Message">By.id: continue is clicked</td>
</tr>

<tr>
<td>30-01-2022 15:27:09,0434</td>
<td title="main thread">main</td>
<td title="Level"><font color="#339933">DEBUG</font></td>
<td title="suites.appsuites.CashBackSuite logger">suites.appsuites.CashBackSuite</td>
<td>CommonActions.java:241</td>
<td title="Message">Wait For Page Load Status - complete</td>
</tr>

<tr>
<td>30-01-2022 15:27:14,0554</td>
<td title="main thread">main</td>
<td title="Level"><font color="#993300"><strong>ERROR</strong></font></td>
<td title="suites.appsuites.CashBackSuite logger">suites.appsuites.CashBackSuite</td>
<td>CommonActions.java:395</td>
<td title="Message">Timed out waiting for 'visibilityOfElementLocated' on element 'By.xpath: //span[contains(text(),' country code')]' after 5 seconds</td>
</tr>
<tr><td bgcolor="#993300" style="color:White; font-size : small;" colspan="6">org.openqa.selenium.TimeoutException: Expected condition failed: waiting for visibility of element located by By.xpath: //span[contains(text(),' country code')] (tried for 5 second(s) with 500 milliseconds interval)
<br />&nbsp;&nbsp;&nbsp;&nbsp;Build info: version: '4.0.0', revision: '3a21814679'
<br />&nbsp;&nbsp;&nbsp;&nbsp;System info: host: 'LAPTOP-0GLISK19', ip: '192.168.0.122', os.name: 'Windows 10', os.arch: 'amd64', os.version: '10.0', java.version: '1.8.0-262'
<br />&nbsp;&nbsp;&nbsp;&nbsp;Driver info: org.openqa.selenium.chrome.ChromeDriver
<br />&nbsp;&nbsp;&nbsp;&nbsp;Capabilities {acceptInsecureCerts: false, browserName: chrome, browserVersion: 97.0.4692.99, chrome: {chromedriverVersion: 97.0.4692.71 (adefa7837d02a..., userDataDir: C:\Users\MAYUR\AppData\Loca...}, goog:chromeOptions: {debuggerAddress: localhost:61355}, javascriptEnabled: true, networkConnectionEnabled: false, pageLoadStrategy: normal, platform: WINDOWS, platformName: WINDOWS, proxy: Proxy(), se:cdp: ws://localhost:61355/devtoo..., se:cdpVersion: 97.0.4692.99, setWindowRect: true, strictFileInteractability: false, timeouts: {implicit: 0, pageLoad: 300000, script: 30000}, unhandledPromptBehavior: dismiss and notify, webauthn:extension:credBlob: true, webauthn:extension:largeBlob: true, webauthn:virtualAuthenticators: true}
<br />&nbsp;&nbsp;&nbsp;&nbsp;Session ID: ced407cdb324cbfa66d04fe015580f72
<br />&nbsp;&nbsp;&nbsp;&nbsp;	at org.openqa.selenium.support.ui.WebDriverWait.timeoutException(WebDriverWait.java:138)
<br />&nbsp;&nbsp;&nbsp;&nbsp;	at org.openqa.selenium.support.ui.FluentWait.until(FluentWait.java:231)
<br />&nbsp;&nbsp;&nbsp;&nbsp;	at framework.framework.CommonActions.waitForElement(CommonActions.java:368)
<br />&nbsp;&nbsp;&nbsp;&nbsp;	at amazon.login.Login.launchAndLogin(Login.java:46)
<br />&nbsp;&nbsp;&nbsp;&nbsp;	at suites.appsuites.CashBackSuite.cashback(CashBackSuite.java:61)
<br />&nbsp;&nbsp;&nbsp;&nbsp;	at sun.reflect.NativeMethodAccessorImpl.invoke0(Native Method)
<br />&nbsp;&nbsp;&nbsp;&nbsp;	at sun.reflect.NativeMethodAccessorImpl.invoke(NativeMethodAccessorImpl.java:62)
<br />&nbsp;&nbsp;&nbsp;&nbsp;	at sun.reflect.DelegatingMethodAccessorImpl.invoke(DelegatingMethodAccessorImpl.java:43)
<br />&nbsp;&nbsp;&nbsp;&nbsp;	at java.lang.reflect.Method.invoke(Method.java:498)
<br />&nbsp;&nbsp;&nbsp;&nbsp;	at org.testng.internal.MethodInvocationHelper.invokeMethod(MethodInvocationHelper.java:124)
<br />&nbsp;&nbsp;&nbsp;&nbsp;	at org.testng.internal.Invoker.invokeMethod(Invoker.java:571)
<br />&nbsp;&nbsp;&nbsp;&nbsp;	at org.testng.internal.Invoker.invokeTestMethod(Invoker.java:707)
<br />&nbsp;&nbsp;&nbsp;&nbsp;	at org.testng.internal.Invoker.invokeTestMethods(Invoker.java:979)
<br />&nbsp;&nbsp;&nbsp;&nbsp;	at org.testng.internal.TestMethodWorker.invokeTestMethods(TestMethodWorker.java:125)
<br />&nbsp;&nbsp;&nbsp;&nbsp;	at org.testng.internal.TestMethodWorker.run(TestMethodWorker.java:109)
<br />&nbsp;&nbsp;&nbsp;&nbsp;	at org.testng.TestRunner.privateRun(TestRunner.java:648)
<br />&nbsp;&nbsp;&nbsp;&nbsp;	at org.testng.TestRunner.run(TestRunner.java:505)
<br />&nbsp;&nbsp;&nbsp;&nbsp;	at org.testng.SuiteRunner.runTest(SuiteRunner.java:455)
<br />&nbsp;&nbsp;&nbsp;&nbsp;	at org.testng.SuiteRunner.runSequentially(SuiteRunner.java:450)
<br />&nbsp;&nbsp;&nbsp;&nbsp;	at org.testng.SuiteRunner.privateRun(SuiteRunner.java:415)
<br />&nbsp;&nbsp;&nbsp;&nbsp;	at org.testng.SuiteRunner.run(SuiteRunner.java:364)
<br />&nbsp;&nbsp;&nbsp;&nbsp;	at org.testng.SuiteRunnerWorker.runSuite(SuiteRunnerWorker.java:52)
<br />&nbsp;&nbsp;&nbsp;&nbsp;	at org.testng.SuiteRunnerWorker.run(SuiteRunnerWorker.java:84)
<br />&nbsp;&nbsp;&nbsp;&nbsp;	at org.testng.TestNG.runSuitesSequentially(TestNG.java:1187)
<br />&nbsp;&nbsp;&nbsp;&nbsp;	at org.testng.TestNG.runSuitesLocally(TestNG.java:1116)
<br />&nbsp;&nbsp;&nbsp;&nbsp;	at org.testng.TestNG.runSuites(TestNG.java:1028)
<br />&nbsp;&nbsp;&nbsp;&nbsp;	at org.testng.TestNG.run(TestNG.java:996)
<br />&nbsp;&nbsp;&nbsp;&nbsp;	at org.testng.remote.AbstractRemoteTestNG.run(AbstractRemoteTestNG.java:115)
<br />&nbsp;&nbsp;&nbsp;&nbsp;	at org.testng.remote.RemoteTestNG.initAndRun(RemoteTestNG.java:251)
<br />&nbsp;&nbsp;&nbsp;&nbsp;	at org.testng.remote.RemoteTestNG.main(RemoteTestNG.java:77)
</td></tr>

<tr>
<td>30-01-2022 15:27:24,0868</td>
<td title="main thread">main</td>
<td title="Level"><font color="#993300"><strong>ERROR</strong></font></td>
<td title="suites.appsuites.CashBackSuite logger">suites.appsuites.CashBackSuite</td>
<td>CommonActions.java:395</td>
<td title="Message">Timed out waiting for 'visibilityOfElementLocated' on element 'By.xpath: //*[normalize-space(text())='Incorrect phone number']' after 10 seconds</td>
</tr>
<tr><td bgcolor="#993300" style="color:White; font-size : small;" colspan="6">org.openqa.selenium.TimeoutException: Expected condition failed: waiting for visibility of element located by By.xpath: //*[normalize-space(text())='Incorrect phone number'] (tried for 10 second(s) with 500 milliseconds interval)
<br />&nbsp;&nbsp;&nbsp;&nbsp;Build info: version: '4.0.0', revision: '3a21814679'
<br />&nbsp;&nbsp;&nbsp;&nbsp;System info: host: 'LAPTOP-0GLISK19', ip: '192.168.0.122', os.name: 'Windows 10', os.arch: 'amd64', os.version: '10.0', java.version: '1.8.0-262'
<br />&nbsp;&nbsp;&nbsp;&nbsp;Driver info: org.openqa.selenium.chrome.ChromeDriver
<br />&nbsp;&nbsp;&nbsp;&nbsp;Capabilities {acceptInsecureCerts: false, browserName: chrome, browserVersion: 97.0.4692.99, chrome: {chromedriverVersion: 97.0.4692.71 (adefa7837d02a..., userDataDir: C:\Users\MAYUR\AppData\Loca...}, goog:chromeOptions: {debuggerAddress: localhost:61355}, javascriptEnabled: true, networkConnectionEnabled: false, pageLoadStrategy: normal, platform: WINDOWS, platformName: WINDOWS, proxy: Proxy(), se:cdp: ws://localhost:61355/devtoo..., se:cdpVersion: 97.0.4692.99, setWindowRect: true, strictFileInteractability: false, timeouts: {implicit: 0, pageLoad: 300000, script: 30000}, unhandledPromptBehavior: dismiss and notify, webauthn:extension:credBlob: true, webauthn:extension:largeBlob: true, webauthn:virtualAuthenticators: true}
<br />&nbsp;&nbsp;&nbsp;&nbsp;Session ID: ced407cdb324cbfa66d04fe015580f72
<br />&nbsp;&nbsp;&nbsp;&nbsp;	at org.openqa.selenium.support.ui.WebDriverWait.timeoutException(WebDriverWait.java:138)
<br />&nbsp;&nbsp;&nbsp;&nbsp;	at org.openqa.selenium.support.ui.FluentWait.until(FluentWait.java:231)
<br />&nbsp;&nbsp;&nbsp;&nbsp;	at framework.framework.CommonActions.waitForElement(CommonActions.java:368)
<br />&nbsp;&nbsp;&nbsp;&nbsp;	at amazon.login.Login.launchAndLogin(Login.java:60)
<br />&nbsp;&nbsp;&nbsp;&nbsp;	at suites.appsuites.CashBackSuite.cashback(CashBackSuite.java:61)
<br />&nbsp;&nbsp;&nbsp;&nbsp;	at sun.reflect.NativeMethodAccessorImpl.invoke0(Native Method)
<br />&nbsp;&nbsp;&nbsp;&nbsp;	at sun.reflect.NativeMethodAccessorImpl.invoke(NativeMethodAccessorImpl.java:62)
<br />&nbsp;&nbsp;&nbsp;&nbsp;	at sun.reflect.DelegatingMethodAccessorImpl.invoke(DelegatingMethodAccessorImpl.java:43)
<br />&nbsp;&nbsp;&nbsp;&nbsp;	at java.lang.reflect.Method.invoke(Method.java:498)
<br />&nbsp;&nbsp;&nbsp;&nbsp;	at org.testng.internal.MethodInvocationHelper.invokeMethod(MethodInvocationHelper.java:124)
<br />&nbsp;&nbsp;&nbsp;&nbsp;	at org.testng.internal.Invoker.invokeMethod(Invoker.java:571)
<br />&nbsp;&nbsp;&nbsp;&nbsp;	at org.testng.internal.Invoker.invokeTestMethod(Invoker.java:707)
<br />&nbsp;&nbsp;&nbsp;&nbsp;	at org.testng.internal.Invoker.invokeTestMethods(Invoker.java:979)
<br />&nbsp;&nbsp;&nbsp;&nbsp;	at org.testng.internal.TestMethodWorker.invokeTestMethods(TestMethodWorker.java:125)
<br />&nbsp;&nbsp;&nbsp;&nbsp;	at org.testng.internal.TestMethodWorker.run(TestMethodWorker.java:109)
<br />&nbsp;&nbsp;&nbsp;&nbsp;	at org.testng.TestRunner.privateRun(TestRunner.java:648)
<br />&nbsp;&nbsp;&nbsp;&nbsp;	at org.testng.TestRunner.run(TestRunner.java:505)
<br />&nbsp;&nbsp;&nbsp;&nbsp;	at org.testng.SuiteRunner.runTest(SuiteRunner.java:455)
<br />&nbsp;&nbsp;&nbsp;&nbsp;	at org.testng.SuiteRunner.runSequentially(SuiteRunner.java:450)
<br />&nbsp;&nbsp;&nbsp;&nbsp;	at org.testng.SuiteRunner.privateRun(SuiteRunner.java:415)
<br />&nbsp;&nbsp;&nbsp;&nbsp;	at org.testng.SuiteRunner.run(SuiteRunner.java:364)
<br />&nbsp;&nbsp;&nbsp;&nbsp;	at org.testng.SuiteRunnerWorker.runSuite(SuiteRunnerWorker.java:52)
<br />&nbsp;&nbsp;&nbsp;&nbsp;	at org.testng.SuiteRunnerWorker.run(SuiteRunnerWorker.java:84)
<br />&nbsp;&nbsp;&nbsp;&nbsp;	at org.testng.TestNG.runSuitesSequentially(TestNG.java:1187)
<br />&nbsp;&nbsp;&nbsp;&nbsp;	at org.testng.TestNG.runSuitesLocally(TestNG.java:1116)
<br />&nbsp;&nbsp;&nbsp;&nbsp;	at org.testng.TestNG.runSuites(TestNG.java:1028)
<br />&nbsp;&nbsp;&nbsp;&nbsp;	at org.testng.TestNG.run(TestNG.java:996)
<br />&nbsp;&nbsp;&nbsp;&nbsp;	at org.testng.remote.AbstractRemoteTestNG.run(AbstractRemoteTestNG.java:115)
<br />&nbsp;&nbsp;&nbsp;&nbsp;	at org.testng.remote.RemoteTestNG.initAndRun(RemoteTestNG.java:251)
<br />&nbsp;&nbsp;&nbsp;&nbsp;	at org.testng.remote.RemoteTestNG.main(RemoteTestNG.java:77)
</td></tr>

<tr>
<td>30-01-2022 15:27:24,0974</td>
<td title="main thread">main</td>
<td title="Level"><font color="#339933">DEBUG</font></td>
<td title="suites.appsuites.CashBackSuite logger">suites.appsuites.CashBackSuite</td>
<td>CommonActions.java:101</td>
<td title="Message">9787626681 is entered in 'By.name: password' Text Field</td>
</tr>

<tr>
<td>30-01-2022 15:27:25,0060</td>
<td title="main thread">main</td>
<td title="Level"><font color="#339933">DEBUG</font></td>
<td title="suites.appsuites.CashBackSuite logger">suites.appsuites.CashBackSuite</td>
<td>CommonActions.java:65</td>
<td title="Message">By.id: signInSubmit is clicked</td>
</tr>

<tr>
<td>30-01-2022 15:27:26,0910</td>
<td title="main thread">main</td>
<td title="Level"><font color="#339933">DEBUG</font></td>
<td title="suites.appsuites.CashBackSuite logger">suites.appsuites.CashBackSuite</td>
<td>CommonActions.java:241</td>
<td title="Message">Wait For Page Load Status - complete</td>
</tr>

<tr>
<td>30-01-2022 15:27:37,0317</td>
<td title="main thread">main</td>
<td title="Level"><font color="#993300"><strong>ERROR</strong></font></td>
<td title="suites.appsuites.CashBackSuite logger">suites.appsuites.CashBackSuite</td>
<td>CommonActions.java:395</td>
<td title="Message">Timed out waiting for 'visibilityOfElementLocated' on element 'By.xpath: //*[normalize-space(text())='Your password is incorrect']' after 10 seconds</td>
</tr>
<tr><td bgcolor="#993300" style="color:White; font-size : small;" colspan="6">org.openqa.selenium.TimeoutException: Expected condition failed: waiting for visibility of element located by By.xpath: //*[normalize-space(text())='Your password is incorrect'] (tried for 10 second(s) with 500 milliseconds interval)
<br />&nbsp;&nbsp;&nbsp;&nbsp;Build info: version: '4.0.0', revision: '3a21814679'
<br />&nbsp;&nbsp;&nbsp;&nbsp;System info: host: 'LAPTOP-0GLISK19', ip: '192.168.0.122', os.name: 'Windows 10', os.arch: 'amd64', os.version: '10.0', java.version: '1.8.0-262'
<br />&nbsp;&nbsp;&nbsp;&nbsp;Driver info: org.openqa.selenium.chrome.ChromeDriver
<br />&nbsp;&nbsp;&nbsp;&nbsp;Capabilities {acceptInsecureCerts: false, browserName: chrome, browserVersion: 97.0.4692.99, chrome: {chromedriverVersion: 97.0.4692.71 (adefa7837d02a..., userDataDir: C:\Users\MAYUR\AppData\Loca...}, goog:chromeOptions: {debuggerAddress: localhost:61355}, javascriptEnabled: true, networkConnectionEnabled: false, pageLoadStrategy: normal, platform: WINDOWS, platformName: WINDOWS, proxy: Proxy(), se:cdp: ws://localhost:61355/devtoo..., se:cdpVersion: 97.0.4692.99, setWindowRect: true, strictFileInteractability: false, timeouts: {implicit: 0, pageLoad: 300000, script: 30000}, unhandledPromptBehavior: dismiss and notify, webauthn:extension:credBlob: true, webauthn:extension:largeBlob: true, webauthn:virtualAuthenticators: true}
<br />&nbsp;&nbsp;&nbsp;&nbsp;Session ID: ced407cdb324cbfa66d04fe015580f72
<br />&nbsp;&nbsp;&nbsp;&nbsp;	at org.openqa.selenium.support.ui.WebDriverWait.timeoutException(WebDriverWait.java:138)
<br />&nbsp;&nbsp;&nbsp;&nbsp;	at org.openqa.selenium.support.ui.FluentWait.until(FluentWait.java:231)
<br />&nbsp;&nbsp;&nbsp;&nbsp;	at framework.framework.CommonActions.waitForElement(CommonActions.java:368)
<br />&nbsp;&nbsp;&nbsp;&nbsp;	at amazon.login.Login.launchAndLogin(Login.java:81)
<br />&nbsp;&nbsp;&nbsp;&nbsp;	at suites.appsuites.CashBackSuite.cashback(CashBackSuite.java:61)
<br />&nbsp;&nbsp;&nbsp;&nbsp;	at sun.reflect.NativeMethodAccessorImpl.invoke0(Native Method)
<br />&nbsp;&nbsp;&nbsp;&nbsp;	at sun.reflect.NativeMethodAccessorImpl.invoke(NativeMethodAccessorImpl.java:62)
<br />&nbsp;&nbsp;&nbsp;&nbsp;	at sun.reflect.DelegatingMethodAccessorImpl.invoke(DelegatingMethodAccessorImpl.java:43)
<br />&nbsp;&nbsp;&nbsp;&nbsp;	at java.lang.reflect.Method.invoke(Method.java:498)
<br />&nbsp;&nbsp;&nbsp;&nbsp;	at org.testng.internal.MethodInvocationHelper.invokeMethod(MethodInvocationHelper.java:124)
<br />&nbsp;&nbsp;&nbsp;&nbsp;	at org.testng.internal.Invoker.invokeMethod(Invoker.java:571)
<br />&nbsp;&nbsp;&nbsp;&nbsp;	at org.testng.internal.Invoker.invokeTestMethod(Invoker.java:707)
<br />&nbsp;&nbsp;&nbsp;&nbsp;	at org.testng.internal.Invoker.invokeTestMethods(Invoker.java:979)
<br />&nbsp;&nbsp;&nbsp;&nbsp;	at org.testng.internal.TestMethodWorker.invokeTestMethods(TestMethodWorker.java:125)
<br />&nbsp;&nbsp;&nbsp;&nbsp;	at org.testng.internal.TestMethodWorker.run(TestMethodWorker.java:109)
<br />&nbsp;&nbsp;&nbsp;&nbsp;	at org.testng.TestRunner.privateRun(TestRunner.java:648)
<br />&nbsp;&nbsp;&nbsp;&nbsp;	at org.testng.TestRunner.run(TestRunner.java:505)
<br />&nbsp;&nbsp;&nbsp;&nbsp;	at org.testng.SuiteRunner.runTest(SuiteRunner.java:455)
<br />&nbsp;&nbsp;&nbsp;&nbsp;	at org.testng.SuiteRunner.runSequentially(SuiteRunner.java:450)
<br />&nbsp;&nbsp;&nbsp;&nbsp;	at org.testng.SuiteRunner.privateRun(SuiteRunner.java:415)
<br />&nbsp;&nbsp;&nbsp;&nbsp;	at org.testng.SuiteRunner.run(SuiteRunner.java:364)
<br />&nbsp;&nbsp;&nbsp;&nbsp;	at org.testng.SuiteRunnerWorker.runSuite(SuiteRunnerWorker.java:52)
<br />&nbsp;&nbsp;&nbsp;&nbsp;	at org.testng.SuiteRunnerWorker.run(SuiteRunnerWorker.java:84)
<br />&nbsp;&nbsp;&nbsp;&nbsp;	at org.testng.TestNG.runSuitesSequentially(TestNG.java:1187)
<br />&nbsp;&nbsp;&nbsp;&nbsp;	at org.testng.TestNG.runSuitesLocally(TestNG.java:1116)
<br />&nbsp;&nbsp;&nbsp;&nbsp;	at org.testng.TestNG.runSuites(TestNG.java:1028)
<br />&nbsp;&nbsp;&nbsp;&nbsp;	at org.testng.TestNG.run(TestNG.java:996)
<br />&nbsp;&nbsp;&nbsp;&nbsp;	at org.testng.remote.AbstractRemoteTestNG.run(AbstractRemoteTestNG.java:115)
<br />&nbsp;&nbsp;&nbsp;&nbsp;	at org.testng.remote.RemoteTestNG.initAndRun(RemoteTestNG.java:251)
<br />&nbsp;&nbsp;&nbsp;&nbsp;	at org.testng.remote.RemoteTestNG.main(RemoteTestNG.java:77)
</td></tr>

<tr>
<td>30-01-2022 15:27:39,0374</td>
<td title="main thread">main</td>
<td title="Level"><font color="#993300"><strong>ERROR</strong></font></td>
<td title="suites.appsuites.CashBackSuite logger">suites.appsuites.CashBackSuite</td>
<td>CommonActions.java:395</td>
<td title="Message">Timed out waiting for 'visibilityOfElementLocated' on element 'By.xpath: //h4[normalize-space(text())='Enter the characters you see']' after 2 seconds</td>
</tr>
<tr><td bgcolor="#993300" style="color:White; font-size : small;" colspan="6">org.openqa.selenium.TimeoutException: Expected condition failed: waiting for visibility of element located by By.xpath: //h4[normalize-space(text())='Enter the characters you see'] (tried for 2 second(s) with 500 milliseconds interval)
<br />&nbsp;&nbsp;&nbsp;&nbsp;Build info: version: '4.0.0', revision: '3a21814679'
<br />&nbsp;&nbsp;&nbsp;&nbsp;System info: host: 'LAPTOP-0GLISK19', ip: '192.168.0.122', os.name: 'Windows 10', os.arch: 'amd64', os.version: '10.0', java.version: '1.8.0-262'
<br />&nbsp;&nbsp;&nbsp;&nbsp;Driver info: org.openqa.selenium.chrome.ChromeDriver
<br />&nbsp;&nbsp;&nbsp;&nbsp;Capabilities {acceptInsecureCerts: false, browserName: chrome, browserVersion: 97.0.4692.99, chrome: {chromedriverVersion: 97.0.4692.71 (adefa7837d02a..., userDataDir: C:\Users\MAYUR\AppData\Loca...}, goog:chromeOptions: {debuggerAddress: localhost:61355}, javascriptEnabled: true, networkConnectionEnabled: false, pageLoadStrategy: normal, platform: WINDOWS, platformName: WINDOWS, proxy: Proxy(), se:cdp: ws://localhost:61355/devtoo..., se:cdpVersion: 97.0.4692.99, setWindowRect: true, strictFileInteractability: false, timeouts: {implicit: 0, pageLoad: 300000, script: 30000}, unhandledPromptBehavior: dismiss and notify, webauthn:extension:credBlob: true, webauthn:extension:largeBlob: true, webauthn:virtualAuthenticators: true}
<br />&nbsp;&nbsp;&nbsp;&nbsp;Session ID: ced407cdb324cbfa66d04fe015580f72
<br />&nbsp;&nbsp;&nbsp;&nbsp;	at org.openqa.selenium.support.ui.WebDriverWait.timeoutException(WebDriverWait.java:138)
<br />&nbsp;&nbsp;&nbsp;&nbsp;	at org.openqa.selenium.support.ui.FluentWait.until(FluentWait.java:231)
<br />&nbsp;&nbsp;&nbsp;&nbsp;	at framework.framework.CommonActions.waitForElement(CommonActions.java:368)
<br />&nbsp;&nbsp;&nbsp;&nbsp;	at amazon.login.Login.launchAndLogin(Login.java:87)
<br />&nbsp;&nbsp;&nbsp;&nbsp;	at suites.appsuites.CashBackSuite.cashback(CashBackSuite.java:61)
<br />&nbsp;&nbsp;&nbsp;&nbsp;	at sun.reflect.NativeMethodAccessorImpl.invoke0(Native Method)
<br />&nbsp;&nbsp;&nbsp;&nbsp;	at sun.reflect.NativeMethodAccessorImpl.invoke(NativeMethodAccessorImpl.java:62)
<br />&nbsp;&nbsp;&nbsp;&nbsp;	at sun.reflect.DelegatingMethodAccessorImpl.invoke(DelegatingMethodAccessorImpl.java:43)
<br />&nbsp;&nbsp;&nbsp;&nbsp;	at java.lang.reflect.Method.invoke(Method.java:498)
<br />&nbsp;&nbsp;&nbsp;&nbsp;	at org.testng.internal.MethodInvocationHelper.invokeMethod(MethodInvocationHelper.java:124)
<br />&nbsp;&nbsp;&nbsp;&nbsp;	at org.testng.internal.Invoker.invokeMethod(Invoker.java:571)
<br />&nbsp;&nbsp;&nbsp;&nbsp;	at org.testng.internal.Invoker.invokeTestMethod(Invoker.java:707)
<br />&nbsp;&nbsp;&nbsp;&nbsp;	at org.testng.internal.Invoker.invokeTestMethods(Invoker.java:979)
<br />&nbsp;&nbsp;&nbsp;&nbsp;	at org.testng.internal.TestMethodWorker.invokeTestMethods(TestMethodWorker.java:125)
<br />&nbsp;&nbsp;&nbsp;&nbsp;	at org.testng.internal.TestMethodWorker.run(TestMethodWorker.java:109)
<br />&nbsp;&nbsp;&nbsp;&nbsp;	at org.testng.TestRunner.privateRun(TestRunner.java:648)
<br />&nbsp;&nbsp;&nbsp;&nbsp;	at org.testng.TestRunner.run(TestRunner.java:505)
<br />&nbsp;&nbsp;&nbsp;&nbsp;	at org.testng.SuiteRunner.runTest(SuiteRunner.java:455)
<br />&nbsp;&nbsp;&nbsp;&nbsp;	at org.testng.SuiteRunner.runSequentially(SuiteRunner.java:450)
<br />&nbsp;&nbsp;&nbsp;&nbsp;	at org.testng.SuiteRunner.privateRun(SuiteRunner.java:415)
<br />&nbsp;&nbsp;&nbsp;&nbsp;	at org.testng.SuiteRunner.run(SuiteRunner.java:364)
<br />&nbsp;&nbsp;&nbsp;&nbsp;	at org.testng.SuiteRunnerWorker.runSuite(SuiteRunnerWorker.java:52)
<br />&nbsp;&nbsp;&nbsp;&nbsp;	at org.testng.SuiteRunnerWorker.run(SuiteRunnerWorker.java:84)
<br />&nbsp;&nbsp;&nbsp;&nbsp;	at org.testng.TestNG.runSuitesSequentially(TestNG.java:1187)
<br />&nbsp;&nbsp;&nbsp;&nbsp;	at org.testng.TestNG.runSuitesLocally(TestNG.java:1116)
<br />&nbsp;&nbsp;&nbsp;&nbsp;	at org.testng.TestNG.runSuites(TestNG.java:1028)
<br />&nbsp;&nbsp;&nbsp;&nbsp;	at org.testng.TestNG.run(TestNG.java:996)
<br />&nbsp;&nbsp;&nbsp;&nbsp;	at org.testng.remote.AbstractRemoteTestNG.run(AbstractRemoteTestNG.java:115)
<br />&nbsp;&nbsp;&nbsp;&nbsp;	at org.testng.remote.RemoteTestNG.initAndRun(RemoteTestNG.java:251)
<br />&nbsp;&nbsp;&nbsp;&nbsp;	at org.testng.remote.RemoteTestNG.main(RemoteTestNG.java:77)
</td></tr>

<tr>
<td>30-01-2022 15:27:39,0397</td>
<td title="main thread">main</td>
<td title="Level"><font color="#339933">DEBUG</font></td>
<td title="suites.appsuites.CashBackSuite logger">suites.appsuites.CashBackSuite</td>
<td>Login.java:94</td>
<td title="Message">Amazon login successful</td>
</tr>

<tr>
<td>30-01-2022 15:27:42,0153</td>
<td title="main thread">main</td>
<td title="Level"><font color="#339933">DEBUG</font></td>
<td title="suites.appsuites.CashBackSuite logger">suites.appsuites.CashBackSuite</td>
<td>CommonActions.java:161</td>
<td title="Message">URL: https://rzp.io/i/FLp7ZTbNV is launched</td>
</tr>

<tr>
<td>30-01-2022 15:27:42,0158</td>
<td title="main thread">main</td>
<td title="Level"><font color="#339933">DEBUG</font></td>
<td title="suites.appsuites.CashBackSuite logger">suites.appsuites.CashBackSuite</td>
<td>CommonActions.java:241</td>
<td title="Message">Wait For Page Load Status - complete</td>
</tr>

<tr>
<td>30-01-2022 15:27:42,0206</td>
<td title="main thread">main</td>
<td title="Level"><font color="#993300"><strong>ERROR</strong></font></td>
<td title="suites.appsuites.CashBackSuite logger">suites.appsuites.CashBackSuite</td>
<td>RazorPay.java:46</td>
<td title="Message">Payment completed for url - https://rzp.io/i/FLp7ZTbNV. Please enter another URL</td>
</tr>

<tr>
<td>30-01-2022 15:27:42,0209</td>
<td title="main thread">main</td>
<td title="Level"><font color="#339933">DEBUG</font></td>
<td title="suites.appsuites.CashBackSuite logger">suites.appsuites.CashBackSuite</td>
<td>CommonActions.java:604</td>
<td title="Message">Switched to default content</td>
</tr>

<tr>
<td>30-01-2022 15:27:42,0241</td>
<td title="main thread">main</td>
<td title="Level"><font color="#339933">DEBUG</font></td>
<td title="suites.appsuites.CashBackSuite logger">suites.appsuites.CashBackSuite</td>
<td>CommonActions.java:494</td>
<td title="Message">Window closed with id - CDwindow-32F4AB98A7BCF7F45D9DE22F1F04B788</td>
</tr>

<tr>
<td>30-01-2022 15:27:42,0249</td>
<td title="main thread">main</td>
<td title="Level"><font color="#339933">DEBUG</font></td>
<td title="suites.appsuites.CashBackSuite logger">suites.appsuites.CashBackSuite</td>
<td>CommonActions.java:268</td>
<td title="Message">Switched to given window for handle - CDwindow-E0709854D11C794FB9F8E668998C8247</td>
</tr>

<tr>
<td>30-01-2022 15:27:42,0250</td>
<td title="main thread">main</td>
<td title="Level"><font color="#339933">DEBUG</font></td>
<td title="suites.appsuites.CashBackSuite logger">suites.appsuites.CashBackSuite</td>
<td>CommonActions.java:500</td>
<td title="Message">Switched to given window</td>
</tr>

<tr>
<td>30-01-2022 15:27:43,0311</td>
<td title="main thread">main</td>
<td title="Level"><font color="#339933">DEBUG</font></td>
<td title="suites.appsuites.CashBackSuite logger">suites.appsuites.CashBackSuite</td>
<td>CommonActions.java:161</td>
<td title="Message">URL: https://www.amazon.in/gp/flex/sign-out.html?path=%2Fgp%2Fyourstore%2Fhome&amp;useRedirectOnSuccess=1&amp;signIn=1&amp;action=sign-out&amp;ref_=nav_AccountFlyout_signout is launched</td>
</tr>

<tr>
<td>30-01-2022 15:27:43,0333</td>
<td title="main thread">main</td>
<td title="Level"><font color="#339933">DEBUG</font></td>
<td title="suites.appsuites.CashBackSuite logger">suites.appsuites.CashBackSuite</td>
<td>CommonActions.java:241</td>
<td title="Message">Wait For Page Load Status - complete</td>
</tr>

<tr>
<td>30-01-2022 15:27:43,0356</td>
<td title="main thread">main</td>
<td title="Level"><font color="#339933">DEBUG</font></td>
<td title="suites.appsuites.CashBackSuite logger">suites.appsuites.CashBackSuite</td>
<td>CommonFunctions.java:30</td>
<td title="Message">Logged out successfully</td>
</tr>

<tr>
<td>30-01-2022 15:27:43,0433</td>
<td title="main thread">main</td>
<td title="Level"><font color="#339933">DEBUG</font></td>
<td title="suites.appsuites.CashBackSuite logger">suites.appsuites.CashBackSuite</td>
<td>CommonActions.java:546</td>
<td title="Message">Writing in text file is completed successfully at path - ./status/cashback_30_January_2022.html</td>
</tr>

<tr>
<td>30-01-2022 15:27:43,0436</td>
<td title="main thread">main</td>
<td title="Level"><font color="#339933">DEBUG</font></td>
<td title="suites.appsuites.CashBackSuite logger">suites.appsuites.CashBackSuite</td>
<td>CommonActions.java:604</td>
<td title="Message">Switched to default content</td>
</tr>

<tr>
<td>30-01-2022 15:27:43,0442</td>
<td title="main thread">main</td>
<td title="Level"><font color="#339933">DEBUG</font></td>
<td title="suites.appsuites.CashBackSuite logger">suites.appsuites.CashBackSuite</td>
<td>CommonActions.java:268</td>
<td title="Message">Switched to given window for handle - CDwindow-E0709854D11C794FB9F8E668998C8247</td>
</tr>

<tr>
<td>30-01-2022 15:27:43,0442</td>
<td title="main thread">main</td>
<td title="Level"><font color="#339933">DEBUG</font></td>
<td title="suites.appsuites.CashBackSuite logger">suites.appsuites.CashBackSuite</td>
<td>CommonActions.java:500</td>
<td title="Message">Switched to given window</td>
</tr>

<tr>
<td>30-01-2022 15:27:43,0974</td>
<td title="main thread">main</td>
<td title="Level"><font color="#339933">DEBUG</font></td>
<td title="suites.appsuites.CashBackSuite logger">suites.appsuites.CashBackSuite</td>
<td>CommonActions.java:161</td>
<td title="Message">URL: https://www.amazon.in/ap/signin?openid.pape.max_auth_age=900&amp;openid.return_to=https%3A%2F%2Fwww.amazon.in%2Fgp%2Fyourstore%2Fhome%3Fie%3DUTF8%26path%3D%252Fgp%252Fyourstore%252Fhome%26signIn%3D1%26useRedirectOnSuccess%3D1%26action%3Dsign-out%26ref_%3Dgno_signout&amp;openid.assoc_handle=inflex&amp;openid.mode=checkid_setup&amp;openid.ns=http%3A%2F%2Fspecs.openid.net%2Fauth%2F2.0 is launched</td>
</tr>

<tr>
<td>30-01-2022 15:27:43,0978</td>
<td title="main thread">main</td>
<td title="Level"><font color="#339933">DEBUG</font></td>
<td title="suites.appsuites.CashBackSuite logger">suites.appsuites.CashBackSuite</td>
<td>CommonActions.java:241</td>
<td title="Message">Wait For Page Load Status - complete</td>
</tr>

<tr>
<td>30-01-2022 15:27:44,0133</td>
<td title="main thread">main</td>
<td title="Level"><font color="#339933">DEBUG</font></td>
<td title="suites.appsuites.CashBackSuite logger">suites.appsuites.CashBackSuite</td>
<td>CommonActions.java:101</td>
<td title="Message">9130830688 is entered in 'By.name: email' Text Field</td>
</tr>

<tr>
<td>30-01-2022 15:27:45,0085</td>
<td title="main thread">main</td>
<td title="Level"><font color="#339933">DEBUG</font></td>
<td title="suites.appsuites.CashBackSuite logger">suites.appsuites.CashBackSuite</td>
<td>CommonActions.java:65</td>
<td title="Message">By.id: continue is clicked</td>
</tr>

<tr>
<td>30-01-2022 15:27:45,0105</td>
<td title="main thread">main</td>
<td title="Level"><font color="#339933">DEBUG</font></td>
<td title="suites.appsuites.CashBackSuite logger">suites.appsuites.CashBackSuite</td>
<td>CommonActions.java:241</td>
<td title="Message">Wait For Page Load Status - complete</td>
</tr>

<tr>
<td>30-01-2022 15:27:50,0237</td>
<td title="main thread">main</td>
<td title="Level"><font color="#993300"><strong>ERROR</strong></font></td>
<td title="suites.appsuites.CashBackSuite logger">suites.appsuites.CashBackSuite</td>
<td>CommonActions.java:395</td>
<td title="Message">Timed out waiting for 'visibilityOfElementLocated' on element 'By.xpath: //span[contains(text(),' country code')]' after 5 seconds</td>
</tr>
<tr><td bgcolor="#993300" style="color:White; font-size : small;" colspan="6">org.openqa.selenium.TimeoutException: Expected condition failed: waiting for visibility of element located by By.xpath: //span[contains(text(),' country code')] (tried for 5 second(s) with 500 milliseconds interval)
<br />&nbsp;&nbsp;&nbsp;&nbsp;Build info: version: '4.0.0', revision: '3a21814679'
<br />&nbsp;&nbsp;&nbsp;&nbsp;System info: host: 'LAPTOP-0GLISK19', ip: '192.168.0.122', os.name: 'Windows 10', os.arch: 'amd64', os.version: '10.0', java.version: '1.8.0-262'
<br />&nbsp;&nbsp;&nbsp;&nbsp;Driver info: org.openqa.selenium.chrome.ChromeDriver
<br />&nbsp;&nbsp;&nbsp;&nbsp;Capabilities {acceptInsecureCerts: false, browserName: chrome, browserVersion: 97.0.4692.99, chrome: {chromedriverVersion: 97.0.4692.71 (adefa7837d02a..., userDataDir: C:\Users\MAYUR\AppData\Loca...}, goog:chromeOptions: {debuggerAddress: localhost:61355}, javascriptEnabled: true, networkConnectionEnabled: false, pageLoadStrategy: normal, platform: WINDOWS, platformName: WINDOWS, proxy: Proxy(), se:cdp: ws://localhost:61355/devtoo..., se:cdpVersion: 97.0.4692.99, setWindowRect: true, strictFileInteractability: false, timeouts: {implicit: 0, pageLoad: 300000, script: 30000}, unhandledPromptBehavior: dismiss and notify, webauthn:extension:credBlob: true, webauthn:extension:largeBlob: true, webauthn:virtualAuthenticators: true}
<br />&nbsp;&nbsp;&nbsp;&nbsp;Session ID: ced407cdb324cbfa66d04fe015580f72
<br />&nbsp;&nbsp;&nbsp;&nbsp;	at org.openqa.selenium.support.ui.WebDriverWait.timeoutException(WebDriverWait.java:138)
<br />&nbsp;&nbsp;&nbsp;&nbsp;	at org.openqa.selenium.support.ui.FluentWait.until(FluentWait.java:231)
<br />&nbsp;&nbsp;&nbsp;&nbsp;	at framework.framework.CommonActions.waitForElement(CommonActions.java:368)
<br />&nbsp;&nbsp;&nbsp;&nbsp;	at amazon.login.Login.launchAndLogin(Login.java:46)
<br />&nbsp;&nbsp;&nbsp;&nbsp;	at suites.appsuites.CashBackSuite.cashback(CashBackSuite.java:55)
<br />&nbsp;&nbsp;&nbsp;&nbsp;	at sun.reflect.NativeMethodAccessorImpl.invoke0(Native Method)
<br />&nbsp;&nbsp;&nbsp;&nbsp;	at sun.reflect.NativeMethodAccessorImpl.invoke(NativeMethodAccessorImpl.java:62)
<br />&nbsp;&nbsp;&nbsp;&nbsp;	at sun.reflect.DelegatingMethodAccessorImpl.invoke(DelegatingMethodAccessorImpl.java:43)
<br />&nbsp;&nbsp;&nbsp;&nbsp;	at java.lang.reflect.Method.invoke(Method.java:498)
<br />&nbsp;&nbsp;&nbsp;&nbsp;	at org.testng.internal.MethodInvocationHelper.invokeMethod(MethodInvocationHelper.java:124)
<br />&nbsp;&nbsp;&nbsp;&nbsp;	at org.testng.internal.Invoker.invokeMethod(Invoker.java:571)
<br />&nbsp;&nbsp;&nbsp;&nbsp;	at org.testng.internal.Invoker.invokeTestMethod(Invoker.java:707)
<br />&nbsp;&nbsp;&nbsp;&nbsp;	at org.testng.internal.Invoker.invokeTestMethods(Invoker.java:979)
<br />&nbsp;&nbsp;&nbsp;&nbsp;	at org.testng.internal.TestMethodWorker.invokeTestMethods(TestMethodWorker.java:125)
<br />&nbsp;&nbsp;&nbsp;&nbsp;	at org.testng.internal.TestMethodWorker.run(TestMethodWorker.java:109)
<br />&nbsp;&nbsp;&nbsp;&nbsp;	at org.testng.TestRunner.privateRun(TestRunner.java:648)
<br />&nbsp;&nbsp;&nbsp;&nbsp;	at org.testng.TestRunner.run(TestRunner.java:505)
<br />&nbsp;&nbsp;&nbsp;&nbsp;	at org.testng.SuiteRunner.runTest(SuiteRunner.java:455)
<br />&nbsp;&nbsp;&nbsp;&nbsp;	at org.testng.SuiteRunner.runSequentially(SuiteRunner.java:450)
<br />&nbsp;&nbsp;&nbsp;&nbsp;	at org.testng.SuiteRunner.privateRun(SuiteRunner.java:415)
<br />&nbsp;&nbsp;&nbsp;&nbsp;	at org.testng.SuiteRunner.run(SuiteRunner.java:364)
<br />&nbsp;&nbsp;&nbsp;&nbsp;	at org.testng.SuiteRunnerWorker.runSuite(SuiteRunnerWorker.java:52)
<br />&nbsp;&nbsp;&nbsp;&nbsp;	at org.testng.SuiteRunnerWorker.run(SuiteRunnerWorker.java:84)
<br />&nbsp;&nbsp;&nbsp;&nbsp;	at org.testng.TestNG.runSuitesSequentially(TestNG.java:1187)
<br />&nbsp;&nbsp;&nbsp;&nbsp;	at org.testng.TestNG.runSuitesLocally(TestNG.java:1116)
<br />&nbsp;&nbsp;&nbsp;&nbsp;	at org.testng.TestNG.runSuites(TestNG.java:1028)
<br />&nbsp;&nbsp;&nbsp;&nbsp;	at org.testng.TestNG.run(TestNG.java:996)
<br />&nbsp;&nbsp;&nbsp;&nbsp;	at org.testng.remote.AbstractRemoteTestNG.run(AbstractRemoteTestNG.java:115)
<br />&nbsp;&nbsp;&nbsp;&nbsp;	at org.testng.remote.RemoteTestNG.initAndRun(RemoteTestNG.java:251)
<br />&nbsp;&nbsp;&nbsp;&nbsp;	at org.testng.remote.RemoteTestNG.main(RemoteTestNG.java:77)
</td></tr>

<tr>
<td>30-01-2022 15:28:00,0466</td>
<td title="main thread">main</td>
<td title="Level"><font color="#993300"><strong>ERROR</strong></font></td>
<td title="suites.appsuites.CashBackSuite logger">suites.appsuites.CashBackSuite</td>
<td>CommonActions.java:395</td>
<td title="Message">Timed out waiting for 'visibilityOfElementLocated' on element 'By.xpath: //*[normalize-space(text())='Incorrect phone number']' after 10 seconds</td>
</tr>
<tr><td bgcolor="#993300" style="color:White; font-size : small;" colspan="6">org.openqa.selenium.TimeoutException: Expected condition failed: waiting for visibility of element located by By.xpath: //*[normalize-space(text())='Incorrect phone number'] (tried for 10 second(s) with 500 milliseconds interval)
<br />&nbsp;&nbsp;&nbsp;&nbsp;Build info: version: '4.0.0', revision: '3a21814679'
<br />&nbsp;&nbsp;&nbsp;&nbsp;System info: host: 'LAPTOP-0GLISK19', ip: '192.168.0.122', os.name: 'Windows 10', os.arch: 'amd64', os.version: '10.0', java.version: '1.8.0-262'
<br />&nbsp;&nbsp;&nbsp;&nbsp;Driver info: org.openqa.selenium.chrome.ChromeDriver
<br />&nbsp;&nbsp;&nbsp;&nbsp;Capabilities {acceptInsecureCerts: false, browserName: chrome, browserVersion: 97.0.4692.99, chrome: {chromedriverVersion: 97.0.4692.71 (adefa7837d02a..., userDataDir: C:\Users\MAYUR\AppData\Loca...}, goog:chromeOptions: {debuggerAddress: localhost:61355}, javascriptEnabled: true, networkConnectionEnabled: false, pageLoadStrategy: normal, platform: WINDOWS, platformName: WINDOWS, proxy: Proxy(), se:cdp: ws://localhost:61355/devtoo..., se:cdpVersion: 97.0.4692.99, setWindowRect: true, strictFileInteractability: false, timeouts: {implicit: 0, pageLoad: 300000, script: 30000}, unhandledPromptBehavior: dismiss and notify, webauthn:extension:credBlob: true, webauthn:extension:largeBlob: true, webauthn:virtualAuthenticators: true}
<br />&nbsp;&nbsp;&nbsp;&nbsp;Session ID: ced407cdb324cbfa66d04fe015580f72
<br />&nbsp;&nbsp;&nbsp;&nbsp;	at org.openqa.selenium.support.ui.WebDriverWait.timeoutException(WebDriverWait.java:138)
<br />&nbsp;&nbsp;&nbsp;&nbsp;	at org.openqa.selenium.support.ui.FluentWait.until(FluentWait.java:231)
<br />&nbsp;&nbsp;&nbsp;&nbsp;	at framework.framework.CommonActions.waitForElement(CommonActions.java:368)
<br />&nbsp;&nbsp;&nbsp;&nbsp;	at amazon.login.Login.launchAndLogin(Login.java:60)
<br />&nbsp;&nbsp;&nbsp;&nbsp;	at suites.appsuites.CashBackSuite.cashback(CashBackSuite.java:55)
<br />&nbsp;&nbsp;&nbsp;&nbsp;	at sun.reflect.NativeMethodAccessorImpl.invoke0(Native Method)
<br />&nbsp;&nbsp;&nbsp;&nbsp;	at sun.reflect.NativeMethodAccessorImpl.invoke(NativeMethodAccessorImpl.java:62)
<br />&nbsp;&nbsp;&nbsp;&nbsp;	at sun.reflect.DelegatingMethodAccessorImpl.invoke(DelegatingMethodAccessorImpl.java:43)
<br />&nbsp;&nbsp;&nbsp;&nbsp;	at java.lang.reflect.Method.invoke(Method.java:498)
<br />&nbsp;&nbsp;&nbsp;&nbsp;	at org.testng.internal.MethodInvocationHelper.invokeMethod(MethodInvocationHelper.java:124)
<br />&nbsp;&nbsp;&nbsp;&nbsp;	at org.testng.internal.Invoker.invokeMethod(Invoker.java:571)
<br />&nbsp;&nbsp;&nbsp;&nbsp;	at org.testng.internal.Invoker.invokeTestMethod(Invoker.java:707)
<br />&nbsp;&nbsp;&nbsp;&nbsp;	at org.testng.internal.Invoker.invokeTestMethods(Invoker.java:979)
<br />&nbsp;&nbsp;&nbsp;&nbsp;	at org.testng.internal.TestMethodWorker.invokeTestMethods(TestMethodWorker.java:125)
<br />&nbsp;&nbsp;&nbsp;&nbsp;	at org.testng.internal.TestMethodWorker.run(TestMethodWorker.java:109)
<br />&nbsp;&nbsp;&nbsp;&nbsp;	at org.testng.TestRunner.privateRun(TestRunner.java:648)
<br />&nbsp;&nbsp;&nbsp;&nbsp;	at org.testng.TestRunner.run(TestRunner.java:505)
<br />&nbsp;&nbsp;&nbsp;&nbsp;	at org.testng.SuiteRunner.runTest(SuiteRunner.java:455)
<br />&nbsp;&nbsp;&nbsp;&nbsp;	at org.testng.SuiteRunner.runSequentially(SuiteRunner.java:450)
<br />&nbsp;&nbsp;&nbsp;&nbsp;	at org.testng.SuiteRunner.privateRun(SuiteRunner.java:415)
<br />&nbsp;&nbsp;&nbsp;&nbsp;	at org.testng.SuiteRunner.run(SuiteRunner.java:364)
<br />&nbsp;&nbsp;&nbsp;&nbsp;	at org.testng.SuiteRunnerWorker.runSuite(SuiteRunnerWorker.java:52)
<br />&nbsp;&nbsp;&nbsp;&nbsp;	at org.testng.SuiteRunnerWorker.run(SuiteRunnerWorker.java:84)
<br />&nbsp;&nbsp;&nbsp;&nbsp;	at org.testng.TestNG.runSuitesSequentially(TestNG.java:1187)
<br />&nbsp;&nbsp;&nbsp;&nbsp;	at org.testng.TestNG.runSuitesLocally(TestNG.java:1116)
<br />&nbsp;&nbsp;&nbsp;&nbsp;	at org.testng.TestNG.runSuites(TestNG.java:1028)
<br />&nbsp;&nbsp;&nbsp;&nbsp;	at org.testng.TestNG.run(TestNG.java:996)
<br />&nbsp;&nbsp;&nbsp;&nbsp;	at org.testng.remote.AbstractRemoteTestNG.run(AbstractRemoteTestNG.java:115)
<br />&nbsp;&nbsp;&nbsp;&nbsp;	at org.testng.remote.RemoteTestNG.initAndRun(RemoteTestNG.java:251)
<br />&nbsp;&nbsp;&nbsp;&nbsp;	at org.testng.remote.RemoteTestNG.main(RemoteTestNG.java:77)
</td></tr>

<tr>
<td>30-01-2022 15:28:00,0578</td>
<td title="main thread">main</td>
<td title="Level"><font color="#339933">DEBUG</font></td>
<td title="suites.appsuites.CashBackSuite logger">suites.appsuites.CashBackSuite</td>
<td>CommonActions.java:101</td>
<td title="Message">9130830688 is entered in 'By.name: password' Text Field</td>
</tr>

<tr>
<td>30-01-2022 15:28:00,0662</td>
<td title="main thread">main</td>
<td title="Level"><font color="#339933">DEBUG</font></td>
<td title="suites.appsuites.CashBackSuite logger">suites.appsuites.CashBackSuite</td>
<td>CommonActions.java:65</td>
<td title="Message">By.id: signInSubmit is clicked</td>
</tr>

<tr>
<td>30-01-2022 15:28:02,0313</td>
<td title="main thread">main</td>
<td title="Level"><font color="#339933">DEBUG</font></td>
<td title="suites.appsuites.CashBackSuite logger">suites.appsuites.CashBackSuite</td>
<td>CommonActions.java:241</td>
<td title="Message">Wait For Page Load Status - complete</td>
</tr>

<tr>
<td>30-01-2022 15:28:12,0669</td>
<td title="main thread">main</td>
<td title="Level"><font color="#993300"><strong>ERROR</strong></font></td>
<td title="suites.appsuites.CashBackSuite logger">suites.appsuites.CashBackSuite</td>
<td>CommonActions.java:395</td>
<td title="Message">Timed out waiting for 'visibilityOfElementLocated' on element 'By.xpath: //*[normalize-space(text())='Your password is incorrect']' after 10 seconds</td>
</tr>
<tr><td bgcolor="#993300" style="color:White; font-size : small;" colspan="6">org.openqa.selenium.TimeoutException: Expected condition failed: waiting for visibility of element located by By.xpath: //*[normalize-space(text())='Your password is incorrect'] (tried for 10 second(s) with 500 milliseconds interval)
<br />&nbsp;&nbsp;&nbsp;&nbsp;Build info: version: '4.0.0', revision: '3a21814679'
<br />&nbsp;&nbsp;&nbsp;&nbsp;System info: host: 'LAPTOP-0GLISK19', ip: '192.168.0.122', os.name: 'Windows 10', os.arch: 'amd64', os.version: '10.0', java.version: '1.8.0-262'
<br />&nbsp;&nbsp;&nbsp;&nbsp;Driver info: org.openqa.selenium.chrome.ChromeDriver
<br />&nbsp;&nbsp;&nbsp;&nbsp;Capabilities {acceptInsecureCerts: false, browserName: chrome, browserVersion: 97.0.4692.99, chrome: {chromedriverVersion: 97.0.4692.71 (adefa7837d02a..., userDataDir: C:\Users\MAYUR\AppData\Loca...}, goog:chromeOptions: {debuggerAddress: localhost:61355}, javascriptEnabled: true, networkConnectionEnabled: false, pageLoadStrategy: normal, platform: WINDOWS, platformName: WINDOWS, proxy: Proxy(), se:cdp: ws://localhost:61355/devtoo..., se:cdpVersion: 97.0.4692.99, setWindowRect: true, strictFileInteractability: false, timeouts: {implicit: 0, pageLoad: 300000, script: 30000}, unhandledPromptBehavior: dismiss and notify, webauthn:extension:credBlob: true, webauthn:extension:largeBlob: true, webauthn:virtualAuthenticators: true}
<br />&nbsp;&nbsp;&nbsp;&nbsp;Session ID: ced407cdb324cbfa66d04fe015580f72
<br />&nbsp;&nbsp;&nbsp;&nbsp;	at org.openqa.selenium.support.ui.WebDriverWait.timeoutException(WebDriverWait.java:138)
<br />&nbsp;&nbsp;&nbsp;&nbsp;	at org.openqa.selenium.support.ui.FluentWait.until(FluentWait.java:231)
<br />&nbsp;&nbsp;&nbsp;&nbsp;	at framework.framework.CommonActions.waitForElement(CommonActions.java:368)
<br />&nbsp;&nbsp;&nbsp;&nbsp;	at amazon.login.Login.launchAndLogin(Login.java:81)
<br />&nbsp;&nbsp;&nbsp;&nbsp;	at suites.appsuites.CashBackSuite.cashback(CashBackSuite.java:55)
<br />&nbsp;&nbsp;&nbsp;&nbsp;	at sun.reflect.NativeMethodAccessorImpl.invoke0(Native Method)
<br />&nbsp;&nbsp;&nbsp;&nbsp;	at sun.reflect.NativeMethodAccessorImpl.invoke(NativeMethodAccessorImpl.java:62)
<br />&nbsp;&nbsp;&nbsp;&nbsp;	at sun.reflect.DelegatingMethodAccessorImpl.invoke(DelegatingMethodAccessorImpl.java:43)
<br />&nbsp;&nbsp;&nbsp;&nbsp;	at java.lang.reflect.Method.invoke(Method.java:498)
<br />&nbsp;&nbsp;&nbsp;&nbsp;	at org.testng.internal.MethodInvocationHelper.invokeMethod(MethodInvocationHelper.java:124)
<br />&nbsp;&nbsp;&nbsp;&nbsp;	at org.testng.internal.Invoker.invokeMethod(Invoker.java:571)
<br />&nbsp;&nbsp;&nbsp;&nbsp;	at org.testng.internal.Invoker.invokeTestMethod(Invoker.java:707)
<br />&nbsp;&nbsp;&nbsp;&nbsp;	at org.testng.internal.Invoker.invokeTestMethods(Invoker.java:979)
<br />&nbsp;&nbsp;&nbsp;&nbsp;	at org.testng.internal.TestMethodWorker.invokeTestMethods(TestMethodWorker.java:125)
<br />&nbsp;&nbsp;&nbsp;&nbsp;	at org.testng.internal.TestMethodWorker.run(TestMethodWorker.java:109)
<br />&nbsp;&nbsp;&nbsp;&nbsp;	at org.testng.TestRunner.privateRun(TestRunner.java:648)
<br />&nbsp;&nbsp;&nbsp;&nbsp;	at org.testng.TestRunner.run(TestRunner.java:505)
<br />&nbsp;&nbsp;&nbsp;&nbsp;	at org.testng.SuiteRunner.runTest(SuiteRunner.java:455)
<br />&nbsp;&nbsp;&nbsp;&nbsp;	at org.testng.SuiteRunner.runSequentially(SuiteRunner.java:450)
<br />&nbsp;&nbsp;&nbsp;&nbsp;	at org.testng.SuiteRunner.privateRun(SuiteRunner.java:415)
<br />&nbsp;&nbsp;&nbsp;&nbsp;	at org.testng.SuiteRunner.run(SuiteRunner.java:364)
<br />&nbsp;&nbsp;&nbsp;&nbsp;	at org.testng.SuiteRunnerWorker.runSuite(SuiteRunnerWorker.java:52)
<br />&nbsp;&nbsp;&nbsp;&nbsp;	at org.testng.SuiteRunnerWorker.run(SuiteRunnerWorker.java:84)
<br />&nbsp;&nbsp;&nbsp;&nbsp;	at org.testng.TestNG.runSuitesSequentially(TestNG.java:1187)
<br />&nbsp;&nbsp;&nbsp;&nbsp;	at org.testng.TestNG.runSuitesLocally(TestNG.java:1116)
<br />&nbsp;&nbsp;&nbsp;&nbsp;	at org.testng.TestNG.runSuites(TestNG.java:1028)
<br />&nbsp;&nbsp;&nbsp;&nbsp;	at org.testng.TestNG.run(TestNG.java:996)
<br />&nbsp;&nbsp;&nbsp;&nbsp;	at org.testng.remote.AbstractRemoteTestNG.run(AbstractRemoteTestNG.java:115)
<br />&nbsp;&nbsp;&nbsp;&nbsp;	at org.testng.remote.RemoteTestNG.initAndRun(RemoteTestNG.java:251)
<br />&nbsp;&nbsp;&nbsp;&nbsp;	at org.testng.remote.RemoteTestNG.main(RemoteTestNG.java:77)
</td></tr>

<tr>
<td>30-01-2022 15:28:14,0714</td>
<td title="main thread">main</td>
<td title="Level"><font color="#993300"><strong>ERROR</strong></font></td>
<td title="suites.appsuites.CashBackSuite logger">suites.appsuites.CashBackSuite</td>
<td>CommonActions.java:395</td>
<td title="Message">Timed out waiting for 'visibilityOfElementLocated' on element 'By.xpath: //h4[normalize-space(text())='Enter the characters you see']' after 2 seconds</td>
</tr>
<tr><td bgcolor="#993300" style="color:White; font-size : small;" colspan="6">org.openqa.selenium.TimeoutException: Expected condition failed: waiting for visibility of element located by By.xpath: //h4[normalize-space(text())='Enter the characters you see'] (tried for 2 second(s) with 500 milliseconds interval)
<br />&nbsp;&nbsp;&nbsp;&nbsp;Build info: version: '4.0.0', revision: '3a21814679'
<br />&nbsp;&nbsp;&nbsp;&nbsp;System info: host: 'LAPTOP-0GLISK19', ip: '192.168.0.122', os.name: 'Windows 10', os.arch: 'amd64', os.version: '10.0', java.version: '1.8.0-262'
<br />&nbsp;&nbsp;&nbsp;&nbsp;Driver info: org.openqa.selenium.chrome.ChromeDriver
<br />&nbsp;&nbsp;&nbsp;&nbsp;Capabilities {acceptInsecureCerts: false, browserName: chrome, browserVersion: 97.0.4692.99, chrome: {chromedriverVersion: 97.0.4692.71 (adefa7837d02a..., userDataDir: C:\Users\MAYUR\AppData\Loca...}, goog:chromeOptions: {debuggerAddress: localhost:61355}, javascriptEnabled: true, networkConnectionEnabled: false, pageLoadStrategy: normal, platform: WINDOWS, platformName: WINDOWS, proxy: Proxy(), se:cdp: ws://localhost:61355/devtoo..., se:cdpVersion: 97.0.4692.99, setWindowRect: true, strictFileInteractability: false, timeouts: {implicit: 0, pageLoad: 300000, script: 30000}, unhandledPromptBehavior: dismiss and notify, webauthn:extension:credBlob: true, webauthn:extension:largeBlob: true, webauthn:virtualAuthenticators: true}
<br />&nbsp;&nbsp;&nbsp;&nbsp;Session ID: ced407cdb324cbfa66d04fe015580f72
<br />&nbsp;&nbsp;&nbsp;&nbsp;	at org.openqa.selenium.support.ui.WebDriverWait.timeoutException(WebDriverWait.java:138)
<br />&nbsp;&nbsp;&nbsp;&nbsp;	at org.openqa.selenium.support.ui.FluentWait.until(FluentWait.java:231)
<br />&nbsp;&nbsp;&nbsp;&nbsp;	at framework.framework.CommonActions.waitForElement(CommonActions.java:368)
<br />&nbsp;&nbsp;&nbsp;&nbsp;	at amazon.login.Login.launchAndLogin(Login.java:87)
<br />&nbsp;&nbsp;&nbsp;&nbsp;	at suites.appsuites.CashBackSuite.cashback(CashBackSuite.java:55)
<br />&nbsp;&nbsp;&nbsp;&nbsp;	at sun.reflect.NativeMethodAccessorImpl.invoke0(Native Method)
<br />&nbsp;&nbsp;&nbsp;&nbsp;	at sun.reflect.NativeMethodAccessorImpl.invoke(NativeMethodAccessorImpl.java:62)
<br />&nbsp;&nbsp;&nbsp;&nbsp;	at sun.reflect.DelegatingMethodAccessorImpl.invoke(DelegatingMethodAccessorImpl.java:43)
<br />&nbsp;&nbsp;&nbsp;&nbsp;	at java.lang.reflect.Method.invoke(Method.java:498)
<br />&nbsp;&nbsp;&nbsp;&nbsp;	at org.testng.internal.MethodInvocationHelper.invokeMethod(MethodInvocationHelper.java:124)
<br />&nbsp;&nbsp;&nbsp;&nbsp;	at org.testng.internal.Invoker.invokeMethod(Invoker.java:571)
<br />&nbsp;&nbsp;&nbsp;&nbsp;	at org.testng.internal.Invoker.invokeTestMethod(Invoker.java:707)
<br />&nbsp;&nbsp;&nbsp;&nbsp;	at org.testng.internal.Invoker.invokeTestMethods(Invoker.java:979)
<br />&nbsp;&nbsp;&nbsp;&nbsp;	at org.testng.internal.TestMethodWorker.invokeTestMethods(TestMethodWorker.java:125)
<br />&nbsp;&nbsp;&nbsp;&nbsp;	at org.testng.internal.TestMethodWorker.run(TestMethodWorker.java:109)
<br />&nbsp;&nbsp;&nbsp;&nbsp;	at org.testng.TestRunner.privateRun(TestRunner.java:648)
<br />&nbsp;&nbsp;&nbsp;&nbsp;	at org.testng.TestRunner.run(TestRunner.java:505)
<br />&nbsp;&nbsp;&nbsp;&nbsp;	at org.testng.SuiteRunner.runTest(SuiteRunner.java:455)
<br />&nbsp;&nbsp;&nbsp;&nbsp;	at org.testng.SuiteRunner.runSequentially(SuiteRunner.java:450)
<br />&nbsp;&nbsp;&nbsp;&nbsp;	at org.testng.SuiteRunner.privateRun(SuiteRunner.java:415)
<br />&nbsp;&nbsp;&nbsp;&nbsp;	at org.testng.SuiteRunner.run(SuiteRunner.java:364)
<br />&nbsp;&nbsp;&nbsp;&nbsp;	at org.testng.SuiteRunnerWorker.runSuite(SuiteRunnerWorker.java:52)
<br />&nbsp;&nbsp;&nbsp;&nbsp;	at org.testng.SuiteRunnerWorker.run(SuiteRunnerWorker.java:84)
<br />&nbsp;&nbsp;&nbsp;&nbsp;	at org.testng.TestNG.runSuitesSequentially(TestNG.java:1187)
<br />&nbsp;&nbsp;&nbsp;&nbsp;	at org.testng.TestNG.runSuitesLocally(TestNG.java:1116)
<br />&nbsp;&nbsp;&nbsp;&nbsp;	at org.testng.TestNG.runSuites(TestNG.java:1028)
<br />&nbsp;&nbsp;&nbsp;&nbsp;	at org.testng.TestNG.run(TestNG.java:996)
<br />&nbsp;&nbsp;&nbsp;&nbsp;	at org.testng.remote.AbstractRemoteTestNG.run(AbstractRemoteTestNG.java:115)
<br />&nbsp;&nbsp;&nbsp;&nbsp;	at org.testng.remote.RemoteTestNG.initAndRun(RemoteTestNG.java:251)
<br />&nbsp;&nbsp;&nbsp;&nbsp;	at org.testng.remote.RemoteTestNG.main(RemoteTestNG.java:77)
</td></tr>

<tr>
<td>30-01-2022 15:28:14,0747</td>
<td title="main thread">main</td>
<td title="Level"><font color="#339933">DEBUG</font></td>
<td title="suites.appsuites.CashBackSuite logger">suites.appsuites.CashBackSuite</td>
<td>Login.java:94</td>
<td title="Message">Amazon login successful</td>
</tr>

<tr>
<td>30-01-2022 15:28:16,0240</td>
<td title="main thread">main</td>
<td title="Level"><font color="#339933">DEBUG</font></td>
<td title="suites.appsuites.CashBackSuite logger">suites.appsuites.CashBackSuite</td>
<td>CommonActions.java:161</td>
<td title="Message">URL: https://rzp.io/i/FLp7ZTbNV is launched</td>
</tr>

<tr>
<td>30-01-2022 15:28:16,0245</td>
<td title="main thread">main</td>
<td title="Level"><font color="#339933">DEBUG</font></td>
<td title="suites.appsuites.CashBackSuite logger">suites.appsuites.CashBackSuite</td>
<td>CommonActions.java:241</td>
<td title="Message">Wait For Page Load Status - complete</td>
</tr>

<tr>
<td>30-01-2022 15:28:16,0291</td>
<td title="main thread">main</td>
<td title="Level"><font color="#993300"><strong>ERROR</strong></font></td>
<td title="suites.appsuites.CashBackSuite logger">suites.appsuites.CashBackSuite</td>
<td>RazorPay.java:46</td>
<td title="Message">Payment completed for url - https://rzp.io/i/FLp7ZTbNV. Please enter another URL</td>
</tr>

<tr>
<td>30-01-2022 15:28:16,0294</td>
<td title="main thread">main</td>
<td title="Level"><font color="#339933">DEBUG</font></td>
<td title="suites.appsuites.CashBackSuite logger">suites.appsuites.CashBackSuite</td>
<td>CommonActions.java:604</td>
<td title="Message">Switched to default content</td>
</tr>

<tr>
<td>30-01-2022 15:28:16,0322</td>
<td title="main thread">main</td>
<td title="Level"><font color="#339933">DEBUG</font></td>
<td title="suites.appsuites.CashBackSuite logger">suites.appsuites.CashBackSuite</td>
<td>CommonActions.java:494</td>
<td title="Message">Window closed with id - CDwindow-587AEBA145DBF0ABEAC2C0D764CB5967</td>
</tr>

<tr>
<td>30-01-2022 15:28:16,0332</td>
<td title="main thread">main</td>
<td title="Level"><font color="#339933">DEBUG</font></td>
<td title="suites.appsuites.CashBackSuite logger">suites.appsuites.CashBackSuite</td>
<td>CommonActions.java:268</td>
<td title="Message">Switched to given window for handle - CDwindow-E0709854D11C794FB9F8E668998C8247</td>
</tr>

<tr>
<td>30-01-2022 15:28:16,0332</td>
<td title="main thread">main</td>
<td title="Level"><font color="#339933">DEBUG</font></td>
<td title="suites.appsuites.CashBackSuite logger">suites.appsuites.CashBackSuite</td>
<td>CommonActions.java:500</td>
<td title="Message">Switched to given window</td>
</tr>

<tr>
<td>30-01-2022 15:28:17,0692</td>
<td title="main thread">main</td>
<td title="Level"><font color="#339933">DEBUG</font></td>
<td title="suites.appsuites.CashBackSuite logger">suites.appsuites.CashBackSuite</td>
<td>CommonActions.java:161</td>
<td title="Message">URL: https://www.amazon.in/gp/flex/sign-out.html?path=%2Fgp%2Fyourstore%2Fhome&amp;useRedirectOnSuccess=1&amp;signIn=1&amp;action=sign-out&amp;ref_=nav_AccountFlyout_signout is launched</td>
</tr>

<tr>
<td>30-01-2022 15:28:17,0718</td>
<td title="main thread">main</td>
<td title="Level"><font color="#339933">DEBUG</font></td>
<td title="suites.appsuites.CashBackSuite logger">suites.appsuites.CashBackSuite</td>
<td>CommonActions.java:241</td>
<td title="Message">Wait For Page Load Status - complete</td>
</tr>

<tr>
<td>30-01-2022 15:28:17,0740</td>
<td title="main thread">main</td>
<td title="Level"><font color="#339933">DEBUG</font></td>
<td title="suites.appsuites.CashBackSuite logger">suites.appsuites.CashBackSuite</td>
<td>CommonFunctions.java:30</td>
<td title="Message">Logged out successfully</td>
</tr>

<tr>
<td>30-01-2022 15:28:17,0754</td>
<td title="main thread">main</td>
<td title="Level"><font color="#339933">DEBUG</font></td>
<td title="suites.appsuites.CashBackSuite logger">suites.appsuites.CashBackSuite</td>
<td>CommonActions.java:546</td>
<td title="Message">Writing in text file is completed successfully at path - ./status/cashback_30_January_2022.html</td>
</tr>

<tr>
<td>30-01-2022 15:28:17,0756</td>
<td title="main thread">main</td>
<td title="Level"><font color="#339933">DEBUG</font></td>
<td title="suites.appsuites.CashBackSuite logger">suites.appsuites.CashBackSuite</td>
<td>CommonActions.java:604</td>
<td title="Message">Switched to default content</td>
</tr>

<tr>
<td>30-01-2022 15:28:17,0762</td>
<td title="main thread">main</td>
<td title="Level"><font color="#339933">DEBUG</font></td>
<td title="suites.appsuites.CashBackSuite logger">suites.appsuites.CashBackSuite</td>
<td>CommonActions.java:268</td>
<td title="Message">Switched to given window for handle - CDwindow-E0709854D11C794FB9F8E668998C8247</td>
</tr>

<tr>
<td>30-01-2022 15:28:17,0762</td>
<td title="main thread">main</td>
<td title="Level"><font color="#339933">DEBUG</font></td>
<td title="suites.appsuites.CashBackSuite logger">suites.appsuites.CashBackSuite</td>
<td>CommonActions.java:500</td>
<td title="Message">Switched to given window</td>
</tr>

<tr>
<td>30-01-2022 15:28:18,0657</td>
<td title="main thread">main</td>
<td title="Level"><font color="#339933">DEBUG</font></td>
<td title="suites.appsuites.CashBackSuite logger">suites.appsuites.CashBackSuite</td>
<td>CommonActions.java:161</td>
<td title="Message">URL: https://www.amazon.in/ap/signin?openid.pape.max_auth_age=900&amp;openid.return_to=https%3A%2F%2Fwww.amazon.in%2Fgp%2Fyourstore%2Fhome%3Fie%3DUTF8%26path%3D%252Fgp%252Fyourstore%252Fhome%26signIn%3D1%26useRedirectOnSuccess%3D1%26action%3Dsign-out%26ref_%3Dgno_signout&amp;openid.assoc_handle=inflex&amp;openid.mode=checkid_setup&amp;openid.ns=http%3A%2F%2Fspecs.openid.net%2Fauth%2F2.0 is launched</td>
</tr>

<tr>
<td>30-01-2022 15:28:18,0661</td>
<td title="main thread">main</td>
<td title="Level"><font color="#339933">DEBUG</font></td>
<td title="suites.appsuites.CashBackSuite logger">suites.appsuites.CashBackSuite</td>
<td>CommonActions.java:241</td>
<td title="Message">Wait For Page Load Status - complete</td>
</tr>

<tr>
<td>30-01-2022 15:28:18,0763</td>
<td title="main thread">main</td>
<td title="Level"><font color="#339933">DEBUG</font></td>
<td title="suites.appsuites.CashBackSuite logger">suites.appsuites.CashBackSuite</td>
<td>CommonActions.java:101</td>
<td title="Message">6266329064 is entered in 'By.name: email' Text Field</td>
</tr>

<tr>
<td>30-01-2022 15:28:19,0485</td>
<td title="main thread">main</td>
<td title="Level"><font color="#339933">DEBUG</font></td>
<td title="suites.appsuites.CashBackSuite logger">suites.appsuites.CashBackSuite</td>
<td>CommonActions.java:65</td>
<td title="Message">By.id: continue is clicked</td>
</tr>

<tr>
<td>30-01-2022 15:28:19,0506</td>
<td title="main thread">main</td>
<td title="Level"><font color="#339933">DEBUG</font></td>
<td title="suites.appsuites.CashBackSuite logger">suites.appsuites.CashBackSuite</td>
<td>CommonActions.java:241</td>
<td title="Message">Wait For Page Load Status - complete</td>
</tr>

<tr>
<td>30-01-2022 15:28:24,0644</td>
<td title="main thread">main</td>
<td title="Level"><font color="#993300"><strong>ERROR</strong></font></td>
<td title="suites.appsuites.CashBackSuite logger">suites.appsuites.CashBackSuite</td>
<td>CommonActions.java:395</td>
<td title="Message">Timed out waiting for 'visibilityOfElementLocated' on element 'By.xpath: //span[contains(text(),' country code')]' after 5 seconds</td>
</tr>
<tr><td bgcolor="#993300" style="color:White; font-size : small;" colspan="6">org.openqa.selenium.TimeoutException: Expected condition failed: waiting for visibility of element located by By.xpath: //span[contains(text(),' country code')] (tried for 5 second(s) with 500 milliseconds interval)
<br />&nbsp;&nbsp;&nbsp;&nbsp;Build info: version: '4.0.0', revision: '3a21814679'
<br />&nbsp;&nbsp;&nbsp;&nbsp;System info: host: 'LAPTOP-0GLISK19', ip: '192.168.0.122', os.name: 'Windows 10', os.arch: 'amd64', os.version: '10.0', java.version: '1.8.0-262'
<br />&nbsp;&nbsp;&nbsp;&nbsp;Driver info: org.openqa.selenium.chrome.ChromeDriver
<br />&nbsp;&nbsp;&nbsp;&nbsp;Capabilities {acceptInsecureCerts: false, browserName: chrome, browserVersion: 97.0.4692.99, chrome: {chromedriverVersion: 97.0.4692.71 (adefa7837d02a..., userDataDir: C:\Users\MAYUR\AppData\Loca...}, goog:chromeOptions: {debuggerAddress: localhost:61355}, javascriptEnabled: true, networkConnectionEnabled: false, pageLoadStrategy: normal, platform: WINDOWS, platformName: WINDOWS, proxy: Proxy(), se:cdp: ws://localhost:61355/devtoo..., se:cdpVersion: 97.0.4692.99, setWindowRect: true, strictFileInteractability: false, timeouts: {implicit: 0, pageLoad: 300000, script: 30000}, unhandledPromptBehavior: dismiss and notify, webauthn:extension:credBlob: true, webauthn:extension:largeBlob: true, webauthn:virtualAuthenticators: true}
<br />&nbsp;&nbsp;&nbsp;&nbsp;Session ID: ced407cdb324cbfa66d04fe015580f72
<br />&nbsp;&nbsp;&nbsp;&nbsp;	at org.openqa.selenium.support.ui.WebDriverWait.timeoutException(WebDriverWait.java:138)
<br />&nbsp;&nbsp;&nbsp;&nbsp;	at org.openqa.selenium.support.ui.FluentWait.until(FluentWait.java:231)
<br />&nbsp;&nbsp;&nbsp;&nbsp;	at framework.framework.CommonActions.waitForElement(CommonActions.java:368)
<br />&nbsp;&nbsp;&nbsp;&nbsp;	at amazon.login.Login.launchAndLogin(Login.java:46)
<br />&nbsp;&nbsp;&nbsp;&nbsp;	at suites.appsuites.CashBackSuite.cashback(CashBackSuite.java:55)
<br />&nbsp;&nbsp;&nbsp;&nbsp;	at sun.reflect.NativeMethodAccessorImpl.invoke0(Native Method)
<br />&nbsp;&nbsp;&nbsp;&nbsp;	at sun.reflect.NativeMethodAccessorImpl.invoke(NativeMethodAccessorImpl.java:62)
<br />&nbsp;&nbsp;&nbsp;&nbsp;	at sun.reflect.DelegatingMethodAccessorImpl.invoke(DelegatingMethodAccessorImpl.java:43)
<br />&nbsp;&nbsp;&nbsp;&nbsp;	at java.lang.reflect.Method.invoke(Method.java:498)
<br />&nbsp;&nbsp;&nbsp;&nbsp;	at org.testng.internal.MethodInvocationHelper.invokeMethod(MethodInvocationHelper.java:124)
<br />&nbsp;&nbsp;&nbsp;&nbsp;	at org.testng.internal.Invoker.invokeMethod(Invoker.java:571)
<br />&nbsp;&nbsp;&nbsp;&nbsp;	at org.testng.internal.Invoker.invokeTestMethod(Invoker.java:707)
<br />&nbsp;&nbsp;&nbsp;&nbsp;	at org.testng.internal.Invoker.invokeTestMethods(Invoker.java:979)
<br />&nbsp;&nbsp;&nbsp;&nbsp;	at org.testng.internal.TestMethodWorker.invokeTestMethods(TestMethodWorker.java:125)
<br />&nbsp;&nbsp;&nbsp;&nbsp;	at org.testng.internal.TestMethodWorker.run(TestMethodWorker.java:109)
<br />&nbsp;&nbsp;&nbsp;&nbsp;	at org.testng.TestRunner.privateRun(TestRunner.java:648)
<br />&nbsp;&nbsp;&nbsp;&nbsp;	at org.testng.TestRunner.run(TestRunner.java:505)
<br />&nbsp;&nbsp;&nbsp;&nbsp;	at org.testng.SuiteRunner.runTest(SuiteRunner.java:455)
<br />&nbsp;&nbsp;&nbsp;&nbsp;	at org.testng.SuiteRunner.runSequentially(SuiteRunner.java:450)
<br />&nbsp;&nbsp;&nbsp;&nbsp;	at org.testng.SuiteRunner.privateRun(SuiteRunner.java:415)
<br />&nbsp;&nbsp;&nbsp;&nbsp;	at org.testng.SuiteRunner.run(SuiteRunner.java:364)
<br />&nbsp;&nbsp;&nbsp;&nbsp;	at org.testng.SuiteRunnerWorker.runSuite(SuiteRunnerWorker.java:52)
<br />&nbsp;&nbsp;&nbsp;&nbsp;	at org.testng.SuiteRunnerWorker.run(SuiteRunnerWorker.java:84)
<br />&nbsp;&nbsp;&nbsp;&nbsp;	at org.testng.TestNG.runSuitesSequentially(TestNG.java:1187)
<br />&nbsp;&nbsp;&nbsp;&nbsp;	at org.testng.TestNG.runSuitesLocally(TestNG.java:1116)
<br />&nbsp;&nbsp;&nbsp;&nbsp;	at org.testng.TestNG.runSuites(TestNG.java:1028)
<br />&nbsp;&nbsp;&nbsp;&nbsp;	at org.testng.TestNG.run(TestNG.java:996)
<br />&nbsp;&nbsp;&nbsp;&nbsp;	at org.testng.remote.AbstractRemoteTestNG.run(AbstractRemoteTestNG.java:115)
<br />&nbsp;&nbsp;&nbsp;&nbsp;	at org.testng.remote.RemoteTestNG.initAndRun(RemoteTestNG.java:251)
<br />&nbsp;&nbsp;&nbsp;&nbsp;	at org.testng.remote.RemoteTestNG.main(RemoteTestNG.java:77)
</td></tr>

<tr>
<td>30-01-2022 15:28:34,0867</td>
<td title="main thread">main</td>
<td title="Level"><font color="#993300"><strong>ERROR</strong></font></td>
<td title="suites.appsuites.CashBackSuite logger">suites.appsuites.CashBackSuite</td>
<td>CommonActions.java:395</td>
<td title="Message">Timed out waiting for 'visibilityOfElementLocated' on element 'By.xpath: //*[normalize-space(text())='Incorrect phone number']' after 10 seconds</td>
</tr>
<tr><td bgcolor="#993300" style="color:White; font-size : small;" colspan="6">org.openqa.selenium.TimeoutException: Expected condition failed: waiting for visibility of element located by By.xpath: //*[normalize-space(text())='Incorrect phone number'] (tried for 10 second(s) with 500 milliseconds interval)
<br />&nbsp;&nbsp;&nbsp;&nbsp;Build info: version: '4.0.0', revision: '3a21814679'
<br />&nbsp;&nbsp;&nbsp;&nbsp;System info: host: 'LAPTOP-0GLISK19', ip: '192.168.0.122', os.name: 'Windows 10', os.arch: 'amd64', os.version: '10.0', java.version: '1.8.0-262'
<br />&nbsp;&nbsp;&nbsp;&nbsp;Driver info: org.openqa.selenium.chrome.ChromeDriver
<br />&nbsp;&nbsp;&nbsp;&nbsp;Capabilities {acceptInsecureCerts: false, browserName: chrome, browserVersion: 97.0.4692.99, chrome: {chromedriverVersion: 97.0.4692.71 (adefa7837d02a..., userDataDir: C:\Users\MAYUR\AppData\Loca...}, goog:chromeOptions: {debuggerAddress: localhost:61355}, javascriptEnabled: true, networkConnectionEnabled: false, pageLoadStrategy: normal, platform: WINDOWS, platformName: WINDOWS, proxy: Proxy(), se:cdp: ws://localhost:61355/devtoo..., se:cdpVersion: 97.0.4692.99, setWindowRect: true, strictFileInteractability: false, timeouts: {implicit: 0, pageLoad: 300000, script: 30000}, unhandledPromptBehavior: dismiss and notify, webauthn:extension:credBlob: true, webauthn:extension:largeBlob: true, webauthn:virtualAuthenticators: true}
<br />&nbsp;&nbsp;&nbsp;&nbsp;Session ID: ced407cdb324cbfa66d04fe015580f72
<br />&nbsp;&nbsp;&nbsp;&nbsp;	at org.openqa.selenium.support.ui.WebDriverWait.timeoutException(WebDriverWait.java:138)
<br />&nbsp;&nbsp;&nbsp;&nbsp;	at org.openqa.selenium.support.ui.FluentWait.until(FluentWait.java:231)
<br />&nbsp;&nbsp;&nbsp;&nbsp;	at framework.framework.CommonActions.waitForElement(CommonActions.java:368)
<br />&nbsp;&nbsp;&nbsp;&nbsp;	at amazon.login.Login.launchAndLogin(Login.java:60)
<br />&nbsp;&nbsp;&nbsp;&nbsp;	at suites.appsuites.CashBackSuite.cashback(CashBackSuite.java:55)
<br />&nbsp;&nbsp;&nbsp;&nbsp;	at sun.reflect.NativeMethodAccessorImpl.invoke0(Native Method)
<br />&nbsp;&nbsp;&nbsp;&nbsp;	at sun.reflect.NativeMethodAccessorImpl.invoke(NativeMethodAccessorImpl.java:62)
<br />&nbsp;&nbsp;&nbsp;&nbsp;	at sun.reflect.DelegatingMethodAccessorImpl.invoke(DelegatingMethodAccessorImpl.java:43)
<br />&nbsp;&nbsp;&nbsp;&nbsp;	at java.lang.reflect.Method.invoke(Method.java:498)
<br />&nbsp;&nbsp;&nbsp;&nbsp;	at org.testng.internal.MethodInvocationHelper.invokeMethod(MethodInvocationHelper.java:124)
<br />&nbsp;&nbsp;&nbsp;&nbsp;	at org.testng.internal.Invoker.invokeMethod(Invoker.java:571)
<br />&nbsp;&nbsp;&nbsp;&nbsp;	at org.testng.internal.Invoker.invokeTestMethod(Invoker.java:707)
<br />&nbsp;&nbsp;&nbsp;&nbsp;	at org.testng.internal.Invoker.invokeTestMethods(Invoker.java:979)
<br />&nbsp;&nbsp;&nbsp;&nbsp;	at org.testng.internal.TestMethodWorker.invokeTestMethods(TestMethodWorker.java:125)
<br />&nbsp;&nbsp;&nbsp;&nbsp;	at org.testng.internal.TestMethodWorker.run(TestMethodWorker.java:109)
<br />&nbsp;&nbsp;&nbsp;&nbsp;	at org.testng.TestRunner.privateRun(TestRunner.java:648)
<br />&nbsp;&nbsp;&nbsp;&nbsp;	at org.testng.TestRunner.run(TestRunner.java:505)
<br />&nbsp;&nbsp;&nbsp;&nbsp;	at org.testng.SuiteRunner.runTest(SuiteRunner.java:455)
<br />&nbsp;&nbsp;&nbsp;&nbsp;	at org.testng.SuiteRunner.runSequentially(SuiteRunner.java:450)
<br />&nbsp;&nbsp;&nbsp;&nbsp;	at org.testng.SuiteRunner.privateRun(SuiteRunner.java:415)
<br />&nbsp;&nbsp;&nbsp;&nbsp;	at org.testng.SuiteRunner.run(SuiteRunner.java:364)
<br />&nbsp;&nbsp;&nbsp;&nbsp;	at org.testng.SuiteRunnerWorker.runSuite(SuiteRunnerWorker.java:52)
<br />&nbsp;&nbsp;&nbsp;&nbsp;	at org.testng.SuiteRunnerWorker.run(SuiteRunnerWorker.java:84)
<br />&nbsp;&nbsp;&nbsp;&nbsp;	at org.testng.TestNG.runSuitesSequentially(TestNG.java:1187)
<br />&nbsp;&nbsp;&nbsp;&nbsp;	at org.testng.TestNG.runSuitesLocally(TestNG.java:1116)
<br />&nbsp;&nbsp;&nbsp;&nbsp;	at org.testng.TestNG.runSuites(TestNG.java:1028)
<br />&nbsp;&nbsp;&nbsp;&nbsp;	at org.testng.TestNG.run(TestNG.java:996)
<br />&nbsp;&nbsp;&nbsp;&nbsp;	at org.testng.remote.AbstractRemoteTestNG.run(AbstractRemoteTestNG.java:115)
<br />&nbsp;&nbsp;&nbsp;&nbsp;	at org.testng.remote.RemoteTestNG.initAndRun(RemoteTestNG.java:251)
<br />&nbsp;&nbsp;&nbsp;&nbsp;	at org.testng.remote.RemoteTestNG.main(RemoteTestNG.java:77)
</td></tr>

<tr>
<td>30-01-2022 15:28:34,0968</td>
<td title="main thread">main</td>
<td title="Level"><font color="#339933">DEBUG</font></td>
<td title="suites.appsuites.CashBackSuite logger">suites.appsuites.CashBackSuite</td>
<td>CommonActions.java:101</td>
<td title="Message">6266329064 is entered in 'By.name: password' Text Field</td>
</tr>

<tr>
<td>30-01-2022 15:28:35,0053</td>
<td title="main thread">main</td>
<td title="Level"><font color="#339933">DEBUG</font></td>
<td title="suites.appsuites.CashBackSuite logger">suites.appsuites.CashBackSuite</td>
<td>CommonActions.java:65</td>
<td title="Message">By.id: signInSubmit is clicked</td>
</tr>

<tr>
<td>30-01-2022 15:28:36,0591</td>
<td title="main thread">main</td>
<td title="Level"><font color="#339933">DEBUG</font></td>
<td title="suites.appsuites.CashBackSuite logger">suites.appsuites.CashBackSuite</td>
<td>CommonActions.java:241</td>
<td title="Message">Wait For Page Load Status - loading</td>
</tr>

<tr>
<td>30-01-2022 15:28:37,0100</td>
<td title="main thread">main</td>
<td title="Level"><font color="#339933">DEBUG</font></td>
<td title="suites.appsuites.CashBackSuite logger">suites.appsuites.CashBackSuite</td>
<td>CommonActions.java:241</td>
<td title="Message">Wait For Page Load Status - complete</td>
</tr>

<tr>
<td>30-01-2022 15:28:47,0486</td>
<td title="main thread">main</td>
<td title="Level"><font color="#993300"><strong>ERROR</strong></font></td>
<td title="suites.appsuites.CashBackSuite logger">suites.appsuites.CashBackSuite</td>
<td>CommonActions.java:395</td>
<td title="Message">Timed out waiting for 'visibilityOfElementLocated' on element 'By.xpath: //*[normalize-space(text())='Your password is incorrect']' after 10 seconds</td>
</tr>
<tr><td bgcolor="#993300" style="color:White; font-size : small;" colspan="6">org.openqa.selenium.TimeoutException: Expected condition failed: waiting for visibility of element located by By.xpath: //*[normalize-space(text())='Your password is incorrect'] (tried for 10 second(s) with 500 milliseconds interval)
<br />&nbsp;&nbsp;&nbsp;&nbsp;Build info: version: '4.0.0', revision: '3a21814679'
<br />&nbsp;&nbsp;&nbsp;&nbsp;System info: host: 'LAPTOP-0GLISK19', ip: '192.168.0.122', os.name: 'Windows 10', os.arch: 'amd64', os.version: '10.0', java.version: '1.8.0-262'
<br />&nbsp;&nbsp;&nbsp;&nbsp;Driver info: org.openqa.selenium.chrome.ChromeDriver
<br />&nbsp;&nbsp;&nbsp;&nbsp;Capabilities {acceptInsecureCerts: false, browserName: chrome, browserVersion: 97.0.4692.99, chrome: {chromedriverVersion: 97.0.4692.71 (adefa7837d02a..., userDataDir: C:\Users\MAYUR\AppData\Loca...}, goog:chromeOptions: {debuggerAddress: localhost:61355}, javascriptEnabled: true, networkConnectionEnabled: false, pageLoadStrategy: normal, platform: WINDOWS, platformName: WINDOWS, proxy: Proxy(), se:cdp: ws://localhost:61355/devtoo..., se:cdpVersion: 97.0.4692.99, setWindowRect: true, strictFileInteractability: false, timeouts: {implicit: 0, pageLoad: 300000, script: 30000}, unhandledPromptBehavior: dismiss and notify, webauthn:extension:credBlob: true, webauthn:extension:largeBlob: true, webauthn:virtualAuthenticators: true}
<br />&nbsp;&nbsp;&nbsp;&nbsp;Session ID: ced407cdb324cbfa66d04fe015580f72
<br />&nbsp;&nbsp;&nbsp;&nbsp;	at org.openqa.selenium.support.ui.WebDriverWait.timeoutException(WebDriverWait.java:138)
<br />&nbsp;&nbsp;&nbsp;&nbsp;	at org.openqa.selenium.support.ui.FluentWait.until(FluentWait.java:231)
<br />&nbsp;&nbsp;&nbsp;&nbsp;	at framework.framework.CommonActions.waitForElement(CommonActions.java:368)
<br />&nbsp;&nbsp;&nbsp;&nbsp;	at amazon.login.Login.launchAndLogin(Login.java:81)
<br />&nbsp;&nbsp;&nbsp;&nbsp;	at suites.appsuites.CashBackSuite.cashback(CashBackSuite.java:55)
<br />&nbsp;&nbsp;&nbsp;&nbsp;	at sun.reflect.NativeMethodAccessorImpl.invoke0(Native Method)
<br />&nbsp;&nbsp;&nbsp;&nbsp;	at sun.reflect.NativeMethodAccessorImpl.invoke(NativeMethodAccessorImpl.java:62)
<br />&nbsp;&nbsp;&nbsp;&nbsp;	at sun.reflect.DelegatingMethodAccessorImpl.invoke(DelegatingMethodAccessorImpl.java:43)
<br />&nbsp;&nbsp;&nbsp;&nbsp;	at java.lang.reflect.Method.invoke(Method.java:498)
<br />&nbsp;&nbsp;&nbsp;&nbsp;	at org.testng.internal.MethodInvocationHelper.invokeMethod(MethodInvocationHelper.java:124)
<br />&nbsp;&nbsp;&nbsp;&nbsp;	at org.testng.internal.Invoker.invokeMethod(Invoker.java:571)
<br />&nbsp;&nbsp;&nbsp;&nbsp;	at org.testng.internal.Invoker.invokeTestMethod(Invoker.java:707)
<br />&nbsp;&nbsp;&nbsp;&nbsp;	at org.testng.internal.Invoker.invokeTestMethods(Invoker.java:979)
<br />&nbsp;&nbsp;&nbsp;&nbsp;	at org.testng.internal.TestMethodWorker.invokeTestMethods(TestMethodWorker.java:125)
<br />&nbsp;&nbsp;&nbsp;&nbsp;	at org.testng.internal.TestMethodWorker.run(TestMethodWorker.java:109)
<br />&nbsp;&nbsp;&nbsp;&nbsp;	at org.testng.TestRunner.privateRun(TestRunner.java:648)
<br />&nbsp;&nbsp;&nbsp;&nbsp;	at org.testng.TestRunner.run(TestRunner.java:505)
<br />&nbsp;&nbsp;&nbsp;&nbsp;	at org.testng.SuiteRunner.runTest(SuiteRunner.java:455)
<br />&nbsp;&nbsp;&nbsp;&nbsp;	at org.testng.SuiteRunner.runSequentially(SuiteRunner.java:450)
<br />&nbsp;&nbsp;&nbsp;&nbsp;	at org.testng.SuiteRunner.privateRun(SuiteRunner.java:415)
<br />&nbsp;&nbsp;&nbsp;&nbsp;	at org.testng.SuiteRunner.run(SuiteRunner.java:364)
<br />&nbsp;&nbsp;&nbsp;&nbsp;	at org.testng.SuiteRunnerWorker.runSuite(SuiteRunnerWorker.java:52)
<br />&nbsp;&nbsp;&nbsp;&nbsp;	at org.testng.SuiteRunnerWorker.run(SuiteRunnerWorker.java:84)
<br />&nbsp;&nbsp;&nbsp;&nbsp;	at org.testng.TestNG.runSuitesSequentially(TestNG.java:1187)
<br />&nbsp;&nbsp;&nbsp;&nbsp;	at org.testng.TestNG.runSuitesLocally(TestNG.java:1116)
<br />&nbsp;&nbsp;&nbsp;&nbsp;	at org.testng.TestNG.runSuites(TestNG.java:1028)
<br />&nbsp;&nbsp;&nbsp;&nbsp;	at org.testng.TestNG.run(TestNG.java:996)
<br />&nbsp;&nbsp;&nbsp;&nbsp;	at org.testng.remote.AbstractRemoteTestNG.run(AbstractRemoteTestNG.java:115)
<br />&nbsp;&nbsp;&nbsp;&nbsp;	at org.testng.remote.RemoteTestNG.initAndRun(RemoteTestNG.java:251)
<br />&nbsp;&nbsp;&nbsp;&nbsp;	at org.testng.remote.RemoteTestNG.main(RemoteTestNG.java:77)
</td></tr>

<tr>
<td>30-01-2022 15:28:49,0533</td>
<td title="main thread">main</td>
<td title="Level"><font color="#993300"><strong>ERROR</strong></font></td>
<td title="suites.appsuites.CashBackSuite logger">suites.appsuites.CashBackSuite</td>
<td>CommonActions.java:395</td>
<td title="Message">Timed out waiting for 'visibilityOfElementLocated' on element 'By.xpath: //h4[normalize-space(text())='Enter the characters you see']' after 2 seconds</td>
</tr>
<tr><td bgcolor="#993300" style="color:White; font-size : small;" colspan="6">org.openqa.selenium.TimeoutException: Expected condition failed: waiting for visibility of element located by By.xpath: //h4[normalize-space(text())='Enter the characters you see'] (tried for 2 second(s) with 500 milliseconds interval)
<br />&nbsp;&nbsp;&nbsp;&nbsp;Build info: version: '4.0.0', revision: '3a21814679'
<br />&nbsp;&nbsp;&nbsp;&nbsp;System info: host: 'LAPTOP-0GLISK19', ip: '192.168.0.122', os.name: 'Windows 10', os.arch: 'amd64', os.version: '10.0', java.version: '1.8.0-262'
<br />&nbsp;&nbsp;&nbsp;&nbsp;Driver info: org.openqa.selenium.chrome.ChromeDriver
<br />&nbsp;&nbsp;&nbsp;&nbsp;Capabilities {acceptInsecureCerts: false, browserName: chrome, browserVersion: 97.0.4692.99, chrome: {chromedriverVersion: 97.0.4692.71 (adefa7837d02a..., userDataDir: C:\Users\MAYUR\AppData\Loca...}, goog:chromeOptions: {debuggerAddress: localhost:61355}, javascriptEnabled: true, networkConnectionEnabled: false, pageLoadStrategy: normal, platform: WINDOWS, platformName: WINDOWS, proxy: Proxy(), se:cdp: ws://localhost:61355/devtoo..., se:cdpVersion: 97.0.4692.99, setWindowRect: true, strictFileInteractability: false, timeouts: {implicit: 0, pageLoad: 300000, script: 30000}, unhandledPromptBehavior: dismiss and notify, webauthn:extension:credBlob: true, webauthn:extension:largeBlob: true, webauthn:virtualAuthenticators: true}
<br />&nbsp;&nbsp;&nbsp;&nbsp;Session ID: ced407cdb324cbfa66d04fe015580f72
<br />&nbsp;&nbsp;&nbsp;&nbsp;	at org.openqa.selenium.support.ui.WebDriverWait.timeoutException(WebDriverWait.java:138)
<br />&nbsp;&nbsp;&nbsp;&nbsp;	at org.openqa.selenium.support.ui.FluentWait.until(FluentWait.java:231)
<br />&nbsp;&nbsp;&nbsp;&nbsp;	at framework.framework.CommonActions.waitForElement(CommonActions.java:368)
<br />&nbsp;&nbsp;&nbsp;&nbsp;	at amazon.login.Login.launchAndLogin(Login.java:87)
<br />&nbsp;&nbsp;&nbsp;&nbsp;	at suites.appsuites.CashBackSuite.cashback(CashBackSuite.java:55)
<br />&nbsp;&nbsp;&nbsp;&nbsp;	at sun.reflect.NativeMethodAccessorImpl.invoke0(Native Method)
<br />&nbsp;&nbsp;&nbsp;&nbsp;	at sun.reflect.NativeMethodAccessorImpl.invoke(NativeMethodAccessorImpl.java:62)
<br />&nbsp;&nbsp;&nbsp;&nbsp;	at sun.reflect.DelegatingMethodAccessorImpl.invoke(DelegatingMethodAccessorImpl.java:43)
<br />&nbsp;&nbsp;&nbsp;&nbsp;	at java.lang.reflect.Method.invoke(Method.java:498)
<br />&nbsp;&nbsp;&nbsp;&nbsp;	at org.testng.internal.MethodInvocationHelper.invokeMethod(MethodInvocationHelper.java:124)
<br />&nbsp;&nbsp;&nbsp;&nbsp;	at org.testng.internal.Invoker.invokeMethod(Invoker.java:571)
<br />&nbsp;&nbsp;&nbsp;&nbsp;	at org.testng.internal.Invoker.invokeTestMethod(Invoker.java:707)
<br />&nbsp;&nbsp;&nbsp;&nbsp;	at org.testng.internal.Invoker.invokeTestMethods(Invoker.java:979)
<br />&nbsp;&nbsp;&nbsp;&nbsp;	at org.testng.internal.TestMethodWorker.invokeTestMethods(TestMethodWorker.java:125)
<br />&nbsp;&nbsp;&nbsp;&nbsp;	at org.testng.internal.TestMethodWorker.run(TestMethodWorker.java:109)
<br />&nbsp;&nbsp;&nbsp;&nbsp;	at org.testng.TestRunner.privateRun(TestRunner.java:648)
<br />&nbsp;&nbsp;&nbsp;&nbsp;	at org.testng.TestRunner.run(TestRunner.java:505)
<br />&nbsp;&nbsp;&nbsp;&nbsp;	at org.testng.SuiteRunner.runTest(SuiteRunner.java:455)
<br />&nbsp;&nbsp;&nbsp;&nbsp;	at org.testng.SuiteRunner.runSequentially(SuiteRunner.java:450)
<br />&nbsp;&nbsp;&nbsp;&nbsp;	at org.testng.SuiteRunner.privateRun(SuiteRunner.java:415)
<br />&nbsp;&nbsp;&nbsp;&nbsp;	at org.testng.SuiteRunner.run(SuiteRunner.java:364)
<br />&nbsp;&nbsp;&nbsp;&nbsp;	at org.testng.SuiteRunnerWorker.runSuite(SuiteRunnerWorker.java:52)
<br />&nbsp;&nbsp;&nbsp;&nbsp;	at org.testng.SuiteRunnerWorker.run(SuiteRunnerWorker.java:84)
<br />&nbsp;&nbsp;&nbsp;&nbsp;	at org.testng.TestNG.runSuitesSequentially(TestNG.java:1187)
<br />&nbsp;&nbsp;&nbsp;&nbsp;	at org.testng.TestNG.runSuitesLocally(TestNG.java:1116)
<br />&nbsp;&nbsp;&nbsp;&nbsp;	at org.testng.TestNG.runSuites(TestNG.java:1028)
<br />&nbsp;&nbsp;&nbsp;&nbsp;	at org.testng.TestNG.run(TestNG.java:996)
<br />&nbsp;&nbsp;&nbsp;&nbsp;	at org.testng.remote.AbstractRemoteTestNG.run(AbstractRemoteTestNG.java:115)
<br />&nbsp;&nbsp;&nbsp;&nbsp;	at org.testng.remote.RemoteTestNG.initAndRun(RemoteTestNG.java:251)
<br />&nbsp;&nbsp;&nbsp;&nbsp;	at org.testng.remote.RemoteTestNG.main(RemoteTestNG.java:77)
</td></tr>

<tr>
<td>30-01-2022 15:28:49,0568</td>
<td title="main thread">main</td>
<td title="Level"><font color="#339933">DEBUG</font></td>
<td title="suites.appsuites.CashBackSuite logger">suites.appsuites.CashBackSuite</td>
<td>Login.java:94</td>
<td title="Message">Amazon login successful</td>
</tr>

<tr>
<td>30-01-2022 15:28:50,0821</td>
<td title="main thread">main</td>
<td title="Level"><font color="#339933">DEBUG</font></td>
<td title="suites.appsuites.CashBackSuite logger">suites.appsuites.CashBackSuite</td>
<td>CommonActions.java:161</td>
<td title="Message">URL: https://rzp.io/i/FLp7ZTbNV is launched</td>
</tr>

<tr>
<td>30-01-2022 15:28:50,0825</td>
<td title="main thread">main</td>
<td title="Level"><font color="#339933">DEBUG</font></td>
<td title="suites.appsuites.CashBackSuite logger">suites.appsuites.CashBackSuite</td>
<td>CommonActions.java:241</td>
<td title="Message">Wait For Page Load Status - complete</td>
</tr>

<tr>
<td>30-01-2022 15:28:50,0871</td>
<td title="main thread">main</td>
<td title="Level"><font color="#993300"><strong>ERROR</strong></font></td>
<td title="suites.appsuites.CashBackSuite logger">suites.appsuites.CashBackSuite</td>
<td>RazorPay.java:46</td>
<td title="Message">Payment completed for url - https://rzp.io/i/FLp7ZTbNV. Please enter another URL</td>
</tr>

<tr>
<td>30-01-2022 15:28:50,0873</td>
<td title="main thread">main</td>
<td title="Level"><font color="#339933">DEBUG</font></td>
<td title="suites.appsuites.CashBackSuite logger">suites.appsuites.CashBackSuite</td>
<td>CommonActions.java:604</td>
<td title="Message">Switched to default content</td>
</tr>

<tr>
<td>30-01-2022 15:28:50,0900</td>
<td title="main thread">main</td>
<td title="Level"><font color="#339933">DEBUG</font></td>
<td title="suites.appsuites.CashBackSuite logger">suites.appsuites.CashBackSuite</td>
<td>CommonActions.java:494</td>
<td title="Message">Window closed with id - CDwindow-4CBC6639401CAEFC6AD3E2AD1382A2FD</td>
</tr>

<tr>
<td>30-01-2022 15:28:50,0907</td>
<td title="main thread">main</td>
<td title="Level"><font color="#339933">DEBUG</font></td>
<td title="suites.appsuites.CashBackSuite logger">suites.appsuites.CashBackSuite</td>
<td>CommonActions.java:268</td>
<td title="Message">Switched to given window for handle - CDwindow-E0709854D11C794FB9F8E668998C8247</td>
</tr>

<tr>
<td>30-01-2022 15:28:50,0907</td>
<td title="main thread">main</td>
<td title="Level"><font color="#339933">DEBUG</font></td>
<td title="suites.appsuites.CashBackSuite logger">suites.appsuites.CashBackSuite</td>
<td>CommonActions.java:500</td>
<td title="Message">Switched to given window</td>
</tr>

<tr>
<td>30-01-2022 15:28:52,0047</td>
<td title="main thread">main</td>
<td title="Level"><font color="#339933">DEBUG</font></td>
<td title="suites.appsuites.CashBackSuite logger">suites.appsuites.CashBackSuite</td>
<td>CommonActions.java:161</td>
<td title="Message">URL: https://www.amazon.in/gp/flex/sign-out.html?path=%2Fgp%2Fyourstore%2Fhome&amp;useRedirectOnSuccess=1&amp;signIn=1&amp;action=sign-out&amp;ref_=nav_AccountFlyout_signout is launched</td>
</tr>

<tr>
<td>30-01-2022 15:28:52,0071</td>
<td title="main thread">main</td>
<td title="Level"><font color="#339933">DEBUG</font></td>
<td title="suites.appsuites.CashBackSuite logger">suites.appsuites.CashBackSuite</td>
<td>CommonActions.java:241</td>
<td title="Message">Wait For Page Load Status - complete</td>
</tr>

<tr>
<td>30-01-2022 15:28:52,0092</td>
<td title="main thread">main</td>
<td title="Level"><font color="#339933">DEBUG</font></td>
<td title="suites.appsuites.CashBackSuite logger">suites.appsuites.CashBackSuite</td>
<td>CommonFunctions.java:30</td>
<td title="Message">Logged out successfully</td>
</tr>

<tr>
<td>30-01-2022 15:28:52,0101</td>
<td title="main thread">main</td>
<td title="Level"><font color="#339933">DEBUG</font></td>
<td title="suites.appsuites.CashBackSuite logger">suites.appsuites.CashBackSuite</td>
<td>CommonActions.java:546</td>
<td title="Message">Writing in text file is completed successfully at path - ./status/cashback_30_January_2022.html</td>
</tr>

<tr>
<td>30-01-2022 15:28:52,0115</td>
<td title="main thread">main</td>
<td title="Level"><font color="#339933">DEBUG</font></td>
<td title="suites.appsuites.CashBackSuite logger">suites.appsuites.CashBackSuite</td>
<td>Setup.java:45</td>
<td title="Message">Terminating the driver session</td>
</tr>

<tr>
<td>30-01-2022 15:28:52,0120</td>
<td title="AsyncHttpClient-1-4 thread">AsyncHttpClient-1-4</td>
<td title="Level">TRACE</td>
<td title="io.netty.handler.codec.http.websocketx.WebSocket08FrameEncoder logger">io.netty.handler.codec.http.websocketx.WebSocket08FrameEncoder</td>
<td>WebSocket08FrameEncoder.java:131</td>
<td title="Message">Encoding WebSocket Frame opCode=8 length=26</td>
</tr>
</table>
<br>
</body></html>
